#
# A fatal error has been detected by the Java Runtime Environment:
#
#  SIGSEGV (0xb) at pc=0x00007fff926e70dd, pid=984, tid=1811
#
# JRE version: Java(TM) SE Runtime Environment (8.0_65-b17) (build 1.8.0_65-b17)
# Java VM: Java HotSpot(TM) 64-Bit Server VM (25.65-b01 mixed mode bsd-amd64 compressed oops)
# Problematic frame:
# C  [libobjc.A.dylib+0x10dd]  objc_msgSend+0x1d
#
# Failed to write core dump. Core dumps have been disabled. To enable core dumping, try "ulimit -c unlimited" before starting Java again
#
# If you would like to submit a bug report, please visit:
#   http://bugreport.java.com/bugreport/crash.jsp
# The crash happened outside the Java Virtual Machine in native code.
# See problematic frame for where to report the bug.
#

---------------  T H R E A D  ---------------

Current thread (0x00007f9b1d16e000):  JavaThread "AWT-AppKit" daemon [_thread_in_native, id=1811, stack(0x00007fff57e75000,0x00007fff58675000)]

siginfo: si_signo: 11 (SIGSEGV), si_code: 1 (SEGV_MAPERR), si_addr: 0x0000000000000018

Registers:
RAX=0x00007f9b1f9acd90, RBX=0x000000017329c450, RCX=0x00000001237d9a20, RDX=0x00000001298d8760
RSP=0x00007fff586704e8, RBP=0x00007fff586705a0, RSI=0x00007fff93eb940f, RDI=0x00007f9b1f8b05e0
R8 =0x0000000000000000, R9 =0x0000000000000f50, R10=0x00007fff93eb940f, R11=0x0000000000000000
R12=0x0000000000000000, R13=0x0000000177070ef0, R14=0x000000017329c440, R15=0x00007f9b1d16e000
RIP=0x00007fff926e70dd, EFLAGS=0x0000000000010246, ERR=0x0000000000000004
  TRAPNO=0x000000000000000e

Top of Stack: (sp=0x00007fff586704e8)
0x00007fff586704e8:   000000017329a157 00007fff58670540
0x00007fff586704f8:   0000000000000003 00007fff58670520
0x00007fff58670508:   00000001081f19a6 0000000177070ef0
0x00007fff58670518:   0000000177070ef0 00007f9b1f9acd90
0x00007fff58670528:   000000017329c6a0 000000017329c710
0x00007fff58670538:   00007fff75a9a550 00007fff7659dc80
0x00007fff58670548:   000000017329c450 000000017329c690
0x00007fff58670558:   00007f9b1f9acd90 00007f9b1f8b05e0
0x00007fff58670568:   00007f9b1f972e60 00007f9b1f9acd90
0x00007fff58670578:   00007f9b1f8b05e0 00007fff58670628
0x00007fff58670588:   00007f9b1d16e1f8 0000000177070ef0
0x00007fff58670598:   00007fff58670650 00007fff58670618
0x00007fff586705a8:   0000000108f9e954 0000000177070ef0
0x00007fff586705b8:   00007fff58670650 00007fff58670618
0x00007fff586705c8:   0000000108f9e6e7 0000000108f9e6a2
0x00007fff586705d8:   00007fff586705d8 0000000177070ef0
0x00007fff586705e8:   00007fff58670650 0000000177073b28
0x00007fff586705f8:   0000000000000000 0000000177070ef0
0x00007fff58670608:   0000000000000000 00007fff58670638
0x00007fff58670618:   00007fff58670698 0000000108f90c4d
0x00007fff58670628:   000000074034eb38 0000000108f98578
0x00007fff58670638:   00007f9b1f9acd90 00007fff58670698
0x00007fff58670648:   00007f9b1f8b05e0 0000000108f99d82
0x00007fff58670658:   00007fff58670658 00000001770710ba
0x00007fff58670668:   00007fff586706c0 0000000177073b28
0x00007fff58670678:   0000000000000000 00000001770710c8
0x00007fff58670688:   00007fff58670638 00007fff586706a8
0x00007fff58670698:   00007fff58670708 0000000108f90c4d
0x00007fff586706a8:   00007f9b1f9acd90 00000007400288a0
0x00007fff586706b8:   00007f9b1f8b05e0 00000007400288a0
0x00007fff586706c8:   00007fff586706c8 000000017ac77856
0x00007fff586706d8:   00007fff58670718 000000017ac77910 

Instructions: (pc=0x00007fff926e70dd)
0x00007fff926e70bd:   00 00 00 48 85 ff 2e 74 7a 40 f6 c7 01 2e 75 7e
0x00007fff926e70cd:   49 bb f8 ff ff ff ff 7f 00 00 4c 23 1f 49 89 f2
0x00007fff926e70dd:   45 23 53 18 49 c1 e2 04 4d 03 53 10 49 3b 32 75
0x00007fff926e70ed:   04 41 ff 62 08 49 83 3a 00 74 6a 4d 3b 53 10 74 

Register to memory mapping:

RAX=0x00007f9b1f9acd90 is an unknown value
RBX=0x000000017329c450: Java_jogamp_nativewindow_macosx_OSXUtil_GetScreenRefreshRate0+0x1cf0 in /private/var/folders/z_/6m0rqdfj6q5b2xv6frylmxs00000gn/T/jogamp_0000/file_cache/jln4666276330306165665/jln4520772101922034163/libnativewindow_macosx.jnilib at 0x0000000173295000
RCX=0x00000001237d9a20 is an unknown value
RDX=0x00000001298d8760 is an unknown value
RSP=0x00007fff586704e8 is pointing into the stack for thread: 0x00007f9b1d16e000
RBP=0x00007fff586705a0 is pointing into the stack for thread: 0x00007f9b1d16e000
RSI=0x00007fff93eb940f is an unknown value
RDI=0x00007f9b1f8b05e0 is an unknown value
R8 =0x0000000000000000 is an unknown value
R9 =0x0000000000000f50 is an unknown value
R10=0x00007fff93eb940f is an unknown value
R11=0x0000000000000000 is an unknown value
R12=0x0000000000000000 is an unknown value
R13={method} {0x0000000177070ef0} 'UnsetJAWTRootSurfaceLayer0' '(JJ)V' in 'jogamp/nativewindow/jawt/macosx/MacOSXJAWTWindow'
R14=0x000000017329c440: Java_jogamp_nativewindow_macosx_OSXUtil_GetScreenRefreshRate0+0x1ce0 in /private/var/folders/z_/6m0rqdfj6q5b2xv6frylmxs00000gn/T/jogamp_0000/file_cache/jln4666276330306165665/jln4520772101922034163/libnativewindow_macosx.jnilib at 0x0000000173295000
R15=0x00007f9b1d16e000 is a thread


Stack: [0x00007fff57e75000,0x00007fff58675000],  sp=0x00007fff586704e8,  free space=8173k
Native frames: (J=compiled Java code, j=interpreted, Vv=VM code, C=native code)
C  [libobjc.A.dylib+0x10dd]  objc_msgSend+0x1d
j  jogamp.nativewindow.jawt.macosx.MacOSXJAWTWindow.UnsetJAWTRootSurfaceLayer0(JJ)V+0
j  jogamp.nativewindow.jawt.macosx.MacOSXJAWTWindow.access$200(JJ)V+2
j  jogamp.nativewindow.jawt.macosx.MacOSXJAWTWindow$1.run()V+38
J 1782 C1 com.jogamp.common.util.RunnableTask.run()V (345 bytes) @ 0x0000000109683094 [0x0000000109682f00+0x194]
v  ~StubRoutines::call_stub
V  [libjvm.dylib+0x2eab02]  JavaCalls::call_helper(JavaValue*, methodHandle*, JavaCallArguments*, Thread*)+0x6ae
V  [libjvm.dylib+0x321bab]  jni_invoke_nonstatic(JNIEnv_*, JavaValue*, _jobject*, JNICallType, _jmethodID*, JNI_ArgumentPusher*, Thread*)+0x2ec
V  [libjvm.dylib+0x31437f]  jni_CallVoidMethod+0x16b
C  [libnativewindow_macosx.jnilib+0x5326]  Java_jogamp_nativewindow_jawt_macosx_MacOSXJAWTWindow_UnsetJAWTRootSurfaceLayer0+0x2b6
C  [Foundation+0x92dd0]  __NSThreadPerformPerform+0x125
C  [CoreFoundation+0x80a01]  __CFRUNLOOP_IS_CALLING_OUT_TO_A_SOURCE0_PERFORM_FUNCTION__+0x11
C  [CoreFoundation+0x72c5c]  __CFRunLoopDoSources0+0x1dc
C  [CoreFoundation+0x721bf]  __CFRunLoopRun+0x39f
C  [CoreFoundation+0x71bd8]  CFRunLoopRunSpecific+0x128
C  [HIToolbox+0x3256f]  RunCurrentEventLoopInMode+0xeb
C  [HIToolbox+0x321ee]  ReceiveNextEventCommon+0xb3
C  [HIToolbox+0x3212b]  _BlockUntilNextEventMatchingListInModeWithFilter+0x47
C  [AppKit+0x918ab]  _DPSNextEvent+0x3d2
C  [AppKit+0x90e58]  -[NSApplication nextEventMatchingMask:untilDate:inMode:dequeue:]+0x15a
C  [libosxapp.dylib+0x23aa]  -[NSApplicationAWT nextEventMatchingMask:untilDate:inMode:dequeue:]+0x7c
C  [AppKit+0x86af3]  -[NSApplication run]+0x252
C  [libosxapp.dylib+0x214d]  +[NSApplicationAWT runAWTLoopWithApp:]+0x9c
C  [libawt_lwawt.dylib+0x44517]  -[AWTStarter starter:]+0x389
C  [Foundation+0x92dd0]  __NSThreadPerformPerform+0x125
C  [CoreFoundation+0x80a01]  __CFRUNLOOP_IS_CALLING_OUT_TO_A_SOURCE0_PERFORM_FUNCTION__+0x11
C  [CoreFoundation+0x72b8d]  __CFRunLoopDoSources0+0x10d
C  [CoreFoundation+0x721bf]  __CFRunLoopRun+0x39f
C  [CoreFoundation+0x71bd8]  CFRunLoopRunSpecific+0x128
C  [java+0x6463]  CreateExecutionEnvironment+0x367
C  [java+0x21ac]  JLI_Launch+0x7a0
C  [java+0x84c0]  main+0x65
C  [java+0x1a04]  start+0x34
C  0x0000000000000007

Java frames: (J=compiled Java code, j=interpreted, Vv=VM code)
j  jogamp.nativewindow.jawt.macosx.MacOSXJAWTWindow.UnsetJAWTRootSurfaceLayer0(JJ)V+0
j  jogamp.nativewindow.jawt.macosx.MacOSXJAWTWindow.access$200(JJ)V+2
j  jogamp.nativewindow.jawt.macosx.MacOSXJAWTWindow$1.run()V+38
J 1782 C1 com.jogamp.common.util.RunnableTask.run()V (345 bytes) @ 0x0000000109683094 [0x0000000109682f00+0x194]
v  ~StubRoutines::call_stub

---------------  P R O C E S S  ---------------

Java Threads: ( => current thread )
  0x00007f9b0d8f8800 JavaThread "Thread-20" [_thread_blocked, id=12047, stack(0x000000017c7e9000,0x000000017c8e9000)]
  0x00007f9b1c967800 JavaThread "AWT-EventQueue-1" [_thread_in_native, id=61227, stack(0x0000000173c52000,0x0000000173d52000)]
  0x00007f9b1c964000 JavaThread "DestroyJavaVM" [_thread_blocked, id=4867, stack(0x00000001076a2000,0x00000001077a2000)]
  0x00007f9b1c218000 JavaThread "AWT-EventQueue-0" [_thread_blocked, id=54019, stack(0x00000001277dc000,0x00000001278dc000)]
  0x00007f9b1b919800 JavaThread "Java2D Disposer" daemon [_thread_blocked, id=51235, stack(0x00000001265d8000,0x00000001266d8000)]
  0x00007f9b1c1dc800 JavaThread "Java2D Queue Flusher" daemon [_thread_blocked, id=48655, stack(0x00000001255c3000,0x00000001256c3000)]
  0x00007f9b1c863000 JavaThread "AWT-Shutdown" [_thread_blocked, id=28179, stack(0x0000000122806000,0x0000000122906000)]
=>0x00007f9b1d16e000 JavaThread "AWT-AppKit" daemon [_thread_in_native, id=1811, stack(0x00007fff57e75000,0x00007fff58675000)]
  0x00007f9b1d003800 JavaThread "Service Thread" daemon [_thread_blocked, id=18179, stack(0x0000000120d26000,0x0000000120e26000)]
  0x00007f9b1c03d800 JavaThread "C1 CompilerThread2" daemon [_thread_blocked, id=17667, stack(0x0000000120c23000,0x0000000120d23000)]
  0x00007f9b1c03c800 JavaThread "C2 CompilerThread1" daemon [_thread_blocked, id=17155, stack(0x0000000120b20000,0x0000000120c20000)]
  0x00007f9b1c036000 JavaThread "C2 CompilerThread0" daemon [_thread_blocked, id=16643, stack(0x0000000120a1d000,0x0000000120b1d000)]
  0x00007f9b1c038000 JavaThread "Signal Dispatcher" daemon [_thread_blocked, id=13335, stack(0x000000012091a000,0x0000000120a1a000)]
  0x00007f9b1b837000 JavaThread "Finalizer" daemon [_thread_blocked, id=11523, stack(0x000000011eefe000,0x000000011effe000)]
  0x00007f9b1b836000 JavaThread "Reference Handler" daemon [_thread_blocked, id=11011, stack(0x000000011edfb000,0x000000011eefb000)]

Other Threads:
  0x00007f9b1b833800 VMThread [stack: 0x000000011ecf8000,0x000000011edf8000] [id=10499]
  0x00007f9b1c034800 WatcherThread [stack: 0x0000000120e29000,0x0000000120f29000] [id=18691]

VM state:not at safepoint (normal execution)

VM Mutex/Monitor currently owned by a thread: None

Heap:
 PSYoungGen      total 66560K, used 14286K [0x0000000795580000, 0x000000079a500000, 0x00000007c0000000)
  eden space 53760K, 17% used [0x0000000795580000,0x0000000795e738f8,0x0000000798a00000)
  from space 12800K, 40% used [0x0000000799880000,0x0000000799d80090,0x000000079a500000)
  to   space 13824K, 0% used [0x0000000798a00000,0x0000000798a00000,0x0000000799780000)
 ParOldGen       total 84480K, used 21551K [0x0000000740000000, 0x0000000745280000, 0x0000000795580000)
  object space 84480K, 25% used [0x0000000740000000,0x000000074150be58,0x0000000745280000)
 Metaspace       used 25370K, capacity 25565K, committed 25856K, reserved 1073152K
  class space    used 1968K, capacity 2046K, committed 2048K, reserved 1048576K

Card table byte_map: [0x0000000118349000,0x000000011874a000] byte_map_base: 0x0000000114949000

Marking Bits: (ParMarkBitMap*) 0x00000001088dee20
 Begin Bits: [0x0000000118e01000, 0x000000011ae01000)
 End Bits:   [0x000000011ae01000, 0x000000011ce01000)

Polling page: 0x00000001077e7000

CodeCache: size=245760Kb used=8857Kb max_used=9297Kb free=236902Kb
 bounds [0x0000000108f89000, 0x00000001098a9000, 0x0000000117f89000]
 total_blobs=3051 nmethods=2168 adapters=797
 compilation: enabled

Compilation events (10 events):
Event: 71.452 Thread 0x00007f9b1c03d800 2305       3       java.awt.event.ComponentEvent::<init> (7 bytes)
Event: 71.452 Thread 0x00007f9b1c03d800 nmethod 2305 0x000000010935c810 code [0x000000010935c980, 0x000000010935cb08]
Event: 71.452 Thread 0x00007f9b1c03d800 2308       3       sun.java2d.pipe.RenderBuffer::putFloat (26 bytes)
Event: 71.452 Thread 0x00007f9b1c03d800 nmethod 2308 0x0000000109319950 code [0x0000000109319ac0, 0x0000000109319c50]
Event: 71.452 Thread 0x00007f9b1c03d800 2306       1       sun.java2d.SurfaceData::isValid (5 bytes)
Event: 71.453 Thread 0x00007f9b1c03d800 nmethod 2306 0x00000001092c60d0 code [0x00000001092c6220, 0x00000001092c6330]
Event: 71.453 Thread 0x00007f9b1c03d800 2307       3       java.awt.EventQueue$4::run (5 bytes)
Event: 71.453 Thread 0x00007f9b1c03d800 nmethod 2307 0x00000001094c4950 code [0x00000001094c4b40, 0x00000001094c51f8]
Event: 71.472 Thread 0x00007f9b1c03d800 2309       1       java.awt.Component::getTreeLock (4 bytes)
Event: 71.472 Thread 0x00007f9b1c03d800 nmethod 2309 0x000000010931a510 code [0x000000010931a660, 0x000000010931a770]

GC Heap History (10 events):
Event: 8.149 GC heap before
{Heap before GC invocations=5 (full 1):
 PSYoungGen      total 38400K, used 38396K [0x0000000795580000, 0x0000000798880000, 0x00000007c0000000)
  eden space 33280K, 100% used [0x0000000795580000,0x0000000797600000,0x0000000797600000)
  from space 5120K, 99% used [0x0000000797600000,0x0000000797aff1f8,0x0000000797b00000)
  to   space 5120K, 0% used [0x0000000798380000,0x0000000798380000,0x0000000798880000)
 ParOldGen       total 84480K, used 17247K [0x0000000740000000, 0x0000000745280000, 0x0000000795580000)
  object space 84480K, 20% used [0x0000000740000000,0x00000007410d7f38,0x0000000745280000)
 Metaspace       used 25092K, capacity 25277K, committed 25600K, reserved 1073152K
  class space    used 1960K, capacity 2014K, committed 2048K, reserved 1048576K
Event: 8.155 GC heap after
Heap after GC invocations=5 (full 1):
 PSYoungGen      total 46080K, used 5118K [0x0000000795580000, 0x0000000798880000, 0x00000007c0000000)
  eden space 40960K, 0% used [0x0000000795580000,0x0000000795580000,0x0000000797d80000)
  from space 5120K, 99% used [0x0000000798380000,0x000000079887fab0,0x0000000798880000)
  to   space 5120K, 0% used [0x0000000797e80000,0x0000000797e80000,0x0000000798380000)
 ParOldGen       total 84480K, used 20333K [0x0000000740000000, 0x0000000745280000, 0x0000000795580000)
  object space 84480K, 24% used [0x0000000740000000,0x00000007413db478,0x0000000745280000)
 Metaspace       used 25092K, capacity 25277K, committed 25600K, reserved 1073152K
  class space    used 1960K, capacity 2014K, committed 2048K, reserved 1048576K
}
Event: 17.398 GC heap before
{Heap before GC invocations=6 (full 1):
 PSYoungGen      total 46080K, used 46078K [0x0000000795580000, 0x0000000798880000, 0x00000007c0000000)
  eden space 40960K, 100% used [0x0000000795580000,0x0000000797d80000,0x0000000797d80000)
  from space 5120K, 99% used [0x0000000798380000,0x000000079887fab0,0x0000000798880000)
  to   space 5120K, 0% used [0x0000000797e80000,0x0000000797e80000,0x0000000798380000)
 ParOldGen       total 84480K, used 20333K [0x0000000740000000, 0x0000000745280000, 0x0000000795580000)
  object space 84480K, 24% used [0x0000000740000000,0x00000007413db478,0x0000000745280000)
 Metaspace       used 25327K, capacity 25533K, committed 25856K, reserved 1073152K
  class space    used 1960K, capacity 2014K, committed 2048K, reserved 1048576K
Event: 17.405 GC heap after
Heap after GC invocations=6 (full 1):
 PSYoungGen      total 47104K, used 5088K [0x0000000795580000, 0x000000079a100000, 0x00000007c0000000)
  eden space 41984K, 0% used [0x0000000795580000,0x0000000795580000,0x0000000797e80000)
  from space 5120K, 99% used [0x0000000797e80000,0x0000000798378090,0x0000000798380000)
  to   space 14336K, 0% used [0x0000000799300000,0x0000000799300000,0x000000079a100000)
 ParOldGen       total 84480K, used 21527K [0x0000000740000000, 0x0000000745280000, 0x0000000795580000)
  object space 84480K, 25% used [0x0000000740000000,0x0000000741505e58,0x0000000745280000)
 Metaspace       used 25327K, capacity 25533K, committed 25856K, reserved 1073152K
  class space    used 1960K, capacity 2014K, committed 2048K, reserved 1048576K
}
Event: 30.821 GC heap before
{Heap before GC invocations=7 (full 1):
 PSYoungGen      total 47104K, used 47072K [0x0000000795580000, 0x000000079a100000, 0x00000007c0000000)
  eden space 41984K, 100% used [0x0000000795580000,0x0000000797e80000,0x0000000797e80000)
  from space 5120K, 99% used [0x0000000797e80000,0x0000000798378090,0x0000000798380000)
  to   space 14336K, 0% used [0x0000000799300000,0x0000000799300000,0x000000079a100000)
 ParOldGen       total 84480K, used 21527K [0x0000000740000000, 0x0000000745280000, 0x0000000795580000)
  object space 84480K, 25% used [0x0000000740000000,0x0000000741505e58,0x0000000745280000)
 Metaspace       used 25330K, capacity 25533K, committed 25856K, reserved 1073152K
  class space    used 1960K, capacity 2014K, committed 2048K, reserved 1048576K
Event: 30.832 GC heap after
Heap after GC invocations=7 (full 1):
 PSYoungGen      total 62976K, used 5152K [0x0000000795580000, 0x000000079a100000, 0x00000007c0000000)
  eden space 48640K, 0% used [0x0000000795580000,0x0000000795580000,0x0000000798500000)
  from space 14336K, 35% used [0x0000000799300000,0x0000000799808090,0x000000079a100000)
  to   space 14336K, 0% used [0x0000000798500000,0x0000000798500000,0x0000000799300000)
 ParOldGen       total 84480K, used 21535K [0x0000000740000000, 0x0000000745280000, 0x0000000795580000)
  object space 84480K, 25% used [0x0000000740000000,0x0000000741507e58,0x0000000745280000)
 Metaspace       used 25330K, capacity 25533K, committed 25856K, reserved 1073152K
  class space    used 1960K, capacity 2014K, committed 2048K, reserved 1048576K
}
Event: 46.895 GC heap before
{Heap before GC invocations=8 (full 1):
 PSYoungGen      total 62976K, used 53792K [0x0000000795580000, 0x000000079a100000, 0x00000007c0000000)
  eden space 48640K, 100% used [0x0000000795580000,0x0000000798500000,0x0000000798500000)
  from space 14336K, 35% used [0x0000000799300000,0x0000000799808090,0x000000079a100000)
  to   space 14336K, 0% used [0x0000000798500000,0x0000000798500000,0x0000000799300000)
 ParOldGen       total 84480K, used 21535K [0x0000000740000000, 0x0000000745280000, 0x0000000795580000)
  object space 84480K, 25% used [0x0000000740000000,0x0000000741507e58,0x0000000745280000)
 Metaspace       used 25330K, capacity 25533K, committed 25856K, reserved 1073152K
  class space    used 1960K, capacity 2014K, committed 2048K, reserved 1048576K
Event: 46.904 GC heap after
Heap after GC invocations=8 (full 1):
 PSYoungGen      total 62976K, used 5088K [0x0000000795580000, 0x000000079a600000, 0x00000007c0000000)
  eden space 48640K, 0% used [0x0000000795580000,0x0000000795580000,0x0000000798500000)
  from space 14336K, 35% used [0x0000000798500000,0x00000007989f8090,0x0000000799300000)
  to   space 13824K, 0% used [0x0000000799880000,0x0000000799880000,0x000000079a600000)
 ParOldGen       total 84480K, used 21543K [0x0000000740000000, 0x0000000745280000, 0x0000000795580000)
  object space 84480K, 25% used [0x0000000740000000,0x0000000741509e58,0x0000000745280000)
 Metaspace       used 25330K, capacity 25533K, committed 25856K, reserved 1073152K
  class space    used 1960K, capacity 2014K, committed 2048K, reserved 1048576K
}
Event: 66.665 GC heap before
{Heap before GC invocations=9 (full 1):
 PSYoungGen      total 62976K, used 53728K [0x0000000795580000, 0x000000079a600000, 0x00000007c0000000)
  eden space 48640K, 100% used [0x0000000795580000,0x0000000798500000,0x0000000798500000)
  from space 14336K, 35% used [0x0000000798500000,0x00000007989f8090,0x0000000799300000)
  to   space 13824K, 0% used [0x0000000799880000,0x0000000799880000,0x000000079a600000)
 ParOldGen       total 84480K, used 21543K [0x0000000740000000, 0x0000000745280000, 0x0000000795580000)
  object space 84480K, 25% used [0x0000000740000000,0x0000000741509e58,0x0000000745280000)
 Metaspace       used 25331K, capacity 25533K, committed 25856K, reserved 1073152K
  class space    used 1960K, capacity 2014K, committed 2048K, reserved 1048576K
Event: 66.677 GC heap after
Heap after GC invocations=9 (full 1):
 PSYoungGen      total 66560K, used 5120K [0x0000000795580000, 0x000000079a500000, 0x00000007c0000000)
  eden space 53760K, 0% used [0x0000000795580000,0x0000000795580000,0x0000000798a00000)
  from space 12800K, 40% used [0x0000000799880000,0x0000000799d80090,0x000000079a500000)
  to   space 13824K, 0% used [0x0000000798a00000,0x0000000798a00000,0x0000000799780000)
 ParOldGen       total 84480K, used 21551K [0x0000000740000000, 0x0000000745280000, 0x0000000795580000)
  object space 84480K, 25% used [0x0000000740000000,0x000000074150be58,0x0000000745280000)
 Metaspace       used 25331K, capacity 25533K, committed 25856K, reserved 1073152K
  class space    used 1960K, capacity 2014K, committed 2048K, reserved 1048576K
}

Deoptimization events (10 events):
Event: 71.388 Thread 0x00007f9b1c218000 Uncommon trap: reason=unstable_if action=reinterpret pc=0x000000010984deac method=sun.java2d.SunGraphics2D.validateCompClip()V @ 9
Event: 71.388 Thread 0x00007f9b1c967800 Uncommon trap: reason=unstable_if action=reinterpret pc=0x00000001096c6628 method=com.jogamp.common.util.VersionNumber.compareTo(Lcom/jogamp/common/util/VersionNumber;)I @ 21
Event: 71.390 Thread 0x00007f9b1c967800 Uncommon trap: reason=unstable_if action=reinterpret pc=0x000000010982b744 method=java.awt.EventQueue.uncacheEQItem(Lsun/awt/EventQueueItem;)V @ 23
Event: 71.393 Thread 0x00007f9b1b96f800 Uncommon trap: reason=unstable_if action=reinterpret pc=0x00000001097ef034 method=java.security.AccessControlContext.combine([Ljava/security/ProtectionDomain;[Ljava/security/ProtectionDomain;)[Ljava/security/ProtectionDomain; @ 151
Event: 71.400 Thread 0x00007f9b1c218000 Uncommon trap: reason=unstable_if action=reinterpret pc=0x0000000109879d80 method=sun.java2d.pipe.Region.intersectsQuickCheck(Lsun/java2d/pipe/Region;)Z @ 41
Event: 71.450 Thread 0x00007f9b1b96f800 Uncommon trap: reason=unstable_if action=reinterpret pc=0x0000000109456424 method=java.util.HashMap.putVal(ILjava/lang/Object;Ljava/lang/Object;ZZ)Ljava/lang/Object; @ 81
Event: 71.450 Thread 0x00007f9b1b96f800 Uncommon trap: reason=unstable_if action=reinterpret pc=0x000000010946c37c method=java.util.HashMap.putVal(ILjava/lang/Object;Ljava/lang/Object;ZZ)Ljava/lang/Object; @ 81
Event: 71.470 Thread 0x00007f9b1c967800 Uncommon trap: reason=unstable_if action=reinterpret pc=0x000000010984d558 method=java.util.LinkedList$ListItr.<init>(Ljava/util/LinkedList;I)V @ 26
Event: 71.471 Thread 0x00007f9b1c967800 Uncommon trap: reason=unstable_if action=reinterpret pc=0x000000010975432c method=java.security.AccessControlContext.combine([Ljava/security/ProtectionDomain;[Ljava/security/ProtectionDomain;)[Ljava/security/ProtectionDomain; @ 151
Event: 71.473 Thread 0x00007f9b0d8f8800 Uncommon trap: reason=predicate action=maybe_recompile pc=0x0000000109818218 method=java.util.Vector.indexOf(Ljava/lang/Object;I)I @ 44

Internal exceptions (10 events):
Event: 0.192 Thread 0x00007f9b1c006000 Exception <a 'java/lang/NoSuchFieldError': method resolution failed> (0x0000000795837f70) thrown at [/Users/java_re/workspace/8-2-build-macosx-x86_64/jdk8u65/4987/hotspot/src/share/vm/prims/methodHandles.cpp, line 1146]
Event: 0.438 Thread 0x00007f9b1c006000 Exception <a 'java/io/FileNotFoundException'> (0x00000007958b3d88) thrown at [/Users/java_re/workspace/8-2-build-macosx-x86_64/jdk8u65/4987/hotspot/src/share/vm/prims/jni.cpp, line 709]
Event: 0.438 Thread 0x00007f9b1c006000 Exception <a 'java/io/FileNotFoundException'> (0x00000007958b4910) thrown at [/Users/java_re/workspace/8-2-build-macosx-x86_64/jdk8u65/4987/hotspot/src/share/vm/prims/jni.cpp, line 709]
Event: 0.577 Thread 0x00007f9b1c006000 Exception <a 'java/io/FileNotFoundException'> (0x00000007959efcf0) thrown at [/Users/java_re/workspace/8-2-build-macosx-x86_64/jdk8u65/4987/hotspot/src/share/vm/prims/jni.cpp, line 709]
Event: 2.366 Thread 0x00007f9b1d228800 Exception <a 'java/lang/UnsatisfiedLinkError': com.jogamp.common.util.JarUtil.fixNativeLibAttribs(Ljava/lang/String;)Z> (0x0000000796af8a90) thrown at [/Users/java_re/workspace/8-2-build-macosx-x86_64/jdk8u65/4987/hotspot/src/share/vm/prims/nativeLookup.c
Event: 2.725 Thread 0x00007f9b1b837000 Exception <a 'java/lang/NullPointerException'> (0x00000007956a6b50) thrown at [/Users/java_re/workspace/8-2-build-macosx-x86_64/jdk8u65/4987/hotspot/src/share/vm/interpreter/linkResolver.cpp, line 1178]
Event: 3.387 Thread 0x00007f9b1c967800 Exception <a 'java/io/FileNotFoundException'> (0x0000000795e7b968) thrown at [/Users/java_re/workspace/8-2-build-macosx-x86_64/jdk8u65/4987/hotspot/src/share/vm/prims/jni.cpp, line 709]
Event: 3.388 Thread 0x00007f9b1c967800 Exception <a 'java/io/FileNotFoundException'> (0x0000000795e81a70) thrown at [/Users/java_re/workspace/8-2-build-macosx-x86_64/jdk8u65/4987/hotspot/src/share/vm/prims/jni.cpp, line 709]
Event: 3.388 Thread 0x00007f9b1c967800 Implicit null exception at 0x000000010912e275 to 0x000000010912e5d9
Event: 3.547 Thread 0x00007f9b1c3b1800 Implicit null exception at 0x000000010912d935 to 0x000000010912dca5

Events (10 events):
Event: 71.471 loading class java/awt/event/AWTEventListenerProxy
Event: 71.471 loading class java/awt/event/AWTEventListenerProxy done
Event: 71.472 loading class java/awt/Toolkit$ToolkitEventMulticaster
Event: 71.472 loading class java/awt/Toolkit$ToolkitEventMulticaster done
Event: 71.472 Thread 0x00007f9b1b96f800 Thread exited: 0x00007f9b1b96f800
Event: 71.473 Thread 0x00007f9b0d8f8800 Uncommon trap: trap_request=0xffffff86 fr.pc=0x0000000109818218
Event: 71.473 Thread 0x00007f9b0d8f8800 DEOPT PACKING pc=0x0000000109818218 sp=0x000000017c8e8830
Event: 71.473 Thread 0x00007f9b0d8f8800 DEOPT UNPACKING pc=0x0000000108f8e229 sp=0x000000017c8e8748 mode 2
Event: 71.473 loading class java/awt/Window$1DisposeAction
Event: 71.473 loading class java/awt/Window$1DisposeAction done


Dynamic libraries:
0x00000000047f8000 	/System/Library/Frameworks/Cocoa.framework/Versions/A/Cocoa
0x00000000047f8000 	/System/Library/Frameworks/Security.framework/Versions/A/Security
0x00000000047f8000 	/System/Library/Frameworks/ApplicationServices.framework/Versions/A/ApplicationServices
0x00000000047f8000 	/usr/lib/libz.1.dylib
0x00000000047f8000 	/usr/lib/libSystem.B.dylib
0x00000000047f8000 	/usr/lib/libobjc.A.dylib
0x00000000047f8000 	/System/Library/Frameworks/CoreFoundation.framework/Versions/A/CoreFoundation
0x00000000047f8000 	/System/Library/Frameworks/Foundation.framework/Versions/C/Foundation
0x00000000047f8000 	/System/Library/Frameworks/AppKit.framework/Versions/C/AppKit
0x00000000047f8000 	/System/Library/Frameworks/CoreData.framework/Versions/A/CoreData
0x00000000047f8000 	/System/Library/PrivateFrameworks/RemoteViewServices.framework/Versions/A/RemoteViewServices
0x00000000047f8000 	/System/Library/PrivateFrameworks/UIFoundation.framework/Versions/A/UIFoundation
0x00000000047f8000 	/System/Library/Frameworks/IOSurface.framework/Versions/A/IOSurface
0x00000000047f8000 	/System/Library/Frameworks/AudioToolbox.framework/Versions/A/AudioToolbox
0x00000000047f8000 	/System/Library/Frameworks/AudioUnit.framework/Versions/A/AudioUnit
0x00000000047f8000 	/System/Library/PrivateFrameworks/DataDetectorsCore.framework/Versions/A/DataDetectorsCore
0x00000000047f8000 	/System/Library/PrivateFrameworks/DesktopServicesPriv.framework/Versions/A/DesktopServicesPriv
0x00000000047f8000 	/System/Library/Frameworks/Carbon.framework/Versions/A/Frameworks/HIToolbox.framework/Versions/A/HIToolbox
0x00000000047f8000 	/System/Library/Frameworks/QuartzCore.framework/Versions/A/QuartzCore
0x00000000047f8000 	/System/Library/Frameworks/Carbon.framework/Versions/A/Frameworks/SpeechRecognition.framework/Versions/A/SpeechRecognition
0x00000000047f8000 	/usr/lib/libauto.dylib
0x00000000047f8000 	/usr/lib/libicucore.A.dylib
0x00000000047f8000 	/usr/lib/libxml2.2.dylib
0x00000000047f8000 	/System/Library/PrivateFrameworks/CoreUI.framework/Versions/A/CoreUI
0x00000000047f8000 	/System/Library/Frameworks/CoreAudio.framework/Versions/A/CoreAudio
0x00000000047f8000 	/System/Library/Frameworks/DiskArbitration.framework/Versions/A/DiskArbitration
0x00000000047f8000 	/usr/lib/liblangid.dylib
0x00000000047f8000 	/System/Library/PrivateFrameworks/MultitouchSupport.framework/Versions/A/MultitouchSupport
0x00000000047f8000 	/System/Library/Frameworks/IOKit.framework/Versions/A/IOKit
0x00000000047f8000 	/usr/lib/libDiagnosticMessagesClient.dylib
0x00000000047f8000 	/System/Library/Frameworks/CoreServices.framework/Versions/A/CoreServices
0x00000000047f8000 	/System/Library/PrivateFrameworks/PerformanceAnalysis.framework/Versions/A/PerformanceAnalysis
0x00000000047f8000 	/System/Library/PrivateFrameworks/GenerationalStorage.framework/Versions/A/GenerationalStorage
0x00000000047f8000 	/System/Library/Frameworks/OpenGL.framework/Versions/A/OpenGL
0x00000000047f8000 	/System/Library/PrivateFrameworks/Sharing.framework/Versions/A/Sharing
0x00000000047f8000 	/System/Library/Frameworks/CoreGraphics.framework/Versions/A/CoreGraphics
0x00000000047f8000 	/System/Library/Frameworks/CoreText.framework/Versions/A/CoreText
0x00000000047f8000 	/System/Library/Frameworks/ImageIO.framework/Versions/A/ImageIO
0x00000000047f8000 	/usr/lib/libextension.dylib
0x00000000047f8000 	/System/Library/PrivateFrameworks/Backup.framework/Versions/A/Backup
0x00000000047f8000 	/usr/lib/libarchive.2.dylib
0x00000000047f8000 	/System/Library/Frameworks/CFNetwork.framework/Versions/A/CFNetwork
0x00000000047f8000 	/System/Library/Frameworks/SystemConfiguration.framework/Versions/A/SystemConfiguration
0x00000000047f8000 	/usr/lib/libCRFSuite.dylib
0x00000000047f8000 	/usr/lib/libc++.1.dylib
0x00000000047f8000 	/usr/lib/libc++abi.dylib
0x00000000047f8000 	/usr/lib/system/libcache.dylib
0x00000000047f8000 	/usr/lib/system/libcommonCrypto.dylib
0x00000000047f8000 	/usr/lib/system/libcompiler_rt.dylib
0x00000000047f8000 	/usr/lib/system/libcopyfile.dylib
0x00000000047f8000 	/usr/lib/system/libcorecrypto.dylib
0x00000000047f8000 	/usr/lib/system/libdispatch.dylib
0x00000000047f8000 	/usr/lib/system/libdyld.dylib
0x00000000047f8000 	/usr/lib/system/libkeymgr.dylib
0x00000000047f8000 	/usr/lib/system/liblaunch.dylib
0x00000000047f8000 	/usr/lib/system/libmacho.dylib
0x00000000047f8000 	/usr/lib/system/libquarantine.dylib
0x00000000047f8000 	/usr/lib/system/libremovefile.dylib
0x00000000047f8000 	/usr/lib/system/libsystem_asl.dylib
0x00000000047f8000 	/usr/lib/system/libsystem_blocks.dylib
0x00000000047f8000 	/usr/lib/system/libsystem_c.dylib
0x00000000047f8000 	/usr/lib/system/libsystem_configuration.dylib
0x00000000047f8000 	/usr/lib/system/libsystem_coreservices.dylib
0x00000000047f8000 	/usr/lib/system/libsystem_coretls.dylib
0x00000000047f8000 	/usr/lib/system/libsystem_dnssd.dylib
0x00000000047f8000 	/usr/lib/system/libsystem_info.dylib
0x00000000047f8000 	/usr/lib/system/libsystem_kernel.dylib
0x00000000047f8000 	/usr/lib/system/libsystem_m.dylib
0x00000000047f8000 	/usr/lib/system/libsystem_malloc.dylib
0x00000000047f8000 	/usr/lib/system/libsystem_network.dylib
0x00000000047f8000 	/usr/lib/system/libsystem_networkextension.dylib
0x00000000047f8000 	/usr/lib/system/libsystem_notify.dylib
0x00000000047f8000 	/usr/lib/system/libsystem_platform.dylib
0x00000000047f8000 	/usr/lib/system/libsystem_pthread.dylib
0x00000000047f8000 	/usr/lib/system/libsystem_sandbox.dylib
0x00000000047f8000 	/usr/lib/system/libsystem_secinit.dylib
0x00000000047f8000 	/usr/lib/system/libsystem_stats.dylib
0x00000000047f8000 	/usr/lib/system/libsystem_trace.dylib
0x00000000047f8000 	/usr/lib/system/libunc.dylib
0x00000000047f8000 	/usr/lib/system/libunwind.dylib
0x00000000047f8000 	/usr/lib/system/libxpc.dylib
0x00000000047f8000 	/usr/lib/libbz2.1.0.dylib
0x00000000047f8000 	/usr/lib/liblzma.5.dylib
0x00000000047f8000 	/usr/lib/libbsm.0.dylib
0x00000000047f8000 	/usr/lib/libsqlite3.dylib
0x00000000047f8000 	/usr/lib/system/libkxld.dylib
0x00000000047f8000 	/usr/lib/libxar.1.dylib
0x00000000047f8000 	/usr/lib/libpam.2.dylib
0x00000000047f8000 	/usr/lib/libOpenScriptingUtil.dylib
0x00000000047f8000 	/System/Library/Frameworks/CoreServices.framework/Versions/A/Frameworks/FSEvents.framework/Versions/A/FSEvents
0x00000000047f8000 	/System/Library/Frameworks/CoreServices.framework/Versions/A/Frameworks/CarbonCore.framework/Versions/A/CarbonCore
0x00000000047f8000 	/System/Library/Frameworks/CoreServices.framework/Versions/A/Frameworks/Metadata.framework/Versions/A/Metadata
0x00000000047f8000 	/System/Library/Frameworks/CoreServices.framework/Versions/A/Frameworks/OSServices.framework/Versions/A/OSServices
0x00000000047f8000 	/System/Library/Frameworks/CoreServices.framework/Versions/A/Frameworks/SearchKit.framework/Versions/A/SearchKit
0x00000000047f8000 	/System/Library/Frameworks/CoreServices.framework/Versions/A/Frameworks/AE.framework/Versions/A/AE
0x00000000047f8000 	/System/Library/Frameworks/CoreServices.framework/Versions/A/Frameworks/LaunchServices.framework/Versions/A/LaunchServices
0x00000000047f8000 	/System/Library/Frameworks/CoreServices.framework/Versions/A/Frameworks/DictionaryServices.framework/Versions/A/DictionaryServices
0x00000000047f8000 	/System/Library/Frameworks/NetFS.framework/Versions/A/NetFS
0x00000000047f8000 	/System/Library/PrivateFrameworks/NetAuth.framework/Versions/A/NetAuth
0x00000000047f8000 	/System/Library/PrivateFrameworks/login.framework/Versions/A/Frameworks/loginsupport.framework/Versions/A/loginsupport
0x00000000047f8000 	/System/Library/PrivateFrameworks/TCC.framework/Versions/A/TCC
0x00000000047f8000 	/usr/lib/libmecabra.dylib
0x00000000047f8000 	/System/Library/Frameworks/ApplicationServices.framework/Versions/A/Frameworks/ATS.framework/Versions/A/ATS
0x00000000047f8000 	/System/Library/Frameworks/ApplicationServices.framework/Versions/A/Frameworks/ColorSync.framework/Versions/A/ColorSync
0x00000000047f8000 	/System/Library/Frameworks/ApplicationServices.framework/Versions/A/Frameworks/HIServices.framework/Versions/A/HIServices
0x00000000047f8000 	/System/Library/Frameworks/ApplicationServices.framework/Versions/A/Frameworks/LangAnalysis.framework/Versions/A/LangAnalysis
0x00000000047f8000 	/System/Library/Frameworks/ApplicationServices.framework/Versions/A/Frameworks/PrintCore.framework/Versions/A/PrintCore
0x00000000047f8000 	/System/Library/Frameworks/ApplicationServices.framework/Versions/A/Frameworks/QD.framework/Versions/A/QD
0x00000000047f8000 	/System/Library/Frameworks/ApplicationServices.framework/Versions/A/Frameworks/SpeechSynthesis.framework/Versions/A/SpeechSynthesis
0x00000000047f8000 	/System/Library/Frameworks/Accelerate.framework/Versions/A/Accelerate
0x00000000047f8000 	/System/Library/Frameworks/Accelerate.framework/Versions/A/Frameworks/vImage.framework/Versions/A/vImage
0x00000000047f8000 	/System/Library/Frameworks/Accelerate.framework/Versions/A/Frameworks/vecLib.framework/Versions/A/vecLib
0x00000000047f8000 	/System/Library/Frameworks/Accelerate.framework/Versions/A/Frameworks/vecLib.framework/Versions/A/libvDSP.dylib
0x00000000047f8000 	/System/Library/Frameworks/Accelerate.framework/Versions/A/Frameworks/vecLib.framework/Versions/A/libvMisc.dylib
0x00000000047f8000 	/System/Library/Frameworks/Accelerate.framework/Versions/A/Frameworks/vecLib.framework/Versions/A/libLAPACK.dylib
0x00000000047f8000 	/System/Library/Frameworks/Accelerate.framework/Versions/A/Frameworks/vecLib.framework/Versions/A/libBLAS.dylib
0x00000000047f8000 	/System/Library/Frameworks/Accelerate.framework/Versions/A/Frameworks/vecLib.framework/Versions/A/libLinearAlgebra.dylib
0x00000000047f8000 	/System/Library/Frameworks/ApplicationServices.framework/Versions/A/Frameworks/ATS.framework/Versions/A/Resources/libFontParser.dylib
0x00000000047f8000 	/System/Library/Frameworks/ApplicationServices.framework/Versions/A/Frameworks/ATS.framework/Versions/A/Resources/libFontRegistry.dylib
0x00000000047f8000 	/System/Library/PrivateFrameworks/AppleVPA.framework/Versions/A/AppleVPA
0x00000000047f8000 	/System/Library/PrivateFrameworks/AppleJPEG.framework/Versions/A/AppleJPEG
0x00000000047f8000 	/System/Library/Frameworks/ImageIO.framework/Versions/A/Resources/libJPEG.dylib
0x00000000047f8000 	/System/Library/Frameworks/ImageIO.framework/Versions/A/Resources/libTIFF.dylib
0x00000000047f8000 	/System/Library/Frameworks/ImageIO.framework/Versions/A/Resources/libPng.dylib
0x00000000047f8000 	/System/Library/Frameworks/ImageIO.framework/Versions/A/Resources/libGIF.dylib
0x00000000047f8000 	/System/Library/Frameworks/ImageIO.framework/Versions/A/Resources/libJP2.dylib
0x00000000047f8000 	/System/Library/Frameworks/ImageIO.framework/Versions/A/Resources/libRadiance.dylib
0x00000000047f8000 	/System/Library/Frameworks/CoreVideo.framework/Versions/A/CoreVideo
0x00000000047f8000 	/System/Library/Frameworks/OpenGL.framework/Versions/A/Libraries/libGLU.dylib
0x00000000047f8000 	/System/Library/Frameworks/OpenGL.framework/Versions/A/Libraries/libGFXShared.dylib
0x00000000047f8000 	/System/Library/Frameworks/OpenGL.framework/Versions/A/Libraries/libGL.dylib
0x00000000047f8000 	/System/Library/Frameworks/OpenGL.framework/Versions/A/Libraries/libGLImage.dylib
0x00000000047f8000 	/System/Library/Frameworks/OpenGL.framework/Versions/A/Libraries/libCVMSPluginSupport.dylib
0x00000000047f8000 	/System/Library/Frameworks/OpenGL.framework/Versions/A/Libraries/libCoreVMClient.dylib
0x00000000047f8000 	/usr/lib/libcups.2.dylib
0x00000000047f8000 	/System/Library/Frameworks/Kerberos.framework/Versions/A/Kerberos
0x00000000047f8000 	/System/Library/Frameworks/GSS.framework/Versions/A/GSS
0x00000000047f8000 	/usr/lib/libresolv.9.dylib
0x00000000047f8000 	/usr/lib/libiconv.2.dylib
0x00000000047f8000 	/System/Library/PrivateFrameworks/Heimdal.framework/Versions/A/Heimdal
0x00000000047f8000 	/usr/lib/libheimdal-asn1.dylib
0x00000000047f8000 	/System/Library/Frameworks/OpenDirectory.framework/Versions/A/OpenDirectory
0x00000000047f8000 	/System/Library/PrivateFrameworks/CommonAuth.framework/Versions/A/CommonAuth
0x00000000047f8000 	/System/Library/Frameworks/OpenDirectory.framework/Versions/A/Frameworks/CFOpenDirectory.framework/Versions/A/CFOpenDirectory
0x00000000047f8000 	/System/Library/Frameworks/SecurityFoundation.framework/Versions/A/SecurityFoundation
0x00000000047f8000 	/System/Library/PrivateFrameworks/LanguageModeling.framework/Versions/A/LanguageModeling
0x00000000047f8000 	/usr/lib/libcmph.dylib
0x00000000047f8000 	/System/Library/Frameworks/ServiceManagement.framework/Versions/A/ServiceManagement
0x00000000047f8000 	/usr/lib/libxslt.1.dylib
0x00000000047f8000 	/System/Library/Frameworks/Carbon.framework/Versions/A/Frameworks/Ink.framework/Versions/A/Ink
0x00000000047f8000 	/System/Library/Frameworks/QuartzCore.framework/Versions/A/Frameworks/CoreImage.framework/Versions/A/CoreImage
0x00000000047f8000 	/System/Library/PrivateFrameworks/CrashReporterSupport.framework/Versions/A/CrashReporterSupport
0x00000000047f8000 	/System/Library/Frameworks/OpenCL.framework/Versions/A/OpenCL
0x00000000047f8000 	/System/Library/PrivateFrameworks/FaceCore.framework/Versions/A/FaceCore
0x00000000047f8000 	/System/Library/PrivateFrameworks/Ubiquity.framework/Versions/A/Ubiquity
0x00000000047f8000 	/System/Library/PrivateFrameworks/IconServices.framework/Versions/A/IconServices
0x00000000047f8000 	/System/Library/PrivateFrameworks/ChunkingLibrary.framework/Versions/A/ChunkingLibrary
0x00000000047f8000 	/System/Library/PrivateFrameworks/Apple80211.framework/Versions/A/Apple80211
0x00000000047f8000 	/System/Library/Frameworks/CoreWLAN.framework/Versions/A/CoreWLAN
0x00000000047f8000 	/System/Library/Frameworks/IOBluetooth.framework/Versions/A/IOBluetooth
0x00000000047f8000 	/System/Library/PrivateFrameworks/CoreWiFi.framework/Versions/A/CoreWiFi
0x00000000047f8000 	/System/Library/Frameworks/CoreBluetooth.framework/Versions/A/CoreBluetooth
0x00000000047f8000 	/System/Library/PrivateFrameworks/DebugSymbols.framework/Versions/A/DebugSymbols
0x00000000047f8000 	/System/Library/PrivateFrameworks/CoreSymbolication.framework/Versions/A/CoreSymbolication
0x00000000047f8000 	/System/Library/PrivateFrameworks/Symbolication.framework/Versions/A/Symbolication
0x00000000047f8000 	/System/Library/PrivateFrameworks/SpeechRecognitionCore.framework/Versions/A/SpeechRecognitionCore
0x0000000108000000 	/Library/Java/JavaVirtualMachines/jdk1.8.0_65.jdk/Contents/Home/jre/lib/server/libjvm.dylib
0x00000000047f8000 	/usr/lib/libstdc++.6.dylib
0x00000001077a4000 	/Library/Java/JavaVirtualMachines/jdk1.8.0_65.jdk/Contents/Home/jre/lib/libverify.dylib
0x00000001077b2000 	/Library/Java/JavaVirtualMachines/jdk1.8.0_65.jdk/Contents/Home/jre/lib/libjava.dylib
0x00000001077f1000 	/Library/Java/JavaVirtualMachines/jdk1.8.0_65.jdk/Contents/Home/jre/lib/libzip.dylib
0x000000011f000000 	/System/Library/Frameworks/JavaVM.framework/Frameworks/JavaRuntimeSupport.framework/JavaRuntimeSupport
0x000000011f016000 	/System/Library/Frameworks/JavaVM.framework/Versions/A/Frameworks/JavaNativeFoundation.framework/Versions/A/JavaNativeFoundation
0x000000011f02a000 	/System/Library/Frameworks/JavaVM.framework/Versions/A/JavaVM
0x00000000047f8000 	/System/Library/Frameworks/Carbon.framework/Versions/A/Carbon
0x000000011f036000 	/System/Library/PrivateFrameworks/JavaLaunching.framework/Versions/A/JavaLaunching
0x00000000047f8000 	/System/Library/Frameworks/Carbon.framework/Versions/A/Frameworks/CommonPanels.framework/Versions/A/CommonPanels
0x00000000047f8000 	/System/Library/Frameworks/Carbon.framework/Versions/A/Frameworks/Help.framework/Versions/A/Help
0x00000000047f8000 	/System/Library/Frameworks/Carbon.framework/Versions/A/Frameworks/ImageCapture.framework/Versions/A/ImageCapture
0x00000000047f8000 	/System/Library/Frameworks/Carbon.framework/Versions/A/Frameworks/OpenScripting.framework/Versions/A/OpenScripting
0x00000000047f8000 	/System/Library/Frameworks/Carbon.framework/Versions/A/Frameworks/Print.framework/Versions/A/Print
0x00000000047f8000 	/System/Library/Frameworks/Carbon.framework/Versions/A/Frameworks/SecurityHI.framework/Versions/A/SecurityHI
0x0000000120f2d000 	/Library/Java/JavaVirtualMachines/jdk1.8.0_65.jdk/Contents/Home/jre/lib/libawt.dylib
0x0000000120fd5000 	/Library/Java/JavaVirtualMachines/jdk1.8.0_65.jdk/Contents/Home/jre/lib/./libmlib_image.dylib
0x00000001210a1000 	/Library/Java/JavaVirtualMachines/jdk1.8.0_65.jdk/Contents/Home/jre/lib/libawt_lwawt.dylib
0x0000000121156000 	/Library/Java/JavaVirtualMachines/jdk1.8.0_65.jdk/Contents/Home/jre/lib/./libosxapp.dylib
0x00000000047f8000 	/System/Library/Frameworks/ExceptionHandling.framework/Versions/A/ExceptionHandling
0x00000000047f8000 	/System/Library/PrivateFrameworks/CoreServicesInternal.framework/Versions/A/CoreServicesInternal
0x00000000047f8000 	/System/Library/PrivateFrameworks/CloudDocs.framework/Versions/A/CloudDocs
0x00000000047f8000 	/System/Library/PrivateFrameworks/CoreDuet.framework/Versions/A/CoreDuet
0x00000000047f8000 	/System/Library/Frameworks/CloudKit.framework/Versions/A/CloudKit
0x00000000047f8000 	/System/Library/PrivateFrameworks/ProtocolBuffer.framework/Versions/A/ProtocolBuffer
0x00000000047f8000 	/System/Library/PrivateFrameworks/CoreDuetDaemonProtocol.framework/Versions/A/CoreDuetDaemonProtocol
0x00000000047f8000 	/System/Library/PrivateFrameworks/CoreDuetDebugLogging.framework/Versions/A/CoreDuetDebugLogging
0x00000000047f8000 	/System/Library/PrivateFrameworks/MMCS.framework/Versions/A/MMCS
0x00000000047f8000 	/System/Library/Frameworks/CoreLocation.framework/Versions/A/CoreLocation
0x00000000047f8000 	/System/Library/PrivateFrameworks/ProtectedCloudStorage.framework/Versions/A/ProtectedCloudStorage
0x00000000047f8000 	/System/Library/PrivateFrameworks/GeoServices.framework/Versions/A/GeoServices
0x00000000047f8000 	/System/Library/Frameworks/CoreGraphics.framework/Versions/A/Resources/libCGCMS.A.dylib
0x00000000047f8000 	/System/Library/Frameworks/CoreGraphics.framework/Versions/A/Resources/libRIP.A.dylib
0x00000000047f8000 	/System/Library/Frameworks/CoreGraphics.framework/Versions/A/Resources/libCGXType.A.dylib
0x00000000047f8000 	/System/Library/Frameworks/OpenCL.framework/Versions/A/Libraries/libcldcpuengine.dylib
0x00000000047f8000 	/System/Library/PrivateFrameworks/DiskImages.framework/Versions/A/DiskImages
0x00000000047f8000 	/System/Library/Frameworks/DiscRecording.framework/Versions/A/DiscRecording
0x00000000047f8000 	/usr/lib/libcsfde.dylib
0x00000000047f8000 	/usr/lib/libcurl.4.dylib
0x00000000047f8000 	/System/Library/PrivateFrameworks/MediaKit.framework/Versions/A/MediaKit
0x00000000047f8000 	/usr/lib/libCoreStorage.dylib
0x00000000047f8000 	/System/Library/PrivateFrameworks/EFILogin.framework/Versions/A/EFILogin
0x00000000047f8000 	/usr/lib/libutil.dylib
0x00000000047f8000 	/System/Library/PrivateFrameworks/FindMyDevice.framework/Versions/A/FindMyDevice
0x00000000047f8000 	/System/Library/Frameworks/LDAP.framework/Versions/A/LDAP
0x00000000047f8000 	/usr/lib/libsasl2.2.dylib
0x00000000047f8000 	/System/Library/PrivateFrameworks/CoreDaemon.framework/Versions/B/CoreDaemon
0x00000000047f8000 	/usr/lib/libcrypto.0.9.8.dylib
0x00000000047f8000 	/System/Library/PrivateFrameworks/AppleSRP.framework/Versions/A/AppleSRP
0x00000000047f8000 	/System/Library/PrivateFrameworks/TrustEvaluationAgent.framework/Versions/A/TrustEvaluationAgent
0x000000012146e000 	cl_kernels
0x000000012431b000 	/System/Library/Frameworks/OpenCL.framework/Versions/A/Libraries/ImageFormats/unorm8_bgra.dylib
0x0000000121460000 	cl_kernels
0x00000000047f8000 	/System/Library/PrivateFrameworks/FamilyControls.framework/Versions/A/FamilyControls
0x00000000047f8000 	/System/Library/PrivateFrameworks/CommerceKit.framework/Versions/A/Frameworks/CommerceCore.framework/Versions/A/CommerceCore
0x00000000047f8000 	/System/Library/PrivateFrameworks/SystemAdministration.framework/Versions/A/SystemAdministration
0x00000000047f8000 	/System/Library/PrivateFrameworks/AppContainer.framework/Versions/A/AppContainer
0x00000000047f8000 	/System/Library/PrivateFrameworks/SecCodeWrapper.framework/Versions/A/SecCodeWrapper
0x00000000047f8000 	/System/Library/Frameworks/DirectoryService.framework/Versions/A/DirectoryService
0x00000000047f8000 	/System/Library/PrivateFrameworks/LoginUIKit.framework/Versions/A/Frameworks/LoginUICore.framework/Versions/A/LoginUICore
0x00000000047f8000 	/usr/lib/libodfde.dylib
0x00000000047f8000 	/System/Library/Frameworks/OpenGL.framework/Versions/A/Resources/GLEngine.bundle/GLEngine
0x00000000047f8000 	/System/Library/Frameworks/OpenGL.framework/Versions/A/Libraries/libGLProgrammability.dylib
0x00000001256c5000 	/System/Library/Extensions/AppleIntelBDWGraphicsGLDriver.bundle/Contents/MacOS/AppleIntelBDWGraphicsGLDriver
0x00000000047f8000 	/System/Library/PrivateFrameworks/IOAccelerator.framework/Versions/A/IOAccelerator
0x00000000047f8000 	/System/Library/PrivateFrameworks/GPUSupport.framework/Versions/A/Libraries/libGPUSupportMercury.dylib
0x00000000047f8000 	/System/Library/Frameworks/OpenGL.framework/Versions/A/Resources/GLRendererFloat.bundle/GLRendererFloat
0x00000001266da000 	/Library/Java/JavaVirtualMachines/jdk1.8.0_65.jdk/Contents/Home/jre/lib/libfontmanager.dylib
0x00000001278ee000 	/Library/Java/JavaVirtualMachines/jdk1.8.0_65.jdk/Contents/Home/jre/lib/libosxui.dylib
0x0000000127b7c000 	/Library/Java/JavaVirtualMachines/jdk1.8.0_65.jdk/Contents/Home/jre/lib/libnet.dylib
0x000000012792d000 	/Library/Java/JavaVirtualMachines/jdk1.8.0_65.jdk/Contents/Home/jre/lib/libnio.dylib
0x00000000047f8000 	/System/Library/Frameworks/ApplicationServices.framework/Versions/A/Frameworks/ATS.framework/Versions/A/Resources/libTrueTypeScaler.dylib
0x000000017328a000 	/private/var/folders/z_/6m0rqdfj6q5b2xv6frylmxs00000gn/T/jogamp_0000/file_cache/jln4666276330306165665/jln4520772101922034163/libgluegen-rt.jnilib
0x000000017328f000 	/private/var/folders/z_/6m0rqdfj6q5b2xv6frylmxs00000gn/T/jogamp_0000/file_cache/jln4666276330306165665/jln4520772101922034163/libnativewindow_awt.jnilib
0x0000000173292000 	/Library/Java/JavaVirtualMachines/jdk1.8.0_65.jdk/Contents/Home/jre/lib/libjawt.dylib
0x0000000173295000 	/private/var/folders/z_/6m0rqdfj6q5b2xv6frylmxs00000gn/T/jogamp_0000/file_cache/jln4666276330306165665/jln4520772101922034163/libnativewindow_macosx.jnilib
0x0000000173b13000 	/private/var/folders/z_/6m0rqdfj6q5b2xv6frylmxs00000gn/T/jogamp_0000/file_cache/jln4666276330306165665/jln4520772101922034163/libjogl_desktop.jnilib

VM Arguments:
jvm_args: -Djava.security.policy=java.policy.applet -Dfile.encoding=UTF-8 
java_command: sun.applet.AppletViewer OfflineMapApp1471825631213.html
java_class_path (initial): /Users/moncreiffe1991/Downloads/UCSDUnfoldingMaps/build:/Users/moncreiffe1991/Downloads/UCSDUnfoldingMaps/lib/core.jar:/Users/moncreiffe1991/Downloads/UCSDUnfoldingMaps/lib/gluegen-rt.jar:/Users/moncreiffe1991/Downloads/UCSDUnfoldingMaps/lib/jogl-all.jar:/Users/moncreiffe1991/Downloads/UCSDUnfoldingMaps/lib/log4j-1.2.15.jar:/Users/moncreiffe1991/Downloads/UCSDUnfoldingMaps/lib/sqlite-jdbc-3.7.2.jar:/Users/moncreiffe1991/Downloads/UCSDUnfoldingMaps/lib/json4processing.jar:/Users/moncreiffe1991/Downloads/UCSDUnfoldingMaps/lib/libTUIO.jar:/Users/moncreiffe1991/Downloads/UCSDUnfoldingMaps/lib/unfolding.0.9.7-uscd.jar
Launcher Type: SUN_STANDARD

Environment Variables:
PATH=/usr/bin:/bin:/usr/sbin:/sbin
SHELL=/bin/bash

Signal Handlers:
SIGSEGV: [libjvm.dylib+0x5a6d31], sa_mask[0]=11111111011111110111111111111111, sa_flags=SA_ONSTACK|SA_RESTART|SA_SIGINFO
SIGBUS: [libjvm.dylib+0x5a6d31], sa_mask[0]=11111111011111110111111111111111, sa_flags=SA_RESTART|SA_SIGINFO
SIGFPE: [libjvm.dylib+0x480a40], sa_mask[0]=11111111011111110111111111111111, sa_flags=SA_RESTART|SA_SIGINFO
SIGPIPE: [libjvm.dylib+0x480a40], sa_mask[0]=11111111011111110111111111111111, sa_flags=SA_RESTART|SA_SIGINFO
SIGXFSZ: [libjvm.dylib+0x480a40], sa_mask[0]=11111111011111110111111111111111, sa_flags=SA_RESTART|SA_SIGINFO
SIGILL: [libjvm.dylib+0x480a40], sa_mask[0]=11111111011111110111111111111111, sa_flags=SA_RESTART|SA_SIGINFO
SIGUSR1: SIG_DFL, sa_mask[0]=00000000000000000000000000000000, sa_flags=none
SIGUSR2: [libjvm.dylib+0x48055e], sa_mask[0]=00100000000000000000000000000000, sa_flags=SA_RESTART|SA_SIGINFO
SIGHUP: [libjvm.dylib+0x47eb35], sa_mask[0]=11111111011111110111111111111111, sa_flags=SA_RESTART|SA_SIGINFO
SIGINT: [libjvm.dylib+0x47eb35], sa_mask[0]=11111111011111110111111111111111, sa_flags=SA_RESTART|SA_SIGINFO
SIGTERM: [libjvm.dylib+0x47eb35], sa_mask[0]=11111111011111110111111111111111, sa_flags=SA_RESTART|SA_SIGINFO
SIGQUIT: [libjvm.dylib+0x47eb35], sa_mask[0]=11111111011111110111111111111111, sa_flags=SA_RESTART|SA_SIGINFO


---------------  S Y S T E M  ---------------

OS:Bsduname:Darwin 14.5.0 Darwin Kernel Version 14.5.0: Wed Jul 29 02:26:53 PDT 2015; root:xnu-2782.40.9~1/RELEASE_X86_64 x86_64
rlimit: STACK 8192k, CORE 0k, NPROC 709, NOFILE 10240, AS infinity
load average:3.17 1.96 1.67

CPU:total 4 (2 cores per cpu, 2 threads per core) family 6 model 61 stepping 4, cmov, cx8, fxsr, mmx, sse, sse2, sse3, ssse3, sse4.1, sse4.2, popcnt, avx, avx2, aes, clmul, erms, 3dnowpref, lzcnt, ht, tsc, tscinvbit, bmi1, bmi2, adx

Memory: 4k page, physical 8388608k(1285716k free)

/proc/meminfo:


vm_info: Java HotSpot(TM) 64-Bit Server VM (25.65-b01) for bsd-amd64 JRE (1.8.0_65-b17), built on Oct  6 2015 15:36:46 by "java_re" with gcc 4.2.1 (Based on Apple Inc. build 5658) (LLVM build 2336.11.00)

time: Sun Aug 21 20:28:22 2016
elapsed time: 71 seconds (0d 0h 1m 11s)

