#
# A fatal error has been detected by the Java Runtime Environment:
#
#  SIGSEGV (0xb) at pc=0x00007fff926e70e9, pid=1132, tid=1811
#
# JRE version: Java(TM) SE Runtime Environment (8.0_65-b17) (build 1.8.0_65-b17)
# Java VM: Java HotSpot(TM) 64-Bit Server VM (25.65-b01 mixed mode bsd-amd64 compressed oops)
# Problematic frame:
# C  [libobjc.A.dylib+0x10e9]  objc_msgSend+0x29
#
# Failed to write core dump. Core dumps have been disabled. To enable core dumping, try "ulimit -c unlimited" before starting Java again
#
# If you would like to submit a bug report, please visit:
#   http://bugreport.java.com/bugreport/crash.jsp
# The crash happened outside the Java Virtual Machine in native code.
# See problematic frame for where to report the bug.
#

---------------  T H R E A D  ---------------

Current thread (0x00007fb75306f800):  JavaThread "AWT-AppKit" daemon [_thread_in_native, id=1811, stack(0x00007fff57707000,0x00007fff57f07000)]

siginfo: si_signo: 11 (SIGSEGV), si_code: 1 (SEGV_MAPERR), si_addr: 0x0000012800000b10

Registers:
RAX=0x00007fb757c48800, RBX=0x00000001737ea450, RCX=0x0000000173f04ec0, RDX=0x0000000173f04180
RSP=0x00007fff57f025d8, RBP=0x00007fff57f02690, RSI=0x00007fff93eb940f, RDI=0x00007fb75794f0d0
R8 =0x0000000000000000, R9 =0x0000000000000f50, R10=0x0000012800000b10, R11=0x0000000109d96290
R12=0x0000000000000000, R13=0x00000001791d9088, R14=0x00000001737ea440, R15=0x00007fb75306f800
RIP=0x00007fff926e70e9, EFLAGS=0x0000000000010202, ERR=0x0000000000000004
  TRAPNO=0x000000000000000e

Top of Stack: (sp=0x00007fff57f025d8)
0x00007fff57f025d8:   00000001737e8157 00007fff57f02630
0x00007fff57f025e8:   0000000000000003 00007fff57f02610
0x00007fff57f025f8:   0000000107fe99a6 00000001791d9088
0x00007fff57f02608:   00000001791d9088 00007fb757c48800
0x00007fff57f02618:   00000001737ea6a0 00000001737ea710
0x00007fff57f02628:   00007fff75a9a550 00007fff7659dc80
0x00007fff57f02638:   00000001737ea450 00000001737ea690
0x00007fff57f02648:   00007fb757c48800 00007fb75794f0d0
0x00007fff57f02658:   00007fb752d31850 00007fb757c48800
0x00007fff57f02668:   00007fb75794f0d0 00007fff57f02710
0x00007fff57f02678:   00007fb75306f9f8 00000001791d9088
0x00007fff57f02688:   00007fff57f02738 00007fff57f02700
0x00007fff57f02698:   0000000109718954 00007fff57f02700
0x00007fff57f026a8:   00000001097186d9 0000000109724823
0x00007fff57f026b8:   00000001097186a2 00007fff57f026c0
0x00007fff57f026c8:   00000001791d9088 00007fff57f02738
0x00007fff57f026d8:   00000001791fc4b0 0000000000000000
0x00007fff57f026e8:   00000001791d9088 0000000000000000
0x00007fff57f026f8:   00007fff57f02720 00007fff57f02780
0x00007fff57f02708:   000000010970ac4d 0000000797e78608
0x00007fff57f02718:   0000000109712578 00007fb757c48800
0x00007fff57f02728:   0000000109713db9 00007fb75794f0d0
0x00007fff57f02738:   0000000109713d82 00007fff57f02740
0x00007fff57f02748:   00000001791d9252 00007fff57f027a8
0x00007fff57f02758:   00000001791fc4b0 0000000000000000
0x00007fff57f02768:   00000001791d9260 00007fff57f02720
0x00007fff57f02778:   00007fff57f02790 00007fff57f027f0
0x00007fff57f02788:   000000010970ac4d 00007fb757c48800
0x00007fff57f02798:   0000000797e3b5c0 00007fb75794f0d0
0x00007fff57f027a8:   0000000797e3b5c0 00007fff57f027b0
0x00007fff57f027b8:   000000017b46dbce 00007fff57f02800
0x00007fff57f027c8:   000000017b46dc88 0000000000000000 

Instructions: (pc=0x00007fff926e70e9)
0x00007fff926e70c9:   01 2e 75 7e 49 bb f8 ff ff ff ff 7f 00 00 4c 23
0x00007fff926e70d9:   1f 49 89 f2 45 23 53 18 49 c1 e2 04 4d 03 53 10
0x00007fff926e70e9:   49 3b 32 75 04 41 ff 62 08 49 83 3a 00 74 6a 4d
0x00007fff926e70f9:   3b 53 10 74 0d 49 83 ea 10 49 3b 32 75 eb 41 ff 

Register to memory mapping:

RAX=0x00007fb757c48800 is an unknown value
RBX=0x00000001737ea450: Java_jogamp_nativewindow_macosx_OSXUtil_GetScreenRefreshRate0+0x1cf0 in /private/var/folders/z_/6m0rqdfj6q5b2xv6frylmxs00000gn/T/jogamp_0000/file_cache/jln2340790036840216868/jln2839148206107723388/libnativewindow_macosx.jnilib at 0x00000001737e3000
RCX=0x0000000173f04ec0 is an unknown value
RDX=0x0000000173f04180 is an unknown value
RSP=0x00007fff57f025d8 is pointing into the stack for thread: 0x00007fb75306f800
RBP=0x00007fff57f02690 is pointing into the stack for thread: 0x00007fb75306f800
RSI=0x00007fff93eb940f is an unknown value
RDI=0x00007fb75794f0d0 is an unknown value
R8 =0x0000000000000000 is an unknown value
R9 =0x0000000000000f50 is an unknown value
R10=0x0000012800000b10 is an unknown value
R11=0x0000000109d96290 is at entry_point+-432 in (nmethod*)0x0000000109d96290
R12=0x0000000000000000 is an unknown value
R13={method} {0x00000001791d9088} 'UnsetJAWTRootSurfaceLayer0' '(JJ)V' in 'jogamp/nativewindow/jawt/macosx/MacOSXJAWTWindow'
R14=0x00000001737ea440: Java_jogamp_nativewindow_macosx_OSXUtil_GetScreenRefreshRate0+0x1ce0 in /private/var/folders/z_/6m0rqdfj6q5b2xv6frylmxs00000gn/T/jogamp_0000/file_cache/jln2340790036840216868/jln2839148206107723388/libnativewindow_macosx.jnilib at 0x00000001737e3000
R15=0x00007fb75306f800 is a thread


Stack: [0x00007fff57707000,0x00007fff57f07000],  sp=0x00007fff57f025d8,  free space=8173k
Native frames: (J=compiled Java code, j=interpreted, Vv=VM code, C=native code)
C  [libobjc.A.dylib+0x10e9]  objc_msgSend+0x29
j  jogamp.nativewindow.jawt.macosx.MacOSXJAWTWindow.UnsetJAWTRootSurfaceLayer0(JJ)V+0
j  jogamp.nativewindow.jawt.macosx.MacOSXJAWTWindow.access$200(JJ)V+2
j  jogamp.nativewindow.jawt.macosx.MacOSXJAWTWindow$1.run()V+38
j  com.jogamp.common.util.RunnableTask.run()V+24
v  ~StubRoutines::call_stub
V  [libjvm.dylib+0x2eab02]
V  [libjvm.dylib+0x321bab]
V  [libjvm.dylib+0x31437f]
C  [libnativewindow_macosx.jnilib+0x5326]  Java_jogamp_nativewindow_jawt_macosx_MacOSXJAWTWindow_UnsetJAWTRootSurfaceLayer0+0x2b6
C  [Foundation+0x92dd0]  __NSThreadPerformPerform+0x125
C  [CoreFoundation+0x80a01]  __CFRUNLOOP_IS_CALLING_OUT_TO_A_SOURCE0_PERFORM_FUNCTION__+0x11
C  [CoreFoundation+0x72b8d]  __CFRunLoopDoSources0+0x10d
C  [CoreFoundation+0x721bf]  __CFRunLoopRun+0x39f
C  [CoreFoundation+0x71bd8]  CFRunLoopRunSpecific+0x128
C  [HIToolbox+0x3256f]  RunCurrentEventLoopInMode+0xeb
C  [HIToolbox+0x321ee]  ReceiveNextEventCommon+0xb3
C  [HIToolbox+0x3212b]  _BlockUntilNextEventMatchingListInModeWithFilter+0x47
C  [AppKit+0x918ab]  _DPSNextEvent+0x3d2
C  [AppKit+0x90e58]  -[NSApplication nextEventMatchingMask:untilDate:inMode:dequeue:]+0x15a
C  [libosxapp.dylib+0x23aa]  -[NSApplicationAWT nextEventMatchingMask:untilDate:inMode:dequeue:]+0x7c
C  [AppKit+0x86af3]  -[NSApplication run]+0x252
C  [libosxapp.dylib+0x214d]  +[NSApplicationAWT runAWTLoopWithApp:]+0x9c
C  [libawt_lwawt.dylib+0x44517]  -[AWTStarter starter:]+0x389
C  [Foundation+0x92dd0]  __NSThreadPerformPerform+0x125
C  [CoreFoundation+0x80a01]  __CFRUNLOOP_IS_CALLING_OUT_TO_A_SOURCE0_PERFORM_FUNCTION__+0x11
C  [CoreFoundation+0x72b8d]  __CFRunLoopDoSources0+0x10d
C  [CoreFoundation+0x721bf]  __CFRunLoopRun+0x39f
C  [CoreFoundation+0x71bd8]  CFRunLoopRunSpecific+0x128
C  [java+0x6463]  CreateExecutionEnvironment+0x367
C  [java+0x21ac]  JLI_Launch+0x7a0
C  [java+0x84c0]  main+0x65
C  [java+0x1a04]  start+0x34
C  0x0000000000000007

Java frames: (J=compiled Java code, j=interpreted, Vv=VM code)
j  jogamp.nativewindow.jawt.macosx.MacOSXJAWTWindow.UnsetJAWTRootSurfaceLayer0(JJ)V+0
j  jogamp.nativewindow.jawt.macosx.MacOSXJAWTWindow.access$200(JJ)V+2
j  jogamp.nativewindow.jawt.macosx.MacOSXJAWTWindow$1.run()V+38
j  com.jogamp.common.util.RunnableTask.run()V+24
v  ~StubRoutines::call_stub

---------------  P R O C E S S  ---------------

Java Threads: ( => current thread )
  0x00007fb7546f6800 JavaThread "Thread-19" [_thread_blocked, id=66123, stack(0x000000017776c000,0x000000017786c000)]
  0x00007fb753ce4800 JavaThread "Image Fetcher 3" daemon [_thread_blocked, id=70915, stack(0x000000017d33a000,0x000000017d43a000)]
  0x00007fb7540e8800 JavaThread "Image Fetcher 2" daemon [_thread_blocked, id=70403, stack(0x000000017d237000,0x000000017d337000)]
  0x00007fb754c97800 JavaThread "Image Fetcher 1" daemon [_thread_blocked, id=69891, stack(0x000000017d134000,0x000000017d234000)]
  0x00007fb753981000 JavaThread "Image Fetcher 0" daemon [_thread_blocked, id=69379, stack(0x000000017d031000,0x000000017d131000)]
  0x00007fb753ce4000 JavaThread "Keep-Alive-Timer" daemon [_thread_blocked, id=69127, stack(0x000000017b12c000,0x000000017b22c000)]
  0x00007fb754194000 JavaThread "AWT-EventQueue-1" [_thread_in_native, id=61731, stack(0x00000001743bb000,0x00000001744bb000)]
  0x00007fb753805800 JavaThread "DestroyJavaVM" [_thread_blocked, id=4867, stack(0x0000000109601000,0x0000000109701000)]
  0x00007fb754964000 JavaThread "AWT-EventQueue-0" [_thread_blocked, id=59655, stack(0x0000000127f2a000,0x000000012802a000)]
  0x00007fb7538c6800 JavaThread "Java2D Disposer" daemon [_thread_blocked, id=50971, stack(0x0000000126d46000,0x0000000126e46000)]
  0x00007fb7538ad000 JavaThread "Java2D Queue Flusher" daemon [_thread_blocked, id=49671, stack(0x0000000125d31000,0x0000000125e31000)]
  0x00007fb7538a2800 JavaThread "AWT-Shutdown" [_thread_blocked, id=28439, stack(0x0000000122f4b000,0x000000012304b000)]
=>0x00007fb75306f800 JavaThread "AWT-AppKit" daemon [_thread_in_native, id=1811, stack(0x00007fff57707000,0x00007fff57f07000)]
  0x00007fb753059800 JavaThread "Service Thread" daemon [_thread_blocked, id=18179, stack(0x0000000121494000,0x0000000121594000)]
  0x00007fb754019000 JavaThread "C1 CompilerThread2" daemon [_thread_blocked, id=17667, stack(0x0000000121391000,0x0000000121491000)]
  0x00007fb753818000 JavaThread "C2 CompilerThread1" daemon [_thread_in_native, id=17155, stack(0x000000012128e000,0x000000012138e000)]
  0x00007fb753816000 JavaThread "C2 CompilerThread0" daemon [_thread_blocked, id=16643, stack(0x000000012118b000,0x000000012128b000)]
  0x00007fb753815800 JavaThread "Signal Dispatcher" daemon [_thread_blocked, id=16131, stack(0x0000000121088000,0x0000000121188000)]
  0x00007fb75302f800 JavaThread "Finalizer" daemon [_thread_blocked, id=11523, stack(0x000000011f678000,0x000000011f778000)]
  0x00007fb753006000 JavaThread "Reference Handler" daemon [_thread_blocked, id=11011, stack(0x000000011f575000,0x000000011f675000)]

Other Threads:
  0x00007fb754006000 VMThread [stack: 0x000000011f472000,0x000000011f572000] [id=10499]
  0x00007fb754822000 WatcherThread [stack: 0x0000000121597000,0x0000000121697000] [id=18691]

VM state:not at safepoint (normal execution)

VM Mutex/Monitor currently owned by a thread: None

Heap:
 PSYoungGen      total 38400K, used 33260K [0x0000000795580000, 0x0000000798000000, 0x00000007c0000000)
  eden space 33280K, 84% used [0x0000000795580000,0x00000007970ffc60,0x0000000797600000)
  from space 5120K, 99% used [0x0000000797b00000,0x0000000797ffb450,0x0000000798000000)
  to   space 5120K, 0% used [0x0000000797600000,0x0000000797600000,0x0000000797b00000)
 ParOldGen       total 87552K, used 7712K [0x0000000740000000, 0x0000000745580000, 0x0000000795580000)
  object space 87552K, 8% used [0x0000000740000000,0x00000007407883d8,0x0000000745580000)
 Metaspace       used 20582K, capacity 20763K, committed 21120K, reserved 1069056K
  class space    used 2044K, capacity 2112K, committed 2176K, reserved 1048576K

Card table byte_map: [0x0000000118ac3000,0x0000000118ec4000] byte_map_base: 0x00000001150c3000

Marking Bits: (ParMarkBitMap*) 0x00000001086d6e20
 Begin Bits: [0x000000011957b000, 0x000000011b57b000)
 End Bits:   [0x000000011b57b000, 0x000000011d57b000)

Polling page: 0x0000000108ddb000

CodeCache: size=245760Kb used=6732Kb max_used=6745Kb free=239027Kb
 bounds [0x0000000109703000, 0x0000000109da3000, 0x0000000118703000]
 total_blobs=2851 nmethods=1963 adapters=802
 compilation: enabled

Compilation events (10 events):
Event: 13.433 Thread 0x00007fb753816000 nmethod 2099 0x0000000109d9b2d0 code [0x0000000109d9b4c0, 0x0000000109d9c208]
Event: 13.455 Thread 0x00007fb754019000 2109       1       sun.java2d.SurfaceData::isSurfaceLost (5 bytes)
Event: 13.455 Thread 0x00007fb754019000 nmethod 2109 0x0000000109d8e110 code [0x0000000109d8e260, 0x0000000109d8e370]
Event: 13.456 Thread 0x00007fb754019000 2110   !   3       java.awt.EventQueue::isDispatchThreadImpl (99 bytes)
Event: 13.458 Thread 0x00007fb754019000 nmethod 2110 0x0000000109d9a010 code [0x0000000109d9a220, 0x0000000109d9ad68]
Event: 13.464 Thread 0x00007fb753816000 2111  s    4       sun.misc.URLClassPath::getNextLoader (88 bytes)
Event: 13.465 Thread 0x00007fb754019000 2112  s!   2       sun.misc.URLClassPath::getLoader (197 bytes)
Event: 13.473 Thread 0x00007fb754019000 nmethod 2112 0x0000000109d97150 code [0x0000000109d97440, 0x0000000109d98b48]
Event: 13.476 Thread 0x00007fb754019000 2114       3       java.awt.EventQueue::cacheEQItem (60 bytes)
Event: 13.477 Thread 0x00007fb754019000 nmethod 2114 0x0000000109d96290 code [0x0000000109d96440, 0x0000000109d96ba8]

GC Heap History (4 events):
Event: 6.742 GC heap before
{Heap before GC invocations=1 (full 0):
 PSYoungGen      total 38400K, used 33280K [0x0000000795580000, 0x0000000798000000, 0x00000007c0000000)
  eden space 33280K, 100% used [0x0000000795580000,0x0000000797600000,0x0000000797600000)
  from space 5120K, 0% used [0x0000000797b00000,0x0000000797b00000,0x0000000798000000)
  to   space 5120K, 0% used [0x0000000797600000,0x0000000797600000,0x0000000797b00000)
 ParOldGen       total 87552K, used 0K [0x0000000740000000, 0x0000000745580000, 0x0000000795580000)
  object space 87552K, 0% used [0x0000000740000000,0x0000000740000000,0x0000000745580000)
 Metaspace       used 15884K, capacity 16099K, committed 16384K, reserved 1064960K
  class space    used 1605K, capacity 1692K, committed 1792K, reserved 1048576K
Event: 6.757 GC heap after
Heap after GC invocations=1 (full 0):
 PSYoungGen      total 38400K, used 4912K [0x0000000795580000, 0x0000000798000000, 0x00000007c0000000)
  eden space 33280K, 0% used [0x0000000795580000,0x0000000795580000,0x0000000797600000)
  from space 5120K, 95% used [0x0000000797600000,0x0000000797acc290,0x0000000797b00000)
  to   space 5120K, 0% used [0x0000000797b00000,0x0000000797b00000,0x0000000798000000)
 ParOldGen       total 87552K, used 16K [0x0000000740000000, 0x0000000745580000, 0x0000000795580000)
  object space 87552K, 0% used [0x0000000740000000,0x0000000740004000,0x0000000745580000)
 Metaspace       used 15884K, capacity 16099K, committed 16384K, reserved 1064960K
  class space    used 1605K, capacity 1692K, committed 1792K, reserved 1048576K
}
Event: 9.797 GC heap before
{Heap before GC invocations=2 (full 0):
 PSYoungGen      total 38400K, used 38192K [0x0000000795580000, 0x0000000798000000, 0x00000007c0000000)
  eden space 33280K, 100% used [0x0000000795580000,0x0000000797600000,0x0000000797600000)
  from space 5120K, 95% used [0x0000000797600000,0x0000000797acc290,0x0000000797b00000)
  to   space 5120K, 0% used [0x0000000797b00000,0x0000000797b00000,0x0000000798000000)
 ParOldGen       total 87552K, used 16K [0x0000000740000000, 0x0000000745580000, 0x0000000795580000)
  object space 87552K, 0% used [0x0000000740000000,0x0000000740004000,0x0000000745580000)
 Metaspace       used 19902K, capacity 20079K, committed 20352K, reserved 1067008K
  class space    used 2016K, capacity 2078K, committed 2176K, reserved 1048576K
Event: 9.822 GC heap after
Heap after GC invocations=2 (full 0):
 PSYoungGen      total 38400K, used 5101K [0x0000000795580000, 0x0000000798000000, 0x00000007c0000000)
  eden space 33280K, 0% used [0x0000000795580000,0x0000000795580000,0x0000000797600000)
  from space 5120K, 99% used [0x0000000797b00000,0x0000000797ffb450,0x0000000798000000)
  to   space 5120K, 0% used [0x0000000797600000,0x0000000797600000,0x0000000797b00000)
 ParOldGen       total 87552K, used 7712K [0x0000000740000000, 0x0000000745580000, 0x0000000795580000)
  object space 87552K, 8% used [0x0000000740000000,0x00000007407883d8,0x0000000745580000)
 Metaspace       used 19902K, capacity 20079K, committed 20352K, reserved 1067008K
  class space    used 2016K, capacity 2078K, committed 2176K, reserved 1048576K
}

Deoptimization events (9 events):
Event: 5.451 Thread 0x00007fb753982000 Uncommon trap: reason=unstable_if action=reinterpret pc=0x00000001098c908c method=java.lang.String.indexOf([CII[CIII)I @ 3
Event: 8.171 Thread 0x00007fb754194000 Uncommon trap: reason=unstable_if action=reinterpret pc=0x00000001098aeaec method=java.lang.AbstractStringBuilder.append(Ljava/lang/String;)Ljava/lang/AbstractStringBuilder; @ 1
Event: 8.772 Thread 0x00007fb754194000 Uncommon trap: reason=unstable_if action=reinterpret pc=0x0000000109af2a50 method=sun.misc.FloatingDecimal.readJavaFormatString(Ljava/lang/String;)Lsun/misc/FloatingDecimal$ASCIIToBinaryConverter; @ 445
Event: 9.458 Thread 0x00007fb754194000 Uncommon trap: reason=unstable_if action=reinterpret pc=0x0000000109b997bc method=com.jogamp.common.util.IntIntHashMap.get(I)I @ 28
Event: 9.600 Thread 0x00007fb753cde800 Uncommon trap: reason=unstable_if action=reinterpret pc=0x0000000109b01254 method=java.lang.String.regionMatches(ZILjava/lang/String;II)Z @ 123
Event: 9.761 Thread 0x00007fb754194000 Uncommon trap: reason=unstable_if action=reinterpret pc=0x0000000109af79d0 method=java.lang.String.trim()Ljava/lang/String; @ 23
Event: 10.312 Thread 0x00007fb754194000 Uncommon trap: reason=unstable_if action=reinterpret pc=0x0000000109ba2860 method=com.jogamp.common.util.IntIntHashMap.get(I)I @ 19
Event: 13.453 Thread 0x00007fb754939000 Uncommon trap: reason=unstable_if action=reinterpret pc=0x0000000109b7bb68 method=java.util.HashMap.putVal(ILjava/lang/Object;Ljava/lang/Object;ZZ)Ljava/lang/Object; @ 81
Event: 13.453 Thread 0x00007fb754939000 Uncommon trap: reason=unstable_if action=reinterpret pc=0x0000000109b78480 method=java.util.HashMap.putVal(ILjava/lang/Object;Ljava/lang/Object;ZZ)Ljava/lang/Object; @ 81

Internal exceptions (10 events):
Event: 0.432 Thread 0x00007fb753805800 Exception <a 'java/lang/NoSuchFieldError': method resolution failed> (0x00000007958380d0) thrown at [/Users/java_re/workspace/8-2-build-macosx-x86_64/jdk8u65/4987/hotspot/src/share/vm/prims/methodHandles.cpp, line 1146]
Event: 0.919 Thread 0x00007fb753805800 Exception <a 'java/io/FileNotFoundException'> (0x00000007958b3ee8) thrown at [/Users/java_re/workspace/8-2-build-macosx-x86_64/jdk8u65/4987/hotspot/src/share/vm/prims/jni.cpp, line 709]
Event: 0.919 Thread 0x00007fb753805800 Exception <a 'java/io/FileNotFoundException'> (0x00000007958b4a70) thrown at [/Users/java_re/workspace/8-2-build-macosx-x86_64/jdk8u65/4987/hotspot/src/share/vm/prims/jni.cpp, line 709]
Event: 1.266 Thread 0x00007fb753805800 Exception <a 'java/io/FileNotFoundException'> (0x00000007959f0050) thrown at [/Users/java_re/workspace/8-2-build-macosx-x86_64/jdk8u65/4987/hotspot/src/share/vm/prims/jni.cpp, line 709]
Event: 5.517 Thread 0x00007fb753982000 Exception <a 'java/lang/UnsatisfiedLinkError': com.jogamp.common.util.JarUtil.fixNativeLibAttribs(Ljava/lang/String;)Z> (0x0000000796b26bc0) thrown at [/Users/java_re/workspace/8-2-build-macosx-x86_64/jdk8u65/4987/hotspot/src/share/vm/prims/nativeLookup.c
Event: 6.779 Thread 0x00007fb75302f800 Exception <a 'java/lang/NullPointerException'> (0x0000000795628520) thrown at [/Users/java_re/workspace/8-2-build-macosx-x86_64/jdk8u65/4987/hotspot/src/share/vm/interpreter/linkResolver.cpp, line 1178]
Event: 8.170 Thread 0x00007fb754194000 Exception <a 'java/io/FileNotFoundException'> (0x0000000795e72b60) thrown at [/Users/java_re/workspace/8-2-build-macosx-x86_64/jdk8u65/4987/hotspot/src/share/vm/prims/jni.cpp, line 709]
Event: 8.171 Thread 0x00007fb754194000 Exception <a 'java/io/FileNotFoundException'> (0x0000000795e78c68) thrown at [/Users/java_re/workspace/8-2-build-macosx-x86_64/jdk8u65/4987/hotspot/src/share/vm/prims/jni.cpp, line 709]
Event: 8.171 Thread 0x00007fb754194000 Implicit null exception at 0x00000001098ae775 to 0x00000001098aead9
Event: 10.312 Thread 0x00007fb754194000 Implicit null exception at 0x0000000109ba26e5 to 0x0000000109ba2839

Events (10 events):
Event: 13.475 loading class java/awt/LightweightDispatcher$2 done
Event: 13.475 loading class java/awt/event/AWTEventListenerProxy
Event: 13.475 loading class java/awt/event/AWTEventListenerProxy done
Event: 13.475 loading class java/awt/Toolkit$ToolkitEventMulticaster
Event: 13.475 loading class java/awt/Toolkit$ToolkitEventMulticaster done
Event: 13.475 Executing VM operation: RevokeBias
Event: 13.475 Executing VM operation: RevokeBias done
Event: 13.476 Thread 0x00007fb754939000 Thread exited: 0x00007fb754939000
Event: 13.476 loading class java/awt/Window$1DisposeAction
Event: 13.476 loading class java/awt/Window$1DisposeAction done


Dynamic libraries:
0x00000000047f8000 	/System/Library/Frameworks/Cocoa.framework/Versions/A/Cocoa
0x00000000047f8000 	/System/Library/Frameworks/Security.framework/Versions/A/Security
0x00000000047f8000 	/System/Library/Frameworks/ApplicationServices.framework/Versions/A/ApplicationServices
0x00000000047f8000 	/usr/lib/libz.1.dylib
0x00000000047f8000 	/usr/lib/libSystem.B.dylib
0x00000000047f8000 	/usr/lib/libobjc.A.dylib
0x00000000047f8000 	/System/Library/Frameworks/CoreFoundation.framework/Versions/A/CoreFoundation
0x00000000047f8000 	/System/Library/Frameworks/Foundation.framework/Versions/C/Foundation
0x00000000047f8000 	/System/Library/Frameworks/AppKit.framework/Versions/C/AppKit
0x00000000047f8000 	/System/Library/Frameworks/CoreData.framework/Versions/A/CoreData
0x00000000047f8000 	/System/Library/PrivateFrameworks/RemoteViewServices.framework/Versions/A/RemoteViewServices
0x00000000047f8000 	/System/Library/PrivateFrameworks/UIFoundation.framework/Versions/A/UIFoundation
0x00000000047f8000 	/System/Library/Frameworks/IOSurface.framework/Versions/A/IOSurface
0x00000000047f8000 	/System/Library/Frameworks/AudioToolbox.framework/Versions/A/AudioToolbox
0x00000000047f8000 	/System/Library/Frameworks/AudioUnit.framework/Versions/A/AudioUnit
0x00000000047f8000 	/System/Library/PrivateFrameworks/DataDetectorsCore.framework/Versions/A/DataDetectorsCore
0x00000000047f8000 	/System/Library/PrivateFrameworks/DesktopServicesPriv.framework/Versions/A/DesktopServicesPriv
0x00000000047f8000 	/System/Library/Frameworks/Carbon.framework/Versions/A/Frameworks/HIToolbox.framework/Versions/A/HIToolbox
0x00000000047f8000 	/System/Library/Frameworks/QuartzCore.framework/Versions/A/QuartzCore
0x00000000047f8000 	/System/Library/Frameworks/Carbon.framework/Versions/A/Frameworks/SpeechRecognition.framework/Versions/A/SpeechRecognition
0x00000000047f8000 	/usr/lib/libauto.dylib
0x00000000047f8000 	/usr/lib/libicucore.A.dylib
0x00000000047f8000 	/usr/lib/libxml2.2.dylib
0x00000000047f8000 	/System/Library/PrivateFrameworks/CoreUI.framework/Versions/A/CoreUI
0x00000000047f8000 	/System/Library/Frameworks/CoreAudio.framework/Versions/A/CoreAudio
0x00000000047f8000 	/System/Library/Frameworks/DiskArbitration.framework/Versions/A/DiskArbitration
0x00000000047f8000 	/usr/lib/liblangid.dylib
0x00000000047f8000 	/System/Library/PrivateFrameworks/MultitouchSupport.framework/Versions/A/MultitouchSupport
0x00000000047f8000 	/System/Library/Frameworks/IOKit.framework/Versions/A/IOKit
0x00000000047f8000 	/usr/lib/libDiagnosticMessagesClient.dylib
0x00000000047f8000 	/System/Library/Frameworks/CoreServices.framework/Versions/A/CoreServices
0x00000000047f8000 	/System/Library/PrivateFrameworks/PerformanceAnalysis.framework/Versions/A/PerformanceAnalysis
0x00000000047f8000 	/System/Library/PrivateFrameworks/GenerationalStorage.framework/Versions/A/GenerationalStorage
0x00000000047f8000 	/System/Library/Frameworks/OpenGL.framework/Versions/A/OpenGL
0x00000000047f8000 	/System/Library/PrivateFrameworks/Sharing.framework/Versions/A/Sharing
0x00000000047f8000 	/System/Library/Frameworks/CoreGraphics.framework/Versions/A/CoreGraphics
0x00000000047f8000 	/System/Library/Frameworks/CoreText.framework/Versions/A/CoreText
0x00000000047f8000 	/System/Library/Frameworks/ImageIO.framework/Versions/A/ImageIO
0x00000000047f8000 	/usr/lib/libextension.dylib
0x00000000047f8000 	/System/Library/PrivateFrameworks/Backup.framework/Versions/A/Backup
0x00000000047f8000 	/usr/lib/libarchive.2.dylib
0x00000000047f8000 	/System/Library/Frameworks/CFNetwork.framework/Versions/A/CFNetwork
0x00000000047f8000 	/System/Library/Frameworks/SystemConfiguration.framework/Versions/A/SystemConfiguration
0x00000000047f8000 	/usr/lib/libCRFSuite.dylib
0x00000000047f8000 	/usr/lib/libc++.1.dylib
0x00000000047f8000 	/usr/lib/libc++abi.dylib
0x00000000047f8000 	/usr/lib/system/libcache.dylib
0x00000000047f8000 	/usr/lib/system/libcommonCrypto.dylib
0x00000000047f8000 	/usr/lib/system/libcompiler_rt.dylib
0x00000000047f8000 	/usr/lib/system/libcopyfile.dylib
0x00000000047f8000 	/usr/lib/system/libcorecrypto.dylib
0x00000000047f8000 	/usr/lib/system/libdispatch.dylib
0x00000000047f8000 	/usr/lib/system/libdyld.dylib
0x00000000047f8000 	/usr/lib/system/libkeymgr.dylib
0x00000000047f8000 	/usr/lib/system/liblaunch.dylib
0x00000000047f8000 	/usr/lib/system/libmacho.dylib
0x00000000047f8000 	/usr/lib/system/libquarantine.dylib
0x00000000047f8000 	/usr/lib/system/libremovefile.dylib
0x00000000047f8000 	/usr/lib/system/libsystem_asl.dylib
0x00000000047f8000 	/usr/lib/system/libsystem_blocks.dylib
0x00000000047f8000 	/usr/lib/system/libsystem_c.dylib
0x00000000047f8000 	/usr/lib/system/libsystem_configuration.dylib
0x00000000047f8000 	/usr/lib/system/libsystem_coreservices.dylib
0x00000000047f8000 	/usr/lib/system/libsystem_coretls.dylib
0x00000000047f8000 	/usr/lib/system/libsystem_dnssd.dylib
0x00000000047f8000 	/usr/lib/system/libsystem_info.dylib
0x00000000047f8000 	/usr/lib/system/libsystem_kernel.dylib
0x00000000047f8000 	/usr/lib/system/libsystem_m.dylib
0x00000000047f8000 	/usr/lib/system/libsystem_malloc.dylib
0x00000000047f8000 	/usr/lib/system/libsystem_network.dylib
0x00000000047f8000 	/usr/lib/system/libsystem_networkextension.dylib
0x00000000047f8000 	/usr/lib/system/libsystem_notify.dylib
0x00000000047f8000 	/usr/lib/system/libsystem_platform.dylib
0x00000000047f8000 	/usr/lib/system/libsystem_pthread.dylib
0x00000000047f8000 	/usr/lib/system/libsystem_sandbox.dylib
0x00000000047f8000 	/usr/lib/system/libsystem_secinit.dylib
0x00000000047f8000 	/usr/lib/system/libsystem_stats.dylib
0x00000000047f8000 	/usr/lib/system/libsystem_trace.dylib
0x00000000047f8000 	/usr/lib/system/libunc.dylib
0x00000000047f8000 	/usr/lib/system/libunwind.dylib
0x00000000047f8000 	/usr/lib/system/libxpc.dylib
0x00000000047f8000 	/usr/lib/libbz2.1.0.dylib
0x00000000047f8000 	/usr/lib/liblzma.5.dylib
0x00000000047f8000 	/usr/lib/libbsm.0.dylib
0x00000000047f8000 	/usr/lib/libsqlite3.dylib
0x00000000047f8000 	/usr/lib/system/libkxld.dylib
0x00000000047f8000 	/usr/lib/libxar.1.dylib
0x00000000047f8000 	/usr/lib/libpam.2.dylib
0x00000000047f8000 	/usr/lib/libOpenScriptingUtil.dylib
0x00000000047f8000 	/System/Library/Frameworks/CoreServices.framework/Versions/A/Frameworks/FSEvents.framework/Versions/A/FSEvents
0x00000000047f8000 	/System/Library/Frameworks/CoreServices.framework/Versions/A/Frameworks/CarbonCore.framework/Versions/A/CarbonCore
0x00000000047f8000 	/System/Library/Frameworks/CoreServices.framework/Versions/A/Frameworks/Metadata.framework/Versions/A/Metadata
0x00000000047f8000 	/System/Library/Frameworks/CoreServices.framework/Versions/A/Frameworks/OSServices.framework/Versions/A/OSServices
0x00000000047f8000 	/System/Library/Frameworks/CoreServices.framework/Versions/A/Frameworks/SearchKit.framework/Versions/A/SearchKit
0x00000000047f8000 	/System/Library/Frameworks/CoreServices.framework/Versions/A/Frameworks/AE.framework/Versions/A/AE
0x00000000047f8000 	/System/Library/Frameworks/CoreServices.framework/Versions/A/Frameworks/LaunchServices.framework/Versions/A/LaunchServices
0x00000000047f8000 	/System/Library/Frameworks/CoreServices.framework/Versions/A/Frameworks/DictionaryServices.framework/Versions/A/DictionaryServices
0x00000000047f8000 	/System/Library/Frameworks/NetFS.framework/Versions/A/NetFS
0x00000000047f8000 	/System/Library/PrivateFrameworks/NetAuth.framework/Versions/A/NetAuth
0x00000000047f8000 	/System/Library/PrivateFrameworks/login.framework/Versions/A/Frameworks/loginsupport.framework/Versions/A/loginsupport
0x00000000047f8000 	/System/Library/PrivateFrameworks/TCC.framework/Versions/A/TCC
0x00000000047f8000 	/usr/lib/libmecabra.dylib
0x00000000047f8000 	/System/Library/Frameworks/ApplicationServices.framework/Versions/A/Frameworks/ATS.framework/Versions/A/ATS
0x00000000047f8000 	/System/Library/Frameworks/ApplicationServices.framework/Versions/A/Frameworks/ColorSync.framework/Versions/A/ColorSync
0x00000000047f8000 	/System/Library/Frameworks/ApplicationServices.framework/Versions/A/Frameworks/HIServices.framework/Versions/A/HIServices
0x00000000047f8000 	/System/Library/Frameworks/ApplicationServices.framework/Versions/A/Frameworks/LangAnalysis.framework/Versions/A/LangAnalysis
0x00000000047f8000 	/System/Library/Frameworks/ApplicationServices.framework/Versions/A/Frameworks/PrintCore.framework/Versions/A/PrintCore
0x00000000047f8000 	/System/Library/Frameworks/ApplicationServices.framework/Versions/A/Frameworks/QD.framework/Versions/A/QD
0x00000000047f8000 	/System/Library/Frameworks/ApplicationServices.framework/Versions/A/Frameworks/SpeechSynthesis.framework/Versions/A/SpeechSynthesis
0x00000000047f8000 	/System/Library/Frameworks/Accelerate.framework/Versions/A/Accelerate
0x00000000047f8000 	/System/Library/Frameworks/Accelerate.framework/Versions/A/Frameworks/vImage.framework/Versions/A/vImage
0x00000000047f8000 	/System/Library/Frameworks/Accelerate.framework/Versions/A/Frameworks/vecLib.framework/Versions/A/vecLib
0x00000000047f8000 	/System/Library/Frameworks/Accelerate.framework/Versions/A/Frameworks/vecLib.framework/Versions/A/libvDSP.dylib
0x00000000047f8000 	/System/Library/Frameworks/Accelerate.framework/Versions/A/Frameworks/vecLib.framework/Versions/A/libvMisc.dylib
0x00000000047f8000 	/System/Library/Frameworks/Accelerate.framework/Versions/A/Frameworks/vecLib.framework/Versions/A/libLAPACK.dylib
0x00000000047f8000 	/System/Library/Frameworks/Accelerate.framework/Versions/A/Frameworks/vecLib.framework/Versions/A/libBLAS.dylib
0x00000000047f8000 	/System/Library/Frameworks/Accelerate.framework/Versions/A/Frameworks/vecLib.framework/Versions/A/libLinearAlgebra.dylib
0x00000000047f8000 	/System/Library/Frameworks/ApplicationServices.framework/Versions/A/Frameworks/ATS.framework/Versions/A/Resources/libFontParser.dylib
0x00000000047f8000 	/System/Library/Frameworks/ApplicationServices.framework/Versions/A/Frameworks/ATS.framework/Versions/A/Resources/libFontRegistry.dylib
0x00000000047f8000 	/System/Library/PrivateFrameworks/AppleVPA.framework/Versions/A/AppleVPA
0x00000000047f8000 	/System/Library/PrivateFrameworks/AppleJPEG.framework/Versions/A/AppleJPEG
0x00000000047f8000 	/System/Library/Frameworks/ImageIO.framework/Versions/A/Resources/libJPEG.dylib
0x00000000047f8000 	/System/Library/Frameworks/ImageIO.framework/Versions/A/Resources/libTIFF.dylib
0x00000000047f8000 	/System/Library/Frameworks/ImageIO.framework/Versions/A/Resources/libPng.dylib
0x00000000047f8000 	/System/Library/Frameworks/ImageIO.framework/Versions/A/Resources/libGIF.dylib
0x00000000047f8000 	/System/Library/Frameworks/ImageIO.framework/Versions/A/Resources/libJP2.dylib
0x00000000047f8000 	/System/Library/Frameworks/ImageIO.framework/Versions/A/Resources/libRadiance.dylib
0x00000000047f8000 	/System/Library/Frameworks/CoreVideo.framework/Versions/A/CoreVideo
0x00000000047f8000 	/System/Library/Frameworks/OpenGL.framework/Versions/A/Libraries/libGLU.dylib
0x00000000047f8000 	/System/Library/Frameworks/OpenGL.framework/Versions/A/Libraries/libGFXShared.dylib
0x00000000047f8000 	/System/Library/Frameworks/OpenGL.framework/Versions/A/Libraries/libGL.dylib
0x00000000047f8000 	/System/Library/Frameworks/OpenGL.framework/Versions/A/Libraries/libGLImage.dylib
0x00000000047f8000 	/System/Library/Frameworks/OpenGL.framework/Versions/A/Libraries/libCVMSPluginSupport.dylib
0x00000000047f8000 	/System/Library/Frameworks/OpenGL.framework/Versions/A/Libraries/libCoreVMClient.dylib
0x00000000047f8000 	/usr/lib/libcups.2.dylib
0x00000000047f8000 	/System/Library/Frameworks/Kerberos.framework/Versions/A/Kerberos
0x00000000047f8000 	/System/Library/Frameworks/GSS.framework/Versions/A/GSS
0x00000000047f8000 	/usr/lib/libresolv.9.dylib
0x00000000047f8000 	/usr/lib/libiconv.2.dylib
0x00000000047f8000 	/System/Library/PrivateFrameworks/Heimdal.framework/Versions/A/Heimdal
0x00000000047f8000 	/usr/lib/libheimdal-asn1.dylib
0x00000000047f8000 	/System/Library/Frameworks/OpenDirectory.framework/Versions/A/OpenDirectory
0x00000000047f8000 	/System/Library/PrivateFrameworks/CommonAuth.framework/Versions/A/CommonAuth
0x00000000047f8000 	/System/Library/Frameworks/OpenDirectory.framework/Versions/A/Frameworks/CFOpenDirectory.framework/Versions/A/CFOpenDirectory
0x00000000047f8000 	/System/Library/Frameworks/SecurityFoundation.framework/Versions/A/SecurityFoundation
0x00000000047f8000 	/System/Library/PrivateFrameworks/LanguageModeling.framework/Versions/A/LanguageModeling
0x00000000047f8000 	/usr/lib/libcmph.dylib
0x00000000047f8000 	/System/Library/Frameworks/ServiceManagement.framework/Versions/A/ServiceManagement
0x00000000047f8000 	/usr/lib/libxslt.1.dylib
0x00000000047f8000 	/System/Library/Frameworks/Carbon.framework/Versions/A/Frameworks/Ink.framework/Versions/A/Ink
0x00000000047f8000 	/System/Library/Frameworks/QuartzCore.framework/Versions/A/Frameworks/CoreImage.framework/Versions/A/CoreImage
0x00000000047f8000 	/System/Library/PrivateFrameworks/CrashReporterSupport.framework/Versions/A/CrashReporterSupport
0x00000000047f8000 	/System/Library/Frameworks/OpenCL.framework/Versions/A/OpenCL
0x00000000047f8000 	/System/Library/PrivateFrameworks/FaceCore.framework/Versions/A/FaceCore
0x00000000047f8000 	/System/Library/PrivateFrameworks/Ubiquity.framework/Versions/A/Ubiquity
0x00000000047f8000 	/System/Library/PrivateFrameworks/IconServices.framework/Versions/A/IconServices
0x00000000047f8000 	/System/Library/PrivateFrameworks/ChunkingLibrary.framework/Versions/A/ChunkingLibrary
0x00000000047f8000 	/System/Library/PrivateFrameworks/Apple80211.framework/Versions/A/Apple80211
0x00000000047f8000 	/System/Library/Frameworks/CoreWLAN.framework/Versions/A/CoreWLAN
0x00000000047f8000 	/System/Library/Frameworks/IOBluetooth.framework/Versions/A/IOBluetooth
0x00000000047f8000 	/System/Library/PrivateFrameworks/CoreWiFi.framework/Versions/A/CoreWiFi
0x00000000047f8000 	/System/Library/Frameworks/CoreBluetooth.framework/Versions/A/CoreBluetooth
0x00000000047f8000 	/System/Library/PrivateFrameworks/DebugSymbols.framework/Versions/A/DebugSymbols
0x00000000047f8000 	/System/Library/PrivateFrameworks/CoreSymbolication.framework/Versions/A/CoreSymbolication
0x00000000047f8000 	/System/Library/PrivateFrameworks/Symbolication.framework/Versions/A/Symbolication
0x00000000047f8000 	/System/Library/PrivateFrameworks/SpeechRecognitionCore.framework/Versions/A/SpeechRecognitionCore
0x0000000107df8000 	/Library/Java/JavaVirtualMachines/jdk1.8.0_65.jdk/Contents/Home/jre/lib/server/libjvm.dylib
0x00000000047f8000 	/usr/lib/libstdc++.6.dylib
0x0000000108d98000 	/Library/Java/JavaVirtualMachines/jdk1.8.0_65.jdk/Contents/Home/jre/lib/libverify.dylib
0x0000000108da6000 	/Library/Java/JavaVirtualMachines/jdk1.8.0_65.jdk/Contents/Home/jre/lib/libjava.dylib
0x0000000108de5000 	/Library/Java/JavaVirtualMachines/jdk1.8.0_65.jdk/Contents/Home/jre/lib/libzip.dylib
0x000000011f77a000 	/System/Library/Frameworks/JavaVM.framework/Frameworks/JavaRuntimeSupport.framework/JavaRuntimeSupport
0x000000011f790000 	/System/Library/Frameworks/JavaVM.framework/Versions/A/Frameworks/JavaNativeFoundation.framework/Versions/A/JavaNativeFoundation
0x0000000108def000 	/System/Library/Frameworks/JavaVM.framework/Versions/A/JavaVM
0x00000000047f8000 	/System/Library/Frameworks/Carbon.framework/Versions/A/Carbon
0x000000011f7a4000 	/System/Library/PrivateFrameworks/JavaLaunching.framework/Versions/A/JavaLaunching
0x00000000047f8000 	/System/Library/Frameworks/Carbon.framework/Versions/A/Frameworks/CommonPanels.framework/Versions/A/CommonPanels
0x00000000047f8000 	/System/Library/Frameworks/Carbon.framework/Versions/A/Frameworks/Help.framework/Versions/A/Help
0x00000000047f8000 	/System/Library/Frameworks/Carbon.framework/Versions/A/Frameworks/ImageCapture.framework/Versions/A/ImageCapture
0x00000000047f8000 	/System/Library/Frameworks/Carbon.framework/Versions/A/Frameworks/OpenScripting.framework/Versions/A/OpenScripting
0x00000000047f8000 	/System/Library/Frameworks/Carbon.framework/Versions/A/Frameworks/Print.framework/Versions/A/Print
0x00000000047f8000 	/System/Library/Frameworks/Carbon.framework/Versions/A/Frameworks/SecurityHI.framework/Versions/A/SecurityHI
0x000000012169b000 	/Library/Java/JavaVirtualMachines/jdk1.8.0_65.jdk/Contents/Home/jre/lib/libawt.dylib
0x0000000121743000 	/Library/Java/JavaVirtualMachines/jdk1.8.0_65.jdk/Contents/Home/jre/lib/./libmlib_image.dylib
0x000000012180f000 	/Library/Java/JavaVirtualMachines/jdk1.8.0_65.jdk/Contents/Home/jre/lib/libawt_lwawt.dylib
0x00000001218c4000 	/Library/Java/JavaVirtualMachines/jdk1.8.0_65.jdk/Contents/Home/jre/lib/./libosxapp.dylib
0x00000000047f8000 	/System/Library/Frameworks/ExceptionHandling.framework/Versions/A/ExceptionHandling
0x00000000047f8000 	/System/Library/PrivateFrameworks/CoreServicesInternal.framework/Versions/A/CoreServicesInternal
0x00000000047f8000 	/System/Library/PrivateFrameworks/CloudDocs.framework/Versions/A/CloudDocs
0x00000000047f8000 	/System/Library/PrivateFrameworks/CoreDuet.framework/Versions/A/CoreDuet
0x00000000047f8000 	/System/Library/Frameworks/CloudKit.framework/Versions/A/CloudKit
0x00000000047f8000 	/System/Library/PrivateFrameworks/ProtocolBuffer.framework/Versions/A/ProtocolBuffer
0x00000000047f8000 	/System/Library/PrivateFrameworks/CoreDuetDaemonProtocol.framework/Versions/A/CoreDuetDaemonProtocol
0x00000000047f8000 	/System/Library/PrivateFrameworks/CoreDuetDebugLogging.framework/Versions/A/CoreDuetDebugLogging
0x00000000047f8000 	/System/Library/PrivateFrameworks/MMCS.framework/Versions/A/MMCS
0x00000000047f8000 	/System/Library/Frameworks/CoreLocation.framework/Versions/A/CoreLocation
0x00000000047f8000 	/System/Library/PrivateFrameworks/ProtectedCloudStorage.framework/Versions/A/ProtectedCloudStorage
0x00000000047f8000 	/System/Library/PrivateFrameworks/GeoServices.framework/Versions/A/GeoServices
0x00000000047f8000 	/System/Library/Frameworks/CoreGraphics.framework/Versions/A/Resources/libCGCMS.A.dylib
0x00000000047f8000 	/System/Library/Frameworks/CoreGraphics.framework/Versions/A/Resources/libRIP.A.dylib
0x00000000047f8000 	/System/Library/Frameworks/CoreGraphics.framework/Versions/A/Resources/libCGXType.A.dylib
0x00000000047f8000 	/System/Library/Frameworks/OpenCL.framework/Versions/A/Libraries/libcldcpuengine.dylib
0x00000000047f8000 	/System/Library/PrivateFrameworks/DiskImages.framework/Versions/A/DiskImages
0x00000000047f8000 	/System/Library/Frameworks/DiscRecording.framework/Versions/A/DiscRecording
0x00000000047f8000 	/usr/lib/libcsfde.dylib
0x00000000047f8000 	/usr/lib/libcurl.4.dylib
0x00000000047f8000 	/System/Library/PrivateFrameworks/MediaKit.framework/Versions/A/MediaKit
0x00000000047f8000 	/usr/lib/libCoreStorage.dylib
0x00000000047f8000 	/System/Library/PrivateFrameworks/EFILogin.framework/Versions/A/EFILogin
0x00000000047f8000 	/usr/lib/libutil.dylib
0x00000000047f8000 	/System/Library/PrivateFrameworks/FindMyDevice.framework/Versions/A/FindMyDevice
0x00000000047f8000 	/System/Library/Frameworks/LDAP.framework/Versions/A/LDAP
0x00000000047f8000 	/usr/lib/libsasl2.2.dylib
0x00000000047f8000 	/System/Library/PrivateFrameworks/CoreDaemon.framework/Versions/B/CoreDaemon
0x00000000047f8000 	/usr/lib/libcrypto.0.9.8.dylib
0x00000000047f8000 	/System/Library/PrivateFrameworks/AppleSRP.framework/Versions/A/AppleSRP
0x00000000047f8000 	/System/Library/PrivateFrameworks/TrustEvaluationAgent.framework/Versions/A/TrustEvaluationAgent
0x0000000124a87000 	cl_kernels
0x0000000124a89000 	/System/Library/Frameworks/OpenCL.framework/Versions/A/Libraries/ImageFormats/unorm8_bgra.dylib
0x0000000124a79000 	cl_kernels
0x00000000047f8000 	/System/Library/PrivateFrameworks/FamilyControls.framework/Versions/A/FamilyControls
0x00000000047f8000 	/System/Library/PrivateFrameworks/CommerceKit.framework/Versions/A/Frameworks/CommerceCore.framework/Versions/A/CommerceCore
0x00000000047f8000 	/System/Library/PrivateFrameworks/SystemAdministration.framework/Versions/A/SystemAdministration
0x00000000047f8000 	/System/Library/PrivateFrameworks/AppContainer.framework/Versions/A/AppContainer
0x00000000047f8000 	/System/Library/PrivateFrameworks/SecCodeWrapper.framework/Versions/A/SecCodeWrapper
0x00000000047f8000 	/System/Library/Frameworks/DirectoryService.framework/Versions/A/DirectoryService
0x00000000047f8000 	/System/Library/PrivateFrameworks/LoginUIKit.framework/Versions/A/Frameworks/LoginUICore.framework/Versions/A/LoginUICore
0x00000000047f8000 	/usr/lib/libodfde.dylib
0x00000000047f8000 	/System/Library/Frameworks/OpenGL.framework/Versions/A/Resources/GLEngine.bundle/GLEngine
0x00000000047f8000 	/System/Library/Frameworks/OpenGL.framework/Versions/A/Libraries/libGLProgrammability.dylib
0x0000000125e33000 	/System/Library/Extensions/AppleIntelBDWGraphicsGLDriver.bundle/Contents/MacOS/AppleIntelBDWGraphicsGLDriver
0x00000000047f8000 	/System/Library/PrivateFrameworks/IOAccelerator.framework/Versions/A/IOAccelerator
0x00000000047f8000 	/System/Library/PrivateFrameworks/GPUSupport.framework/Versions/A/Libraries/libGPUSupportMercury.dylib
0x00000000047f8000 	/System/Library/Frameworks/OpenGL.framework/Versions/A/Resources/GLRendererFloat.bundle/GLRendererFloat
0x0000000126e48000 	/Library/Java/JavaVirtualMachines/jdk1.8.0_65.jdk/Contents/Home/jre/lib/libfontmanager.dylib
0x000000012803c000 	/Library/Java/JavaVirtualMachines/jdk1.8.0_65.jdk/Contents/Home/jre/lib/libosxui.dylib
0x00000001282ca000 	/Library/Java/JavaVirtualMachines/jdk1.8.0_65.jdk/Contents/Home/jre/lib/libnet.dylib
0x000000012807b000 	/Library/Java/JavaVirtualMachines/jdk1.8.0_65.jdk/Contents/Home/jre/lib/libnio.dylib
0x00000000047f8000 	/System/Library/Frameworks/ApplicationServices.framework/Versions/A/Frameworks/ATS.framework/Versions/A/Resources/libTrueTypeScaler.dylib
0x00000001737d8000 	/private/var/folders/z_/6m0rqdfj6q5b2xv6frylmxs00000gn/T/jogamp_0000/file_cache/jln2340790036840216868/jln2839148206107723388/libgluegen-rt.jnilib
0x00000001737dd000 	/private/var/folders/z_/6m0rqdfj6q5b2xv6frylmxs00000gn/T/jogamp_0000/file_cache/jln2340790036840216868/jln2839148206107723388/libnativewindow_awt.jnilib
0x00000001737e0000 	/Library/Java/JavaVirtualMachines/jdk1.8.0_65.jdk/Contents/Home/jre/lib/libjawt.dylib
0x00000001737e3000 	/private/var/folders/z_/6m0rqdfj6q5b2xv6frylmxs00000gn/T/jogamp_0000/file_cache/jln2340790036840216868/jln2839148206107723388/libnativewindow_macosx.jnilib
0x0000000173971000 	/private/var/folders/z_/6m0rqdfj6q5b2xv6frylmxs00000gn/T/jogamp_0000/file_cache/jln2340790036840216868/jln2839148206107723388/libjogl_desktop.jnilib
0x00000001737ed000 	/Library/Java/JavaVirtualMachines/jdk1.8.0_65.jdk/Contents/Home/jre/lib/libt2k.dylib

VM Arguments:
jvm_args: -Djava.security.policy=java.policy.applet -Dfile.encoding=UTF-8 
java_command: sun.applet.AppletViewer module6.EarthquakeCityMap1471827604127.html
java_class_path (initial): /Users/moncreiffe1991/Downloads/UCSDUnfoldingMaps/build:/Users/moncreiffe1991/Downloads/UCSDUnfoldingMaps/lib/core.jar:/Users/moncreiffe1991/Downloads/UCSDUnfoldingMaps/lib/gluegen-rt.jar:/Users/moncreiffe1991/Downloads/UCSDUnfoldingMaps/lib/jogl-all.jar:/Users/moncreiffe1991/Downloads/UCSDUnfoldingMaps/lib/log4j-1.2.15.jar:/Users/moncreiffe1991/Downloads/UCSDUnfoldingMaps/lib/sqlite-jdbc-3.7.2.jar:/Users/moncreiffe1991/Downloads/UCSDUnfoldingMaps/lib/json4processing.jar:/Users/moncreiffe1991/Downloads/UCSDUnfoldingMaps/lib/libTUIO.jar:/Users/moncreiffe1991/Downloads/UCSDUnfoldingMaps/lib/unfolding.0.9.7-uscd.jar
Launcher Type: SUN_STANDARD

Environment Variables:
PATH=/usr/bin:/bin:/usr/sbin:/sbin
SHELL=/bin/bash

Signal Handlers:
SIGSEGV: [libjvm.dylib+0x5a6d31], sa_mask[0]=11111111011111110111111111111111, sa_flags=SA_ONSTACK|SA_RESTART|SA_SIGINFO
SIGBUS: [libjvm.dylib+0x5a6d31], sa_mask[0]=11111111011111110111111111111111, sa_flags=SA_RESTART|SA_SIGINFO
SIGFPE: [libjvm.dylib+0x480a40], sa_mask[0]=11111111011111110111111111111111, sa_flags=SA_RESTART|SA_SIGINFO
SIGPIPE: [libjvm.dylib+0x480a40], sa_mask[0]=11111111011111110111111111111111, sa_flags=SA_RESTART|SA_SIGINFO
SIGXFSZ: [libjvm.dylib+0x480a40], sa_mask[0]=11111111011111110111111111111111, sa_flags=SA_RESTART|SA_SIGINFO
SIGILL: [libjvm.dylib+0x480a40], sa_mask[0]=11111111011111110111111111111111, sa_flags=SA_RESTART|SA_SIGINFO
SIGUSR1: SIG_DFL, sa_mask[0]=00000000000000000000000000000000, sa_flags=none
SIGUSR2: [libjvm.dylib+0x48055e], sa_mask[0]=00100000000000000000000000000000, sa_flags=SA_RESTART|SA_SIGINFO
SIGHUP: [libjvm.dylib+0x47eb35], sa_mask[0]=11111111011111110111111111111111, sa_flags=SA_RESTART|SA_SIGINFO
SIGINT: [libjvm.dylib+0x47eb35], sa_mask[0]=11111111011111110111111111111111, sa_flags=SA_RESTART|SA_SIGINFO
SIGTERM: [libjvm.dylib+0x47eb35], sa_mask[0]=11111111011111110111111111111111, sa_flags=SA_RESTART|SA_SIGINFO
SIGQUIT: [libjvm.dylib+0x47eb35], sa_mask[0]=11111111011111110111111111111111, sa_flags=SA_RESTART|SA_SIGINFO


---------------  S Y S T E M  ---------------

OS:Bsduname:Darwin 14.5.0 Darwin Kernel Version 14.5.0: Wed Jul 29 02:26:53 PDT 2015; root:xnu-2782.40.9~1/RELEASE_X86_64 x86_64
rlimit: STACK 8192k, CORE 0k, NPROC 709, NOFILE 10240, AS infinity
load average:3.18 2.01 1.68

CPU:total 4 (2 cores per cpu, 2 threads per core) family 6 model 61 stepping 4, cmov, cx8, fxsr, mmx, sse, sse2, sse3, ssse3, sse4.1, sse4.2, popcnt, avx, avx2, aes, clmul, erms, 3dnowpref, lzcnt, ht, tsc, tscinvbit, bmi1, bmi2, adx

Memory: 4k page, physical 8388608k(1389912k free)

/proc/meminfo:


vm_info: Java HotSpot(TM) 64-Bit Server VM (25.65-b01) for bsd-amd64 JRE (1.8.0_65-b17), built on Oct  6 2015 15:36:46 by "java_re" with gcc 4.2.1 (Based on Apple Inc. build 5658) (LLVM build 2336.11.00)

time: Sun Aug 21 21:00:17 2016
elapsed time: 13 seconds (0d 0h 0m 13s)

