#
# A fatal error has been detected by the Java Runtime Environment:
#
#  SIGSEGV (0xb) at pc=0x00007fff926e70dd, pid=962, tid=1811
#
# JRE version: Java(TM) SE Runtime Environment (8.0_65-b17) (build 1.8.0_65-b17)
# Java VM: Java HotSpot(TM) 64-Bit Server VM (25.65-b01 mixed mode bsd-amd64 compressed oops)
# Problematic frame:
# C  [libobjc.A.dylib+0x10dd]  objc_msgSend+0x1d
#
# Failed to write core dump. Core dumps have been disabled. To enable core dumping, try "ulimit -c unlimited" before starting Java again
#
# If you would like to submit a bug report, please visit:
#   http://bugreport.java.com/bugreport/crash.jsp
# The crash happened outside the Java Virtual Machine in native code.
# See problematic frame for where to report the bug.
#

---------------  T H R E A D  ---------------

Current thread (0x00007fabfb860800):  JavaThread "AWT-AppKit" daemon [_thread_in_native, id=1811, stack(0x00007fff5457c000,0x00007fff54d7c000)]

siginfo: si_signo: 11 (SIGSEGV), si_code: 1 (SEGV_MAPERR), si_addr: 0x0000000000000018

Registers:
RAX=0x00007fabff43df50, RBX=0x0000000176c16450, RCX=0x000000012d2522c0, RDX=0x000000012d2521e0
RSP=0x00007fff54d774e8, RBP=0x00007fff54d775a0, RSI=0x00007fff93eb940f, RDI=0x00007fabff43bbf0
R8 =0x0000000000000000, R9 =0x0000000000000f50, R10=0x00007fff93eb940f, R11=0x0000000000000000
R12=0x0000000000000000, R13=0x000000017a8ac218, R14=0x0000000176c16440, R15=0x00007fabfb860800
RIP=0x00007fff926e70dd, EFLAGS=0x0000000000010246, ERR=0x0000000000000004
  TRAPNO=0x000000000000000e

Top of Stack: (sp=0x00007fff54d774e8)
0x00007fff54d774e8:   0000000176c14157 00007fff54d77540
0x00007fff54d774f8:   0000000000000003 00007fff54d77520
0x00007fff54d77508:   000000010b1749a6 000000017a8ac218
0x00007fff54d77518:   000000017a8ac218 00007fabff43df50
0x00007fff54d77528:   0000000176c166a0 0000000176c16710
0x00007fff54d77538:   00007fff75a9a550 00007fff7659dc80
0x00007fff54d77548:   0000000176c16450 0000000176c16690
0x00007fff54d77558:   00007fabff43df50 00007fabff43bbf0
0x00007fff54d77568:   00007fabfae30510 00007fabff43df50
0x00007fff54d77578:   00007fabff43bbf0 00007fff54d77628
0x00007fff54d77588:   00007fabfb8609f8 000000017a8ac218
0x00007fff54d77598:   00007fff54d77650 00007fff54d77618
0x00007fff54d775a8:   000000010ca15954 000000017a8ac218
0x00007fff54d775b8:   00007fff54d77650 00007fff54d77618
0x00007fff54d775c8:   000000010ca156e7 000000010ca156a2
0x00007fff54d775d8:   00007fff54d775d8 000000017a8ac218
0x00007fff54d775e8:   00007fff54d77650 000000017a8aee50
0x00007fff54d775f8:   0000000000000000 000000017a8ac218
0x00007fff54d77608:   0000000000000000 00007fff54d77638
0x00007fff54d77618:   00007fff54d77698 000000010ca07c4d
0x00007fff54d77628:   000000074058f8a8 000000010ca0f578
0x00007fff54d77638:   00007fabff43df50 00007fff54d77698
0x00007fff54d77648:   00007fabff43bbf0 000000010ca10d82
0x00007fff54d77658:   00007fff54d77658 000000017a8ac3e2
0x00007fff54d77668:   00007fff54d776c0 000000017a8aee50
0x00007fff54d77678:   0000000000000000 000000017a8ac3f0
0x00007fff54d77688:   00007fff54d77638 00007fff54d776a8
0x00007fff54d77698:   00007fff54d77708 000000010ca07c4d
0x00007fff54d776a8:   00007fabff43df50 000000074021b1d8
0x00007fff54d776b8:   00007fabff43bbf0 000000074021b1d8
0x00007fff54d776c8:   00007fff54d776c8 000000017e46c426
0x00007fff54d776d8:   00007fff54d77718 000000017e46c4e0 

Instructions: (pc=0x00007fff926e70dd)
0x00007fff926e70bd:   00 00 00 48 85 ff 2e 74 7a 40 f6 c7 01 2e 75 7e
0x00007fff926e70cd:   49 bb f8 ff ff ff ff 7f 00 00 4c 23 1f 49 89 f2
0x00007fff926e70dd:   45 23 53 18 49 c1 e2 04 4d 03 53 10 49 3b 32 75
0x00007fff926e70ed:   04 41 ff 62 08 49 83 3a 00 74 6a 4d 3b 53 10 74 

Register to memory mapping:

RAX=0x00007fabff43df50 is an unknown value
RBX=0x0000000176c16450: Java_jogamp_nativewindow_macosx_OSXUtil_GetScreenRefreshRate0+0x1cf0 in /private/var/folders/z_/6m0rqdfj6q5b2xv6frylmxs00000gn/T/jogamp_0000/file_cache/jln3979447840548417942/jln5369602376853245536/libnativewindow_macosx.jnilib at 0x0000000176c0f000
RCX=0x000000012d2522c0 is an unknown value
RDX=0x000000012d2521e0 is an unknown value
RSP=0x00007fff54d774e8 is pointing into the stack for thread: 0x00007fabfb860800
RBP=0x00007fff54d775a0 is pointing into the stack for thread: 0x00007fabfb860800
RSI=0x00007fff93eb940f is an unknown value
RDI=0x00007fabff43bbf0 is an unknown value
R8 =0x0000000000000000 is an unknown value
R9 =0x0000000000000f50 is an unknown value
R10=0x00007fff93eb940f is an unknown value
R11=0x0000000000000000 is an unknown value
R12=0x0000000000000000 is an unknown value
R13={method} {0x000000017a8ac218} 'UnsetJAWTRootSurfaceLayer0' '(JJ)V' in 'jogamp/nativewindow/jawt/macosx/MacOSXJAWTWindow'
R14=0x0000000176c16440: Java_jogamp_nativewindow_macosx_OSXUtil_GetScreenRefreshRate0+0x1ce0 in /private/var/folders/z_/6m0rqdfj6q5b2xv6frylmxs00000gn/T/jogamp_0000/file_cache/jln3979447840548417942/jln5369602376853245536/libnativewindow_macosx.jnilib at 0x0000000176c0f000
R15=0x00007fabfb860800 is a thread


Stack: [0x00007fff5457c000,0x00007fff54d7c000],  sp=0x00007fff54d774e8,  free space=8173k
Native frames: (J=compiled Java code, j=interpreted, Vv=VM code, C=native code)
C  [libobjc.A.dylib+0x10dd]  objc_msgSend+0x1d
j  jogamp.nativewindow.jawt.macosx.MacOSXJAWTWindow.UnsetJAWTRootSurfaceLayer0(JJ)V+0
j  jogamp.nativewindow.jawt.macosx.MacOSXJAWTWindow.access$200(JJ)V+2
j  jogamp.nativewindow.jawt.macosx.MacOSXJAWTWindow$1.run()V+38
J 2060 C1 com.jogamp.common.util.RunnableTask.run()V (345 bytes) @ 0x000000010d25b814 [0x000000010d25b680+0x194]
v  ~StubRoutines::call_stub
V  [libjvm.dylib+0x2eab02]  JavaCalls::call_helper(JavaValue*, methodHandle*, JavaCallArguments*, Thread*)+0x6ae
V  [libjvm.dylib+0x321bab]  jni_invoke_nonstatic(JNIEnv_*, JavaValue*, _jobject*, JNICallType, _jmethodID*, JNI_ArgumentPusher*, Thread*)+0x2ec
V  [libjvm.dylib+0x31437f]  jni_CallVoidMethod+0x16b
C  [libnativewindow_macosx.jnilib+0x5326]  Java_jogamp_nativewindow_jawt_macosx_MacOSXJAWTWindow_UnsetJAWTRootSurfaceLayer0+0x2b6
C  [Foundation+0x92dd0]  __NSThreadPerformPerform+0x125
C  [CoreFoundation+0x80a01]  __CFRUNLOOP_IS_CALLING_OUT_TO_A_SOURCE0_PERFORM_FUNCTION__+0x11
C  [CoreFoundation+0x72c5c]  __CFRunLoopDoSources0+0x1dc
C  [CoreFoundation+0x721bf]  __CFRunLoopRun+0x39f
C  [CoreFoundation+0x71bd8]  CFRunLoopRunSpecific+0x128
C  [HIToolbox+0x3256f]  RunCurrentEventLoopInMode+0xeb
C  [HIToolbox+0x321ee]  ReceiveNextEventCommon+0xb3
C  [HIToolbox+0x3212b]  _BlockUntilNextEventMatchingListInModeWithFilter+0x47
C  [AppKit+0x918ab]  _DPSNextEvent+0x3d2
C  [AppKit+0x90e58]  -[NSApplication nextEventMatchingMask:untilDate:inMode:dequeue:]+0x15a
C  [libosxapp.dylib+0x23aa]  -[NSApplicationAWT nextEventMatchingMask:untilDate:inMode:dequeue:]+0x7c
C  [AppKit+0x86af3]  -[NSApplication run]+0x252
C  [libosxapp.dylib+0x214d]  +[NSApplicationAWT runAWTLoopWithApp:]+0x9c
C  [libawt_lwawt.dylib+0x44517]  -[AWTStarter starter:]+0x389
C  [Foundation+0x92dd0]  __NSThreadPerformPerform+0x125
C  [CoreFoundation+0x80a01]  __CFRUNLOOP_IS_CALLING_OUT_TO_A_SOURCE0_PERFORM_FUNCTION__+0x11
C  [CoreFoundation+0x72b8d]  __CFRunLoopDoSources0+0x10d
C  [CoreFoundation+0x721bf]  __CFRunLoopRun+0x39f
C  [CoreFoundation+0x71bd8]  CFRunLoopRunSpecific+0x128
C  [java+0x6463]  CreateExecutionEnvironment+0x367
C  [java+0x21ac]  JLI_Launch+0x7a0
C  [java+0x84c0]  main+0x65
C  [java+0x1a04]  start+0x34
C  0x0000000000000007

Java frames: (J=compiled Java code, j=interpreted, Vv=VM code)
j  jogamp.nativewindow.jawt.macosx.MacOSXJAWTWindow.UnsetJAWTRootSurfaceLayer0(JJ)V+0
j  jogamp.nativewindow.jawt.macosx.MacOSXJAWTWindow.access$200(JJ)V+2
j  jogamp.nativewindow.jawt.macosx.MacOSXJAWTWindow$1.run()V+38
J 2060 C1 com.jogamp.common.util.RunnableTask.run()V (345 bytes) @ 0x000000010d25b814 [0x000000010d25b680+0x194]
v  ~StubRoutines::call_stub

---------------  P R O C E S S  ---------------

Java Threads: ( => current thread )
  0x00007fabee84c800 JavaThread "Thread-20" [_thread_blocked, id=65087, stack(0x00000001801bf000,0x00000001802bf000)]
  0x00007fabfca55000 JavaThread "AWT-EventQueue-1" [_thread_in_native, id=61475, stack(0x00000001774dc000,0x00000001775dc000)]
  0x00007fabfb20a000 JavaThread "DestroyJavaVM" [_thread_blocked, id=3331, stack(0x000000010bf0d000,0x000000010c00d000)]
  0x00007fabfc169800 JavaThread "AWT-EventQueue-0" [_thread_blocked, id=53511, stack(0x000000012b156000,0x000000012b256000)]
  0x00007fabfc158800 JavaThread "Java2D Disposer" daemon [_thread_blocked, id=51231, stack(0x0000000129ed1000,0x0000000129fd1000)]
  0x00007fabfc900800 JavaThread "Java2D Queue Flusher" daemon [_thread_blocked, id=49415, stack(0x0000000128ebc000,0x0000000128fbc000)]
  0x00007fabfc81b800 JavaThread "AWT-Shutdown" [_thread_blocked, id=28179, stack(0x00000001260d6000,0x00000001261d6000)]
=>0x00007fabfb860800 JavaThread "AWT-AppKit" daemon [_thread_in_native, id=1811, stack(0x00007fff5457c000,0x00007fff54d7c000)]
  0x00007fabfb031000 JavaThread "Service Thread" daemon [_thread_blocked, id=18179, stack(0x000000012461e000,0x000000012471e000)]
  0x00007fabfb844000 JavaThread "C1 CompilerThread2" daemon [_thread_blocked, id=17667, stack(0x000000012451b000,0x000000012461b000)]
  0x00007fabfb843800 JavaThread "C2 CompilerThread1" daemon [_thread_blocked, id=17155, stack(0x0000000124418000,0x0000000124518000)]
  0x00007fabfb84c800 JavaThread "C2 CompilerThread0" daemon [_thread_blocked, id=16643, stack(0x0000000124315000,0x0000000124415000)]
  0x00007fabfb801000 JavaThread "Signal Dispatcher" daemon [_thread_blocked, id=13335, stack(0x0000000124212000,0x0000000124312000)]
  0x00007fabfc004800 JavaThread "Finalizer" daemon [_thread_blocked, id=11523, stack(0x0000000122802000,0x0000000122902000)]
  0x00007fabfc003800 JavaThread "Reference Handler" daemon [_thread_blocked, id=11011, stack(0x00000001226ff000,0x00000001227ff000)]

Other Threads:
  0x00007fabfc834800 VMThread [stack: 0x00000001225fc000,0x00000001226fc000] [id=10499]
  0x00007fabfb032000 WatcherThread [stack: 0x0000000124721000,0x0000000124821000] [id=18691]

VM state:not at safepoint (normal execution)

VM Mutex/Monitor currently owned by a thread: None

Heap:
 PSYoungGen      total 46080K, used 26100K [0x0000000795580000, 0x0000000798800000, 0x00000007c0000000)
  eden space 40960K, 51% used [0x0000000795580000,0x00000007969feeb0,0x0000000797d80000)
  from space 5120K, 99% used [0x0000000798300000,0x00000007987fe2a0,0x0000000798800000)
  to   space 5120K, 0% used [0x0000000797e00000,0x0000000797e00000,0x0000000798300000)
 ParOldGen       total 84992K, used 20600K [0x0000000740000000, 0x0000000745300000, 0x0000000795580000)
  object space 84992K, 24% used [0x0000000740000000,0x000000074141e368,0x0000000745300000)
 Metaspace       used 25378K, capacity 25581K, committed 25856K, reserved 1073152K
  class space    used 1967K, capacity 2046K, committed 2048K, reserved 1048576K

Card table byte_map: [0x000000011bdc0000,0x000000011c1c1000] byte_map_base: 0x00000001183c0000

Marking Bits: (ParMarkBitMap*) 0x000000010b861e20
 Begin Bits: [0x000000011c775000, 0x000000011e775000)
 End Bits:   [0x000000011e775000, 0x0000000120775000)

Polling page: 0x000000010c069000

CodeCache: size=245760Kb used=8857Kb max_used=8859Kb free=236902Kb
 bounds [0x000000010ca00000, 0x000000010d2b0000, 0x000000011ba00000]
 total_blobs=3011 nmethods=2127 adapters=797
 compilation: enabled

Compilation events (10 events):
Event: 11.538 Thread 0x00007fabfb844000 nmethod 2138 0x000000010d2982d0 code [0x000000010d298440, 0x000000010d298650]
Event: 11.538 Thread 0x00007fabfb844000 2137       3       java.lang.AbstractStringBuilder::append (62 bytes)
Event: 11.539 Thread 0x00007fabfb844000 nmethod 2137 0x000000010d295bd0 code [0x000000010d295da0, 0x000000010d296488]
Event: 11.556 Thread 0x00007fabfb84c800 nmethod 2136 0x000000010d2ad7d0 code [0x000000010d2ada00, 0x000000010d2ae5e8]
Event: 11.558 Thread 0x00007fabfb844000 2139       3       java.awt.Rectangle::isEmpty (20 bytes)
Event: 11.560 Thread 0x00007fabfb844000 nmethod 2139 0x000000010d295810 code [0x000000010d295980, 0x000000010d295b70]
Event: 11.635 Thread 0x00007fabfb844000 2140       3       java.util.HashMap::putVal (300 bytes)
Event: 11.636 Thread 0x00007fabfb844000 nmethod 2140 0x000000010d29eb50 code [0x000000010d29edc0, 0x000000010d2a0078]
Event: 11.644 Thread 0x00007fabfb844000 2141   !   3       java.awt.AWTEvent::dispatched (47 bytes)
Event: 11.645 Thread 0x00007fabfb844000 nmethod 2141 0x000000010d299510 code [0x000000010d299700, 0x000000010d29a138]

GC Heap History (10 events):
Event: 2.861 GC heap before
{Heap before GC invocations=1 (full 0):
 PSYoungGen      total 38400K, used 33280K [0x0000000795580000, 0x0000000798000000, 0x00000007c0000000)
  eden space 33280K, 100% used [0x0000000795580000,0x0000000797600000,0x0000000797600000)
  from space 5120K, 0% used [0x0000000797b00000,0x0000000797b00000,0x0000000798000000)
  to   space 5120K, 0% used [0x0000000797600000,0x0000000797600000,0x0000000797b00000)
 ParOldGen       total 87552K, used 0K [0x0000000740000000, 0x0000000745580000, 0x0000000795580000)
  object space 87552K, 0% used [0x0000000740000000,0x0000000740000000,0x0000000745580000)
 Metaspace       used 15844K, capacity 16031K, committed 16384K, reserved 1064960K
  class space    used 1597K, capacity 1692K, committed 1792K, reserved 1048576K
Event: 2.869 GC heap after
Heap after GC invocations=1 (full 0):
 PSYoungGen      total 38400K, used 4888K [0x0000000795580000, 0x0000000798000000, 0x00000007c0000000)
  eden space 33280K, 0% used [0x0000000795580000,0x0000000795580000,0x0000000797600000)
  from space 5120K, 95% used [0x0000000797600000,0x0000000797ac6218,0x0000000797b00000)
  to   space 5120K, 0% used [0x0000000797b00000,0x0000000797b00000,0x0000000798000000)
 ParOldGen       total 87552K, used 8K [0x0000000740000000, 0x0000000745580000, 0x0000000795580000)
  object space 87552K, 0% used [0x0000000740000000,0x0000000740002000,0x0000000745580000)
 Metaspace       used 15844K, capacity 16031K, committed 16384K, reserved 1064960K
  class space    used 1597K, capacity 1692K, committed 1792K, reserved 1048576K
}
Event: 3.818 GC heap before
{Heap before GC invocations=2 (full 0):
 PSYoungGen      total 38400K, used 35613K [0x0000000795580000, 0x0000000798000000, 0x00000007c0000000)
  eden space 33280K, 92% used [0x0000000795580000,0x00000007973815c8,0x0000000797600000)
  from space 5120K, 95% used [0x0000000797600000,0x0000000797ac6218,0x0000000797b00000)
  to   space 5120K, 0% used [0x0000000797b00000,0x0000000797b00000,0x0000000798000000)
 ParOldGen       total 87552K, used 8K [0x0000000740000000, 0x0000000745580000, 0x0000000795580000)
  object space 87552K, 0% used [0x0000000740000000,0x0000000740002000,0x0000000745580000)
 Metaspace       used 20928K, capacity 21114K, committed 21296K, reserved 1069056K
  class space    used 1820K, capacity 1885K, committed 1920K, reserved 1048576K
Event: 3.832 GC heap after
Heap after GC invocations=2 (full 0):
 PSYoungGen      total 38400K, used 5088K [0x0000000795580000, 0x0000000798000000, 0x00000007c0000000)
  eden space 33280K, 0% used [0x0000000795580000,0x0000000795580000,0x0000000797600000)
  from space 5120K, 99% used [0x0000000797b00000,0x0000000797ff8060,0x0000000798000000)
  to   space 5120K, 0% used [0x0000000797600000,0x0000000797600000,0x0000000797b00000)
 ParOldGen       total 87552K, used 10011K [0x0000000740000000, 0x0000000745580000, 0x0000000795580000)
  object space 87552K, 11% used [0x0000000740000000,0x00000007409c6cf0,0x0000000745580000)
 Metaspace       used 20928K, capacity 21114K, committed 21296K, reserved 1069056K
  class space    used 1820K, capacity 1885K, committed 1920K, reserved 1048576K
}
Event: 3.832 GC heap before
{Heap before GC invocations=3 (full 1):
 PSYoungGen      total 38400K, used 5088K [0x0000000795580000, 0x0000000798000000, 0x00000007c0000000)
  eden space 33280K, 0% used [0x0000000795580000,0x0000000795580000,0x0000000797600000)
  from space 5120K, 99% used [0x0000000797b00000,0x0000000797ff8060,0x0000000798000000)
  to   space 5120K, 0% used [0x0000000797600000,0x0000000797600000,0x0000000797b00000)
 ParOldGen       total 87552K, used 10011K [0x0000000740000000, 0x0000000745580000, 0x0000000795580000)
  object space 87552K, 11% used [0x0000000740000000,0x00000007409c6cf0,0x0000000745580000)
 Metaspace       used 20928K, capacity 21114K, committed 21296K, reserved 1069056K
  class space    used 1820K, capacity 1885K, committed 1920K, reserved 1048576K
Event: 3.910 GC heap after
Heap after GC invocations=3 (full 1):
 PSYoungGen      total 38400K, used 0K [0x0000000795580000, 0x0000000798000000, 0x00000007c0000000)
  eden space 33280K, 0% used [0x0000000795580000,0x0000000795580000,0x0000000797600000)
  from space 5120K, 0% used [0x0000000797b00000,0x0000000797b00000,0x0000000798000000)
  to   space 5120K, 0% used [0x0000000797600000,0x0000000797600000,0x0000000797b00000)
 ParOldGen       total 84992K, used 14991K [0x0000000740000000, 0x0000000745300000, 0x0000000795580000)
  object space 84992K, 17% used [0x0000000740000000,0x0000000740ea3e10,0x0000000745300000)
 Metaspace       used 20928K, capacity 21114K, committed 21296K, reserved 1069056K
  class space    used 1820K, capacity 1885K, committed 1920K, reserved 1048576K
}
Event: 6.291 GC heap before
{Heap before GC invocations=4 (full 1):
 PSYoungGen      total 38400K, used 33280K [0x0000000795580000, 0x0000000798000000, 0x00000007c0000000)
  eden space 33280K, 100% used [0x0000000795580000,0x0000000797600000,0x0000000797600000)
  from space 5120K, 0% used [0x0000000797b00000,0x0000000797b00000,0x0000000798000000)
  to   space 5120K, 0% used [0x0000000797600000,0x0000000797600000,0x0000000797b00000)
 ParOldGen       total 84992K, used 14991K [0x0000000740000000, 0x0000000745300000, 0x0000000795580000)
  object space 84992K, 17% used [0x0000000740000000,0x0000000740ea3e10,0x0000000745300000)
 Metaspace       used 24617K, capacity 24804K, committed 25088K, reserved 1073152K
  class space    used 1959K, capacity 2014K, committed 2048K, reserved 1048576K
Event: 6.300 GC heap after
Heap after GC invocations=4 (full 1):
 PSYoungGen      total 38400K, used 5092K [0x0000000795580000, 0x0000000798800000, 0x00000007c0000000)
  eden space 33280K, 0% used [0x0000000795580000,0x0000000795580000,0x0000000797600000)
  from space 5120K, 99% used [0x0000000797600000,0x0000000797af90c8,0x0000000797b00000)
  to   space 5120K, 0% used [0x0000000798300000,0x0000000798300000,0x0000000798800000)
 ParOldGen       total 84992K, used 17032K [0x0000000740000000, 0x0000000745300000, 0x0000000795580000)
  object space 84992K, 20% used [0x0000000740000000,0x00000007410a2328,0x0000000745300000)
 Metaspace       used 24617K, capacity 24804K, committed 25088K, reserved 1073152K
  class space    used 1959K, capacity 2014K, committed 2048K, reserved 1048576K
}
Event: 8.530 GC heap before
{Heap before GC invocations=5 (full 1):
 PSYoungGen      total 38400K, used 38297K [0x0000000795580000, 0x0000000798800000, 0x00000007c0000000)
  eden space 33280K, 99% used [0x0000000795580000,0x00000007975ed660,0x0000000797600000)
  from space 5120K, 99% used [0x0000000797600000,0x0000000797af90c8,0x0000000797b00000)
  to   space 5120K, 0% used [0x0000000798300000,0x0000000798300000,0x0000000798800000)
 ParOldGen       total 84992K, used 17032K [0x0000000740000000, 0x0000000745300000, 0x0000000795580000)
  object space 84992K, 20% used [0x0000000740000000,0x00000007410a2328,0x0000000745300000)
 Metaspace       used 25135K, capacity 25357K, committed 25600K, reserved 1073152K
  class space    used 1959K, capacity 2014K, committed 2048K, reserved 1048576K
Event: 8.538 GC heap after
Heap after GC invocations=5 (full 1):
 PSYoungGen      total 46080K, used 5112K [0x0000000795580000, 0x0000000798800000, 0x00000007c0000000)
  eden space 40960K, 0% used [0x0000000795580000,0x0000000795580000,0x0000000797d80000)
  from space 5120K, 99% used [0x0000000798300000,0x00000007987fe2a0,0x0000000798800000)
  to   space 5120K, 0% used [0x0000000797e00000,0x0000000797e00000,0x0000000798300000)
 ParOldGen       total 84992K, used 20600K [0x0000000740000000, 0x0000000745300000, 0x0000000795580000)
  object space 84992K, 24% used [0x0000000740000000,0x000000074141e368,0x0000000745300000)
 Metaspace       used 25135K, capacity 25357K, committed 25600K, reserved 1073152K
  class space    used 1959K, capacity 2014K, committed 2048K, reserved 1048576K
}

Deoptimization events (10 events):
Event: 3.566 Thread 0x00007fabfca55000 Uncommon trap: reason=unstable_if action=reinterpret pc=0x000000010cba5650 method=java.lang.AbstractStringBuilder.append(Ljava/lang/String;)Ljava/lang/AbstractStringBuilder; @ 1
Event: 3.736 Thread 0x00007fabfca55000 Uncommon trap: reason=unstable_if action=reinterpret pc=0x000000010cdb9afc method=com.jogamp.common.util.IntIntHashMap.get(I)I @ 28
Event: 3.739 Thread 0x00007fabfbab1000 Uncommon trap: reason=unstable_if action=reinterpret pc=0x000000010cba4cf8 method=java.lang.AbstractStringBuilder.append(Ljava/lang/String;)Ljava/lang/AbstractStringBuilder; @ 1
Event: 5.458 Thread 0x00007fabfca55000 Uncommon trap: reason=unstable_if action=reinterpret pc=0x000000010cee887c method=java.util.Vector.indexOf(Ljava/lang/Object;I)I @ 41
Event: 11.555 Thread 0x00007fabfca55000 Uncommon trap: reason=unstable_if action=reinterpret pc=0x000000010d166ce8 method=com.jogamp.common.util.VersionNumber.compareTo(Lcom/jogamp/common/util/VersionNumber;)I @ 21
Event: 11.556 Thread 0x00007fabfc905000 Uncommon trap: reason=unstable_if action=reinterpret pc=0x000000010d10cc2c method=java.security.AccessControlContext.combine([Ljava/security/ProtectionDomain;[Ljava/security/ProtectionDomain;)[Ljava/security/ProtectionDomain; @ 151
Event: 11.602 Thread 0x00007fabfc905000 Uncommon trap: reason=unstable_if action=reinterpret pc=0x000000010cf11868 method=java.util.HashMap.putVal(ILjava/lang/Object;Ljava/lang/Object;ZZ)Ljava/lang/Object; @ 81
Event: 11.602 Thread 0x00007fabfc905000 Uncommon trap: reason=unstable_if action=reinterpret pc=0x000000010cf13974 method=java.util.HashMap.putVal(ILjava/lang/Object;Ljava/lang/Object;ZZ)Ljava/lang/Object; @ 81
Event: 11.637 Thread 0x00007fabfca55000 Uncommon trap: reason=unstable_if action=reinterpret pc=0x000000010cec2530 method=java.security.AccessControlContext.combine([Ljava/security/ProtectionDomain;[Ljava/security/ProtectionDomain;)[Ljava/security/ProtectionDomain; @ 151
Event: 11.637 Thread 0x00007fabee84c800 Uncommon trap: reason=predicate action=maybe_recompile pc=0x000000010d06ca38 method=java.util.Vector.indexOf(Ljava/lang/Object;I)I @ 44

Internal exceptions (10 events):
Event: 0.207 Thread 0x00007fabfb805800 Exception <a 'java/lang/NoSuchFieldError': method resolution failed> (0x0000000795838108) thrown at [/Users/java_re/workspace/8-2-build-macosx-x86_64/jdk8u65/4987/hotspot/src/share/vm/prims/methodHandles.cpp, line 1146]
Event: 0.476 Thread 0x00007fabfb805800 Exception <a 'java/io/FileNotFoundException'> (0x00000007958b3f20) thrown at [/Users/java_re/workspace/8-2-build-macosx-x86_64/jdk8u65/4987/hotspot/src/share/vm/prims/jni.cpp, line 709]
Event: 0.476 Thread 0x00007fabfb805800 Exception <a 'java/io/FileNotFoundException'> (0x00000007958b4aa8) thrown at [/Users/java_re/workspace/8-2-build-macosx-x86_64/jdk8u65/4987/hotspot/src/share/vm/prims/jni.cpp, line 709]
Event: 0.613 Thread 0x00007fabfb805800 Exception <a 'java/io/FileNotFoundException'> (0x00000007959efe70) thrown at [/Users/java_re/workspace/8-2-build-macosx-x86_64/jdk8u65/4987/hotspot/src/share/vm/prims/jni.cpp, line 709]
Event: 2.495 Thread 0x00007fabfc25a000 Exception <a 'java/lang/UnsatisfiedLinkError': com.jogamp.common.util.JarUtil.fixNativeLibAttribs(Ljava/lang/String;)Z> (0x0000000796af9f88) thrown at [/Users/java_re/workspace/8-2-build-macosx-x86_64/jdk8u65/4987/hotspot/src/share/vm/prims/nativeLookup.c
Event: 2.872 Thread 0x00007fabfc004800 Exception <a 'java/lang/NullPointerException'> (0x00000007956a4e00) thrown at [/Users/java_re/workspace/8-2-build-macosx-x86_64/jdk8u65/4987/hotspot/src/share/vm/interpreter/linkResolver.cpp, line 1178]
Event: 3.565 Thread 0x00007fabfca55000 Exception <a 'java/io/FileNotFoundException'> (0x0000000795e72638) thrown at [/Users/java_re/workspace/8-2-build-macosx-x86_64/jdk8u65/4987/hotspot/src/share/vm/prims/jni.cpp, line 709]
Event: 3.565 Thread 0x00007fabfca55000 Exception <a 'java/io/FileNotFoundException'> (0x0000000795e78730) thrown at [/Users/java_re/workspace/8-2-build-macosx-x86_64/jdk8u65/4987/hotspot/src/share/vm/prims/jni.cpp, line 709]
Event: 3.566 Thread 0x00007fabfca55000 Implicit null exception at 0x000000010cba52b3 to 0x000000010cba563d
Event: 3.739 Thread 0x00007fabfbab1000 Implicit null exception at 0x000000010cba4975 to 0x000000010cba4ce5

Events (10 events):
Event: 11.637 loading class java/awt/event/AWTEventListenerProxy
Event: 11.637 loading class java/awt/event/AWTEventListenerProxy done
Event: 11.637 loading class java/awt/Toolkit$ToolkitEventMulticaster
Event: 11.637 loading class java/awt/Toolkit$ToolkitEventMulticaster done
Event: 11.637 Thread 0x00007fabfc905000 Thread exited: 0x00007fabfc905000
Event: 11.637 Thread 0x00007fabee84c800 Uncommon trap: trap_request=0xffffff86 fr.pc=0x000000010d06ca38
Event: 11.637 Thread 0x00007fabee84c800 DEOPT PACKING pc=0x000000010d06ca38 sp=0x00000001802be770
Event: 11.637 Thread 0x00007fabee84c800 DEOPT UNPACKING pc=0x000000010ca05229 sp=0x00000001802be748 mode 2
Event: 11.637 loading class java/awt/Window$1DisposeAction
Event: 11.638 loading class java/awt/Window$1DisposeAction done


Dynamic libraries:
0x00000000047f8000 	/System/Library/Frameworks/Cocoa.framework/Versions/A/Cocoa
0x00000000047f8000 	/System/Library/Frameworks/Security.framework/Versions/A/Security
0x00000000047f8000 	/System/Library/Frameworks/ApplicationServices.framework/Versions/A/ApplicationServices
0x00000000047f8000 	/usr/lib/libz.1.dylib
0x00000000047f8000 	/usr/lib/libSystem.B.dylib
0x00000000047f8000 	/usr/lib/libobjc.A.dylib
0x00000000047f8000 	/System/Library/Frameworks/CoreFoundation.framework/Versions/A/CoreFoundation
0x00000000047f8000 	/System/Library/Frameworks/Foundation.framework/Versions/C/Foundation
0x00000000047f8000 	/System/Library/Frameworks/AppKit.framework/Versions/C/AppKit
0x00000000047f8000 	/System/Library/Frameworks/CoreData.framework/Versions/A/CoreData
0x00000000047f8000 	/System/Library/PrivateFrameworks/RemoteViewServices.framework/Versions/A/RemoteViewServices
0x00000000047f8000 	/System/Library/PrivateFrameworks/UIFoundation.framework/Versions/A/UIFoundation
0x00000000047f8000 	/System/Library/Frameworks/IOSurface.framework/Versions/A/IOSurface
0x00000000047f8000 	/System/Library/Frameworks/AudioToolbox.framework/Versions/A/AudioToolbox
0x00000000047f8000 	/System/Library/Frameworks/AudioUnit.framework/Versions/A/AudioUnit
0x00000000047f8000 	/System/Library/PrivateFrameworks/DataDetectorsCore.framework/Versions/A/DataDetectorsCore
0x00000000047f8000 	/System/Library/PrivateFrameworks/DesktopServicesPriv.framework/Versions/A/DesktopServicesPriv
0x00000000047f8000 	/System/Library/Frameworks/Carbon.framework/Versions/A/Frameworks/HIToolbox.framework/Versions/A/HIToolbox
0x00000000047f8000 	/System/Library/Frameworks/QuartzCore.framework/Versions/A/QuartzCore
0x00000000047f8000 	/System/Library/Frameworks/Carbon.framework/Versions/A/Frameworks/SpeechRecognition.framework/Versions/A/SpeechRecognition
0x00000000047f8000 	/usr/lib/libauto.dylib
0x00000000047f8000 	/usr/lib/libicucore.A.dylib
0x00000000047f8000 	/usr/lib/libxml2.2.dylib
0x00000000047f8000 	/System/Library/PrivateFrameworks/CoreUI.framework/Versions/A/CoreUI
0x00000000047f8000 	/System/Library/Frameworks/CoreAudio.framework/Versions/A/CoreAudio
0x00000000047f8000 	/System/Library/Frameworks/DiskArbitration.framework/Versions/A/DiskArbitration
0x00000000047f8000 	/usr/lib/liblangid.dylib
0x00000000047f8000 	/System/Library/PrivateFrameworks/MultitouchSupport.framework/Versions/A/MultitouchSupport
0x00000000047f8000 	/System/Library/Frameworks/IOKit.framework/Versions/A/IOKit
0x00000000047f8000 	/usr/lib/libDiagnosticMessagesClient.dylib
0x00000000047f8000 	/System/Library/Frameworks/CoreServices.framework/Versions/A/CoreServices
0x00000000047f8000 	/System/Library/PrivateFrameworks/PerformanceAnalysis.framework/Versions/A/PerformanceAnalysis
0x00000000047f8000 	/System/Library/PrivateFrameworks/GenerationalStorage.framework/Versions/A/GenerationalStorage
0x00000000047f8000 	/System/Library/Frameworks/OpenGL.framework/Versions/A/OpenGL
0x00000000047f8000 	/System/Library/PrivateFrameworks/Sharing.framework/Versions/A/Sharing
0x00000000047f8000 	/System/Library/Frameworks/CoreGraphics.framework/Versions/A/CoreGraphics
0x00000000047f8000 	/System/Library/Frameworks/CoreText.framework/Versions/A/CoreText
0x00000000047f8000 	/System/Library/Frameworks/ImageIO.framework/Versions/A/ImageIO
0x00000000047f8000 	/usr/lib/libextension.dylib
0x00000000047f8000 	/System/Library/PrivateFrameworks/Backup.framework/Versions/A/Backup
0x00000000047f8000 	/usr/lib/libarchive.2.dylib
0x00000000047f8000 	/System/Library/Frameworks/CFNetwork.framework/Versions/A/CFNetwork
0x00000000047f8000 	/System/Library/Frameworks/SystemConfiguration.framework/Versions/A/SystemConfiguration
0x00000000047f8000 	/usr/lib/libCRFSuite.dylib
0x00000000047f8000 	/usr/lib/libc++.1.dylib
0x00000000047f8000 	/usr/lib/libc++abi.dylib
0x00000000047f8000 	/usr/lib/system/libcache.dylib
0x00000000047f8000 	/usr/lib/system/libcommonCrypto.dylib
0x00000000047f8000 	/usr/lib/system/libcompiler_rt.dylib
0x00000000047f8000 	/usr/lib/system/libcopyfile.dylib
0x00000000047f8000 	/usr/lib/system/libcorecrypto.dylib
0x00000000047f8000 	/usr/lib/system/libdispatch.dylib
0x00000000047f8000 	/usr/lib/system/libdyld.dylib
0x00000000047f8000 	/usr/lib/system/libkeymgr.dylib
0x00000000047f8000 	/usr/lib/system/liblaunch.dylib
0x00000000047f8000 	/usr/lib/system/libmacho.dylib
0x00000000047f8000 	/usr/lib/system/libquarantine.dylib
0x00000000047f8000 	/usr/lib/system/libremovefile.dylib
0x00000000047f8000 	/usr/lib/system/libsystem_asl.dylib
0x00000000047f8000 	/usr/lib/system/libsystem_blocks.dylib
0x00000000047f8000 	/usr/lib/system/libsystem_c.dylib
0x00000000047f8000 	/usr/lib/system/libsystem_configuration.dylib
0x00000000047f8000 	/usr/lib/system/libsystem_coreservices.dylib
0x00000000047f8000 	/usr/lib/system/libsystem_coretls.dylib
0x00000000047f8000 	/usr/lib/system/libsystem_dnssd.dylib
0x00000000047f8000 	/usr/lib/system/libsystem_info.dylib
0x00000000047f8000 	/usr/lib/system/libsystem_kernel.dylib
0x00000000047f8000 	/usr/lib/system/libsystem_m.dylib
0x00000000047f8000 	/usr/lib/system/libsystem_malloc.dylib
0x00000000047f8000 	/usr/lib/system/libsystem_network.dylib
0x00000000047f8000 	/usr/lib/system/libsystem_networkextension.dylib
0x00000000047f8000 	/usr/lib/system/libsystem_notify.dylib
0x00000000047f8000 	/usr/lib/system/libsystem_platform.dylib
0x00000000047f8000 	/usr/lib/system/libsystem_pthread.dylib
0x00000000047f8000 	/usr/lib/system/libsystem_sandbox.dylib
0x00000000047f8000 	/usr/lib/system/libsystem_secinit.dylib
0x00000000047f8000 	/usr/lib/system/libsystem_stats.dylib
0x00000000047f8000 	/usr/lib/system/libsystem_trace.dylib
0x00000000047f8000 	/usr/lib/system/libunc.dylib
0x00000000047f8000 	/usr/lib/system/libunwind.dylib
0x00000000047f8000 	/usr/lib/system/libxpc.dylib
0x00000000047f8000 	/usr/lib/libbz2.1.0.dylib
0x00000000047f8000 	/usr/lib/liblzma.5.dylib
0x00000000047f8000 	/usr/lib/libbsm.0.dylib
0x00000000047f8000 	/usr/lib/libsqlite3.dylib
0x00000000047f8000 	/usr/lib/system/libkxld.dylib
0x00000000047f8000 	/usr/lib/libxar.1.dylib
0x00000000047f8000 	/usr/lib/libpam.2.dylib
0x00000000047f8000 	/usr/lib/libOpenScriptingUtil.dylib
0x00000000047f8000 	/System/Library/Frameworks/CoreServices.framework/Versions/A/Frameworks/FSEvents.framework/Versions/A/FSEvents
0x00000000047f8000 	/System/Library/Frameworks/CoreServices.framework/Versions/A/Frameworks/CarbonCore.framework/Versions/A/CarbonCore
0x00000000047f8000 	/System/Library/Frameworks/CoreServices.framework/Versions/A/Frameworks/Metadata.framework/Versions/A/Metadata
0x00000000047f8000 	/System/Library/Frameworks/CoreServices.framework/Versions/A/Frameworks/OSServices.framework/Versions/A/OSServices
0x00000000047f8000 	/System/Library/Frameworks/CoreServices.framework/Versions/A/Frameworks/SearchKit.framework/Versions/A/SearchKit
0x00000000047f8000 	/System/Library/Frameworks/CoreServices.framework/Versions/A/Frameworks/AE.framework/Versions/A/AE
0x00000000047f8000 	/System/Library/Frameworks/CoreServices.framework/Versions/A/Frameworks/LaunchServices.framework/Versions/A/LaunchServices
0x00000000047f8000 	/System/Library/Frameworks/CoreServices.framework/Versions/A/Frameworks/DictionaryServices.framework/Versions/A/DictionaryServices
0x00000000047f8000 	/System/Library/Frameworks/NetFS.framework/Versions/A/NetFS
0x00000000047f8000 	/System/Library/PrivateFrameworks/NetAuth.framework/Versions/A/NetAuth
0x00000000047f8000 	/System/Library/PrivateFrameworks/login.framework/Versions/A/Frameworks/loginsupport.framework/Versions/A/loginsupport
0x00000000047f8000 	/System/Library/PrivateFrameworks/TCC.framework/Versions/A/TCC
0x00000000047f8000 	/usr/lib/libmecabra.dylib
0x00000000047f8000 	/System/Library/Frameworks/ApplicationServices.framework/Versions/A/Frameworks/ATS.framework/Versions/A/ATS
0x00000000047f8000 	/System/Library/Frameworks/ApplicationServices.framework/Versions/A/Frameworks/ColorSync.framework/Versions/A/ColorSync
0x00000000047f8000 	/System/Library/Frameworks/ApplicationServices.framework/Versions/A/Frameworks/HIServices.framework/Versions/A/HIServices
0x00000000047f8000 	/System/Library/Frameworks/ApplicationServices.framework/Versions/A/Frameworks/LangAnalysis.framework/Versions/A/LangAnalysis
0x00000000047f8000 	/System/Library/Frameworks/ApplicationServices.framework/Versions/A/Frameworks/PrintCore.framework/Versions/A/PrintCore
0x00000000047f8000 	/System/Library/Frameworks/ApplicationServices.framework/Versions/A/Frameworks/QD.framework/Versions/A/QD
0x00000000047f8000 	/System/Library/Frameworks/ApplicationServices.framework/Versions/A/Frameworks/SpeechSynthesis.framework/Versions/A/SpeechSynthesis
0x00000000047f8000 	/System/Library/Frameworks/Accelerate.framework/Versions/A/Accelerate
0x00000000047f8000 	/System/Library/Frameworks/Accelerate.framework/Versions/A/Frameworks/vImage.framework/Versions/A/vImage
0x00000000047f8000 	/System/Library/Frameworks/Accelerate.framework/Versions/A/Frameworks/vecLib.framework/Versions/A/vecLib
0x00000000047f8000 	/System/Library/Frameworks/Accelerate.framework/Versions/A/Frameworks/vecLib.framework/Versions/A/libvDSP.dylib
0x00000000047f8000 	/System/Library/Frameworks/Accelerate.framework/Versions/A/Frameworks/vecLib.framework/Versions/A/libvMisc.dylib
0x00000000047f8000 	/System/Library/Frameworks/Accelerate.framework/Versions/A/Frameworks/vecLib.framework/Versions/A/libLAPACK.dylib
0x00000000047f8000 	/System/Library/Frameworks/Accelerate.framework/Versions/A/Frameworks/vecLib.framework/Versions/A/libBLAS.dylib
0x00000000047f8000 	/System/Library/Frameworks/Accelerate.framework/Versions/A/Frameworks/vecLib.framework/Versions/A/libLinearAlgebra.dylib
0x00000000047f8000 	/System/Library/Frameworks/ApplicationServices.framework/Versions/A/Frameworks/ATS.framework/Versions/A/Resources/libFontParser.dylib
0x00000000047f8000 	/System/Library/Frameworks/ApplicationServices.framework/Versions/A/Frameworks/ATS.framework/Versions/A/Resources/libFontRegistry.dylib
0x00000000047f8000 	/System/Library/PrivateFrameworks/AppleVPA.framework/Versions/A/AppleVPA
0x00000000047f8000 	/System/Library/PrivateFrameworks/AppleJPEG.framework/Versions/A/AppleJPEG
0x00000000047f8000 	/System/Library/Frameworks/ImageIO.framework/Versions/A/Resources/libJPEG.dylib
0x00000000047f8000 	/System/Library/Frameworks/ImageIO.framework/Versions/A/Resources/libTIFF.dylib
0x00000000047f8000 	/System/Library/Frameworks/ImageIO.framework/Versions/A/Resources/libPng.dylib
0x00000000047f8000 	/System/Library/Frameworks/ImageIO.framework/Versions/A/Resources/libGIF.dylib
0x00000000047f8000 	/System/Library/Frameworks/ImageIO.framework/Versions/A/Resources/libJP2.dylib
0x00000000047f8000 	/System/Library/Frameworks/ImageIO.framework/Versions/A/Resources/libRadiance.dylib
0x00000000047f8000 	/System/Library/Frameworks/CoreVideo.framework/Versions/A/CoreVideo
0x00000000047f8000 	/System/Library/Frameworks/OpenGL.framework/Versions/A/Libraries/libGLU.dylib
0x00000000047f8000 	/System/Library/Frameworks/OpenGL.framework/Versions/A/Libraries/libGFXShared.dylib
0x00000000047f8000 	/System/Library/Frameworks/OpenGL.framework/Versions/A/Libraries/libGL.dylib
0x00000000047f8000 	/System/Library/Frameworks/OpenGL.framework/Versions/A/Libraries/libGLImage.dylib
0x00000000047f8000 	/System/Library/Frameworks/OpenGL.framework/Versions/A/Libraries/libCVMSPluginSupport.dylib
0x00000000047f8000 	/System/Library/Frameworks/OpenGL.framework/Versions/A/Libraries/libCoreVMClient.dylib
0x00000000047f8000 	/usr/lib/libcups.2.dylib
0x00000000047f8000 	/System/Library/Frameworks/Kerberos.framework/Versions/A/Kerberos
0x00000000047f8000 	/System/Library/Frameworks/GSS.framework/Versions/A/GSS
0x00000000047f8000 	/usr/lib/libresolv.9.dylib
0x00000000047f8000 	/usr/lib/libiconv.2.dylib
0x00000000047f8000 	/System/Library/PrivateFrameworks/Heimdal.framework/Versions/A/Heimdal
0x00000000047f8000 	/usr/lib/libheimdal-asn1.dylib
0x00000000047f8000 	/System/Library/Frameworks/OpenDirectory.framework/Versions/A/OpenDirectory
0x00000000047f8000 	/System/Library/PrivateFrameworks/CommonAuth.framework/Versions/A/CommonAuth
0x00000000047f8000 	/System/Library/Frameworks/OpenDirectory.framework/Versions/A/Frameworks/CFOpenDirectory.framework/Versions/A/CFOpenDirectory
0x00000000047f8000 	/System/Library/Frameworks/SecurityFoundation.framework/Versions/A/SecurityFoundation
0x00000000047f8000 	/System/Library/PrivateFrameworks/LanguageModeling.framework/Versions/A/LanguageModeling
0x00000000047f8000 	/usr/lib/libcmph.dylib
0x00000000047f8000 	/System/Library/Frameworks/ServiceManagement.framework/Versions/A/ServiceManagement
0x00000000047f8000 	/usr/lib/libxslt.1.dylib
0x00000000047f8000 	/System/Library/Frameworks/Carbon.framework/Versions/A/Frameworks/Ink.framework/Versions/A/Ink
0x00000000047f8000 	/System/Library/Frameworks/QuartzCore.framework/Versions/A/Frameworks/CoreImage.framework/Versions/A/CoreImage
0x00000000047f8000 	/System/Library/PrivateFrameworks/CrashReporterSupport.framework/Versions/A/CrashReporterSupport
0x00000000047f8000 	/System/Library/Frameworks/OpenCL.framework/Versions/A/OpenCL
0x00000000047f8000 	/System/Library/PrivateFrameworks/FaceCore.framework/Versions/A/FaceCore
0x00000000047f8000 	/System/Library/PrivateFrameworks/Ubiquity.framework/Versions/A/Ubiquity
0x00000000047f8000 	/System/Library/PrivateFrameworks/IconServices.framework/Versions/A/IconServices
0x00000000047f8000 	/System/Library/PrivateFrameworks/ChunkingLibrary.framework/Versions/A/ChunkingLibrary
0x00000000047f8000 	/System/Library/PrivateFrameworks/Apple80211.framework/Versions/A/Apple80211
0x00000000047f8000 	/System/Library/Frameworks/CoreWLAN.framework/Versions/A/CoreWLAN
0x00000000047f8000 	/System/Library/Frameworks/IOBluetooth.framework/Versions/A/IOBluetooth
0x00000000047f8000 	/System/Library/PrivateFrameworks/CoreWiFi.framework/Versions/A/CoreWiFi
0x00000000047f8000 	/System/Library/Frameworks/CoreBluetooth.framework/Versions/A/CoreBluetooth
0x00000000047f8000 	/System/Library/PrivateFrameworks/DebugSymbols.framework/Versions/A/DebugSymbols
0x00000000047f8000 	/System/Library/PrivateFrameworks/CoreSymbolication.framework/Versions/A/CoreSymbolication
0x00000000047f8000 	/System/Library/PrivateFrameworks/Symbolication.framework/Versions/A/Symbolication
0x00000000047f8000 	/System/Library/PrivateFrameworks/SpeechRecognitionCore.framework/Versions/A/SpeechRecognitionCore
0x000000010af83000 	/Library/Java/JavaVirtualMachines/jdk1.8.0_65.jdk/Contents/Home/jre/lib/server/libjvm.dylib
0x00000000047f8000 	/usr/lib/libstdc++.6.dylib
0x000000010c026000 	/Library/Java/JavaVirtualMachines/jdk1.8.0_65.jdk/Contents/Home/jre/lib/libverify.dylib
0x000000010c034000 	/Library/Java/JavaVirtualMachines/jdk1.8.0_65.jdk/Contents/Home/jre/lib/libjava.dylib
0x000000010c073000 	/Library/Java/JavaVirtualMachines/jdk1.8.0_65.jdk/Contents/Home/jre/lib/libzip.dylib
0x0000000122904000 	/System/Library/Frameworks/JavaVM.framework/Frameworks/JavaRuntimeSupport.framework/JavaRuntimeSupport
0x000000012291a000 	/System/Library/Frameworks/JavaVM.framework/Versions/A/Frameworks/JavaNativeFoundation.framework/Versions/A/JavaNativeFoundation
0x000000010c1f0000 	/System/Library/Frameworks/JavaVM.framework/Versions/A/JavaVM
0x00000000047f8000 	/System/Library/Frameworks/Carbon.framework/Versions/A/Carbon
0x000000012292e000 	/System/Library/PrivateFrameworks/JavaLaunching.framework/Versions/A/JavaLaunching
0x00000000047f8000 	/System/Library/Frameworks/Carbon.framework/Versions/A/Frameworks/CommonPanels.framework/Versions/A/CommonPanels
0x00000000047f8000 	/System/Library/Frameworks/Carbon.framework/Versions/A/Frameworks/Help.framework/Versions/A/Help
0x00000000047f8000 	/System/Library/Frameworks/Carbon.framework/Versions/A/Frameworks/ImageCapture.framework/Versions/A/ImageCapture
0x00000000047f8000 	/System/Library/Frameworks/Carbon.framework/Versions/A/Frameworks/OpenScripting.framework/Versions/A/OpenScripting
0x00000000047f8000 	/System/Library/Frameworks/Carbon.framework/Versions/A/Frameworks/Print.framework/Versions/A/Print
0x00000000047f8000 	/System/Library/Frameworks/Carbon.framework/Versions/A/Frameworks/SecurityHI.framework/Versions/A/SecurityHI
0x0000000124825000 	/Library/Java/JavaVirtualMachines/jdk1.8.0_65.jdk/Contents/Home/jre/lib/libawt.dylib
0x00000001248cd000 	/Library/Java/JavaVirtualMachines/jdk1.8.0_65.jdk/Contents/Home/jre/lib/./libmlib_image.dylib
0x0000000124999000 	/Library/Java/JavaVirtualMachines/jdk1.8.0_65.jdk/Contents/Home/jre/lib/libawt_lwawt.dylib
0x0000000124a4e000 	/Library/Java/JavaVirtualMachines/jdk1.8.0_65.jdk/Contents/Home/jre/lib/./libosxapp.dylib
0x00000000047f8000 	/System/Library/Frameworks/ExceptionHandling.framework/Versions/A/ExceptionHandling
0x00000000047f8000 	/System/Library/PrivateFrameworks/CoreServicesInternal.framework/Versions/A/CoreServicesInternal
0x00000000047f8000 	/System/Library/PrivateFrameworks/CloudDocs.framework/Versions/A/CloudDocs
0x00000000047f8000 	/System/Library/PrivateFrameworks/CoreDuet.framework/Versions/A/CoreDuet
0x00000000047f8000 	/System/Library/Frameworks/CloudKit.framework/Versions/A/CloudKit
0x00000000047f8000 	/System/Library/PrivateFrameworks/ProtocolBuffer.framework/Versions/A/ProtocolBuffer
0x00000000047f8000 	/System/Library/PrivateFrameworks/CoreDuetDaemonProtocol.framework/Versions/A/CoreDuetDaemonProtocol
0x00000000047f8000 	/System/Library/PrivateFrameworks/CoreDuetDebugLogging.framework/Versions/A/CoreDuetDebugLogging
0x00000000047f8000 	/System/Library/PrivateFrameworks/MMCS.framework/Versions/A/MMCS
0x00000000047f8000 	/System/Library/Frameworks/CoreLocation.framework/Versions/A/CoreLocation
0x00000000047f8000 	/System/Library/PrivateFrameworks/ProtectedCloudStorage.framework/Versions/A/ProtectedCloudStorage
0x00000000047f8000 	/System/Library/PrivateFrameworks/GeoServices.framework/Versions/A/GeoServices
0x00000000047f8000 	/System/Library/Frameworks/CoreGraphics.framework/Versions/A/Resources/libCGCMS.A.dylib
0x00000000047f8000 	/System/Library/Frameworks/CoreGraphics.framework/Versions/A/Resources/libRIP.A.dylib
0x00000000047f8000 	/System/Library/Frameworks/CoreGraphics.framework/Versions/A/Resources/libCGXType.A.dylib
0x00000000047f8000 	/System/Library/Frameworks/OpenCL.framework/Versions/A/Libraries/libcldcpuengine.dylib
0x00000000047f8000 	/System/Library/PrivateFrameworks/DiskImages.framework/Versions/A/DiskImages
0x00000000047f8000 	/System/Library/Frameworks/DiscRecording.framework/Versions/A/DiscRecording
0x00000000047f8000 	/usr/lib/libcsfde.dylib
0x00000000047f8000 	/usr/lib/libcurl.4.dylib
0x00000000047f8000 	/System/Library/PrivateFrameworks/MediaKit.framework/Versions/A/MediaKit
0x00000000047f8000 	/usr/lib/libCoreStorage.dylib
0x00000000047f8000 	/System/Library/PrivateFrameworks/EFILogin.framework/Versions/A/EFILogin
0x00000000047f8000 	/usr/lib/libutil.dylib
0x00000000047f8000 	/System/Library/PrivateFrameworks/FindMyDevice.framework/Versions/A/FindMyDevice
0x00000000047f8000 	/System/Library/Frameworks/LDAP.framework/Versions/A/LDAP
0x00000000047f8000 	/usr/lib/libsasl2.2.dylib
0x00000000047f8000 	/System/Library/PrivateFrameworks/CoreDaemon.framework/Versions/B/CoreDaemon
0x00000000047f8000 	/usr/lib/libcrypto.0.9.8.dylib
0x00000000047f8000 	/System/Library/PrivateFrameworks/AppleSRP.framework/Versions/A/AppleSRP
0x00000000047f8000 	/System/Library/PrivateFrameworks/TrustEvaluationAgent.framework/Versions/A/TrustEvaluationAgent
0x0000000127c12000 	cl_kernels
0x0000000127c14000 	/System/Library/Frameworks/OpenCL.framework/Versions/A/Libraries/ImageFormats/unorm8_bgra.dylib
0x0000000127c04000 	cl_kernels
0x00000000047f8000 	/System/Library/PrivateFrameworks/FamilyControls.framework/Versions/A/FamilyControls
0x00000000047f8000 	/System/Library/PrivateFrameworks/CommerceKit.framework/Versions/A/Frameworks/CommerceCore.framework/Versions/A/CommerceCore
0x00000000047f8000 	/System/Library/PrivateFrameworks/SystemAdministration.framework/Versions/A/SystemAdministration
0x00000000047f8000 	/System/Library/PrivateFrameworks/AppContainer.framework/Versions/A/AppContainer
0x00000000047f8000 	/System/Library/PrivateFrameworks/SecCodeWrapper.framework/Versions/A/SecCodeWrapper
0x00000000047f8000 	/System/Library/Frameworks/DirectoryService.framework/Versions/A/DirectoryService
0x00000000047f8000 	/System/Library/PrivateFrameworks/LoginUIKit.framework/Versions/A/Frameworks/LoginUICore.framework/Versions/A/LoginUICore
0x00000000047f8000 	/usr/lib/libodfde.dylib
0x00000000047f8000 	/System/Library/Frameworks/OpenGL.framework/Versions/A/Resources/GLEngine.bundle/GLEngine
0x00000000047f8000 	/System/Library/Frameworks/OpenGL.framework/Versions/A/Libraries/libGLProgrammability.dylib
0x0000000128fbe000 	/System/Library/Extensions/AppleIntelBDWGraphicsGLDriver.bundle/Contents/MacOS/AppleIntelBDWGraphicsGLDriver
0x00000000047f8000 	/System/Library/PrivateFrameworks/IOAccelerator.framework/Versions/A/IOAccelerator
0x00000000047f8000 	/System/Library/PrivateFrameworks/GPUSupport.framework/Versions/A/Libraries/libGPUSupportMercury.dylib
0x00000000047f8000 	/System/Library/Frameworks/OpenGL.framework/Versions/A/Resources/GLRendererFloat.bundle/GLRendererFloat
0x0000000129fd3000 	/Library/Java/JavaVirtualMachines/jdk1.8.0_65.jdk/Contents/Home/jre/lib/libfontmanager.dylib
0x000000012b268000 	/Library/Java/JavaVirtualMachines/jdk1.8.0_65.jdk/Contents/Home/jre/lib/libosxui.dylib
0x000000012b4f6000 	/Library/Java/JavaVirtualMachines/jdk1.8.0_65.jdk/Contents/Home/jre/lib/libnet.dylib
0x000000012b2a7000 	/Library/Java/JavaVirtualMachines/jdk1.8.0_65.jdk/Contents/Home/jre/lib/libnio.dylib
0x00000000047f8000 	/System/Library/Frameworks/ApplicationServices.framework/Versions/A/Frameworks/ATS.framework/Versions/A/Resources/libTrueTypeScaler.dylib
0x0000000176c04000 	/private/var/folders/z_/6m0rqdfj6q5b2xv6frylmxs00000gn/T/jogamp_0000/file_cache/jln3979447840548417942/jln5369602376853245536/libgluegen-rt.jnilib
0x0000000176c09000 	/private/var/folders/z_/6m0rqdfj6q5b2xv6frylmxs00000gn/T/jogamp_0000/file_cache/jln3979447840548417942/jln5369602376853245536/libnativewindow_awt.jnilib
0x0000000176c0c000 	/Library/Java/JavaVirtualMachines/jdk1.8.0_65.jdk/Contents/Home/jre/lib/libjawt.dylib
0x0000000176c0f000 	/private/var/folders/z_/6m0rqdfj6q5b2xv6frylmxs00000gn/T/jogamp_0000/file_cache/jln3979447840548417942/jln5369602376853245536/libnativewindow_macosx.jnilib
0x00000001772e0000 	/private/var/folders/z_/6m0rqdfj6q5b2xv6frylmxs00000gn/T/jogamp_0000/file_cache/jln3979447840548417942/jln5369602376853245536/libjogl_desktop.jnilib

VM Arguments:
jvm_args: -Djava.security.policy=java.policy.applet -Dfile.encoding=UTF-8 
java_command: sun.applet.AppletViewer OfflineMapApp1471825545685.html
java_class_path (initial): /Users/moncreiffe1991/Downloads/UCSDUnfoldingMaps/build:/Users/moncreiffe1991/Downloads/UCSDUnfoldingMaps/lib/core.jar:/Users/moncreiffe1991/Downloads/UCSDUnfoldingMaps/lib/gluegen-rt.jar:/Users/moncreiffe1991/Downloads/UCSDUnfoldingMaps/lib/jogl-all.jar:/Users/moncreiffe1991/Downloads/UCSDUnfoldingMaps/lib/log4j-1.2.15.jar:/Users/moncreiffe1991/Downloads/UCSDUnfoldingMaps/lib/sqlite-jdbc-3.7.2.jar:/Users/moncreiffe1991/Downloads/UCSDUnfoldingMaps/lib/json4processing.jar:/Users/moncreiffe1991/Downloads/UCSDUnfoldingMaps/lib/libTUIO.jar:/Users/moncreiffe1991/Downloads/UCSDUnfoldingMaps/lib/unfolding.0.9.7-uscd.jar
Launcher Type: SUN_STANDARD

Environment Variables:
PATH=/usr/bin:/bin:/usr/sbin:/sbin
SHELL=/bin/bash

Signal Handlers:
SIGSEGV: [libjvm.dylib+0x5a6d31], sa_mask[0]=11111111011111110111111111111111, sa_flags=SA_ONSTACK|SA_RESTART|SA_SIGINFO
SIGBUS: [libjvm.dylib+0x5a6d31], sa_mask[0]=11111111011111110111111111111111, sa_flags=SA_RESTART|SA_SIGINFO
SIGFPE: [libjvm.dylib+0x480a40], sa_mask[0]=11111111011111110111111111111111, sa_flags=SA_RESTART|SA_SIGINFO
SIGPIPE: [libjvm.dylib+0x480a40], sa_mask[0]=11111111011111110111111111111111, sa_flags=SA_RESTART|SA_SIGINFO
SIGXFSZ: [libjvm.dylib+0x480a40], sa_mask[0]=11111111011111110111111111111111, sa_flags=SA_RESTART|SA_SIGINFO
SIGILL: [libjvm.dylib+0x480a40], sa_mask[0]=11111111011111110111111111111111, sa_flags=SA_RESTART|SA_SIGINFO
SIGUSR1: SIG_DFL, sa_mask[0]=00000000000000000000000000000000, sa_flags=none
SIGUSR2: [libjvm.dylib+0x48055e], sa_mask[0]=00100000000000000000000000000000, sa_flags=SA_RESTART|SA_SIGINFO
SIGHUP: [libjvm.dylib+0x47eb35], sa_mask[0]=11111111011111110111111111111111, sa_flags=SA_RESTART|SA_SIGINFO
SIGINT: [libjvm.dylib+0x47eb35], sa_mask[0]=11111111011111110111111111111111, sa_flags=SA_RESTART|SA_SIGINFO
SIGTERM: [libjvm.dylib+0x47eb35], sa_mask[0]=11111111011111110111111111111111, sa_flags=SA_RESTART|SA_SIGINFO
SIGQUIT: [libjvm.dylib+0x47eb35], sa_mask[0]=11111111011111110111111111111111, sa_flags=SA_RESTART|SA_SIGINFO


---------------  S Y S T E M  ---------------

OS:Bsduname:Darwin 14.5.0 Darwin Kernel Version 14.5.0: Wed Jul 29 02:26:53 PDT 2015; root:xnu-2782.40.9~1/RELEASE_X86_64 x86_64
rlimit: STACK 8192k, CORE 0k, NPROC 709, NOFILE 10240, AS infinity
load average:1.95 1.60 1.54

CPU:total 4 (2 cores per cpu, 2 threads per core) family 6 model 61 stepping 4, cmov, cx8, fxsr, mmx, sse, sse2, sse3, ssse3, sse4.1, sse4.2, popcnt, avx, avx2, aes, clmul, erms, 3dnowpref, lzcnt, ht, tsc, tscinvbit, bmi1, bmi2, adx

Memory: 4k page, physical 8388608k(2758508k free)

/proc/meminfo:


vm_info: Java HotSpot(TM) 64-Bit Server VM (25.65-b01) for bsd-amd64 JRE (1.8.0_65-b17), built on Oct  6 2015 15:36:46 by "java_re" with gcc 4.2.1 (Based on Apple Inc. build 5658) (LLVM build 2336.11.00)

time: Sun Aug 21 20:25:57 2016
elapsed time: 11 seconds (0d 0h 0m 11s)

