#
# A fatal error has been detected by the Java Runtime Environment:
#
#  SIGSEGV (0xb) at pc=0x00007fff926e70dd, pid=1158, tid=1811
#
# JRE version: Java(TM) SE Runtime Environment (8.0_65-b17) (build 1.8.0_65-b17)
# Java VM: Java HotSpot(TM) 64-Bit Server VM (25.65-b01 mixed mode bsd-amd64 compressed oops)
# Problematic frame:
# C  [libobjc.A.dylib+0x10dd]  objc_msgSend+0x1d
#
# Failed to write core dump. Core dumps have been disabled. To enable core dumping, try "ulimit -c unlimited" before starting Java again
#
# If you would like to submit a bug report, please visit:
#   http://bugreport.java.com/bugreport/crash.jsp
# The crash happened outside the Java Virtual Machine in native code.
# See problematic frame for where to report the bug.
#

---------------  T H R E A D  ---------------

Current thread (0x00007f924c8aa000):  JavaThread "AWT-AppKit" daemon [_thread_in_native, id=1811, stack(0x00007fff50228000,0x00007fff50a28000)]

siginfo: si_signo: 11 (SIGSEGV), si_code: 1 (SEGV_MAPERR), si_addr: 0x000007f92509aa10

Registers:
RAX=0x00007f9250ab46a0, RBX=0x000000017afae450, RCX=0x000000012b4a9020, RDX=0x000000012f41cd60
RSP=0x00007fff50a234d8, RBP=0x00007fff50a23590, RSI=0x00007fff93eb940f, RDI=0x00007f9250994c40
R8 =0x0000000000000000, R9 =0x0000000000000f50, R10=0x00007fff93eb940f, R11=0x000007f92509a9f8
R12=0x0000000000000000, R13=0x000000017f015b00, R14=0x000000017afae440, R15=0x00007f924c8aa000
RIP=0x00007fff926e70dd, EFLAGS=0x0000000000010202, ERR=0x0000000000000004
  TRAPNO=0x000000000000000e

Top of Stack: (sp=0x00007fff50a234d8)
0x00007fff50a234d8:   000000017afac157 00007fff50a23530
0x00007fff50a234e8:   0000000000000003 00007fff50a23510
0x00007fff50a234f8:   000000010f4c89a6 000000017f015b00
0x00007fff50a23508:   000000017f015b00 00007f9250ab46a0
0x00007fff50a23518:   000000017afae6a0 000000017afae710
0x00007fff50a23528:   00007fff75a9a550 00007fff7659dc80
0x00007fff50a23538:   000000017afae450 000000017afae690
0x00007fff50a23548:   00007f9250ab46a0 00007f9250994c40
0x00007fff50a23558:   00007f924bd17ed0 00007f9250ab46a0
0x00007fff50a23568:   00007f9250994c40 00007fff50a23618
0x00007fff50a23578:   00007f924c8aa1f8 000000017f015b00
0x00007fff50a23588:   00007fff50a23640 00007fff50a23608
0x00007fff50a23598:   0000000110c15954 000000017f015b00
0x00007fff50a235a8:   00007fff50a23640 00007fff50a23608
0x00007fff50a235b8:   0000000110c156e7 0000000110c156a2
0x00007fff50a235c8:   00007fff50a235c8 000000017f015b00
0x00007fff50a235d8:   00007fff50a23640 000000017f0172b0
0x00007fff50a235e8:   0000000000000000 000000017f015b00
0x00007fff50a235f8:   0000000000000000 00007fff50a23628
0x00007fff50a23608:   00007fff50a23688 0000000110c07c4d
0x00007fff50a23618:   0000000740ec7cd8 0000000110c0f578
0x00007fff50a23628:   00007f9250ab46a0 00007fff50a23688
0x00007fff50a23638:   00007f9250994c40 0000000110c10d82
0x00007fff50a23648:   00007fff50a23648 000000017f015cca
0x00007fff50a23658:   00007fff50a236b0 000000017f0172b0
0x00007fff50a23668:   0000000000000000 000000017f015cd8
0x00007fff50a23678:   00007fff50a23628 00007fff50a23698
0x00007fff50a23688:   00007fff50a236f8 0000000110c07c4d
0x00007fff50a23698:   00007f9250ab46a0 0000000740b25f18
0x00007fff50a236a8:   00007f9250994c40 0000000740b25f18
0x00007fff50a236b8:   00007fff50a236b8 000000018710d906
0x00007fff50a236c8:   00007fff50a23708 000000018710d9c0 

Instructions: (pc=0x00007fff926e70dd)
0x00007fff926e70bd:   00 00 00 48 85 ff 2e 74 7a 40 f6 c7 01 2e 75 7e
0x00007fff926e70cd:   49 bb f8 ff ff ff ff 7f 00 00 4c 23 1f 49 89 f2
0x00007fff926e70dd:   45 23 53 18 49 c1 e2 04 4d 03 53 10 49 3b 32 75
0x00007fff926e70ed:   04 41 ff 62 08 49 83 3a 00 74 6a 4d 3b 53 10 74 

Register to memory mapping:

RAX=0x00007f9250ab46a0 is an unknown value
RBX=0x000000017afae450: Java_jogamp_nativewindow_macosx_OSXUtil_GetScreenRefreshRate0+0x1cf0 in /private/var/folders/z_/6m0rqdfj6q5b2xv6frylmxs00000gn/T/jogamp_0000/file_cache/jln4952143517936291333/jln1116009156036229416/libnativewindow_macosx.jnilib at 0x000000017afa7000
RCX=0x000000012b4a9020 is an unknown value
RDX=0x000000012f41cd60 is an unknown value
RSP=0x00007fff50a234d8 is pointing into the stack for thread: 0x00007f924c8aa000
RBP=0x00007fff50a23590 is pointing into the stack for thread: 0x00007f924c8aa000
RSI=0x00007fff93eb940f is an unknown value
RDI=0x00007f9250994c40 is an unknown value
R8 =0x0000000000000000 is an unknown value
R9 =0x0000000000000f50 is an unknown value
R10=0x00007fff93eb940f is an unknown value
R11=0x000007f92509a9f8 is an unknown value
R12=0x0000000000000000 is an unknown value
R13={method} {0x000000017f015b00} 'UnsetJAWTRootSurfaceLayer0' '(JJ)V' in 'jogamp/nativewindow/jawt/macosx/MacOSXJAWTWindow'
R14=0x000000017afae440: Java_jogamp_nativewindow_macosx_OSXUtil_GetScreenRefreshRate0+0x1ce0 in /private/var/folders/z_/6m0rqdfj6q5b2xv6frylmxs00000gn/T/jogamp_0000/file_cache/jln4952143517936291333/jln1116009156036229416/libnativewindow_macosx.jnilib at 0x000000017afa7000
R15=0x00007f924c8aa000 is a thread


Stack: [0x00007fff50228000,0x00007fff50a28000],  sp=0x00007fff50a234d8,  free space=8173k
Native frames: (J=compiled Java code, j=interpreted, Vv=VM code, C=native code)
C  [libobjc.A.dylib+0x10dd]  objc_msgSend+0x1d
j  jogamp.nativewindow.jawt.macosx.MacOSXJAWTWindow.UnsetJAWTRootSurfaceLayer0(JJ)V+0
j  jogamp.nativewindow.jawt.macosx.MacOSXJAWTWindow.access$200(JJ)V+2
j  jogamp.nativewindow.jawt.macosx.MacOSXJAWTWindow$1.run()V+38
J 2353 C1 com.jogamp.common.util.RunnableTask.run()V (345 bytes) @ 0x000000011138f954 [0x000000011138f7c0+0x194]
v  ~StubRoutines::call_stub
V  [libjvm.dylib+0x2eab02]
V  [libjvm.dylib+0x321bab]
V  [libjvm.dylib+0x31437f]
C  [libnativewindow_macosx.jnilib+0x5326]  Java_jogamp_nativewindow_jawt_macosx_MacOSXJAWTWindow_UnsetJAWTRootSurfaceLayer0+0x2b6
C  [Foundation+0x92dd0]  __NSThreadPerformPerform+0x125
C  [CoreFoundation+0x80a01]  __CFRUNLOOP_IS_CALLING_OUT_TO_A_SOURCE0_PERFORM_FUNCTION__+0x11
C  [CoreFoundation+0x72c5c]  __CFRunLoopDoSources0+0x1dc
C  [CoreFoundation+0x721bf]  __CFRunLoopRun+0x39f
C  [CoreFoundation+0x71bd8]  CFRunLoopRunSpecific+0x128
C  [HIToolbox+0x3256f]  RunCurrentEventLoopInMode+0xeb
C  [HIToolbox+0x321ee]  ReceiveNextEventCommon+0xb3
C  [HIToolbox+0x3212b]  _BlockUntilNextEventMatchingListInModeWithFilter+0x47
C  [AppKit+0x918ab]  _DPSNextEvent+0x3d2
C  [AppKit+0x90e58]  -[NSApplication nextEventMatchingMask:untilDate:inMode:dequeue:]+0x15a
C  [libosxapp.dylib+0x23aa]  -[NSApplicationAWT nextEventMatchingMask:untilDate:inMode:dequeue:]+0x7c
C  [AppKit+0x86af3]  -[NSApplication run]+0x252
C  [libosxapp.dylib+0x214d]  +[NSApplicationAWT runAWTLoopWithApp:]+0x9c
C  [libawt_lwawt.dylib+0x44517]  -[AWTStarter starter:]+0x389
C  [Foundation+0x92dd0]  __NSThreadPerformPerform+0x125
C  [CoreFoundation+0x80a01]  __CFRUNLOOP_IS_CALLING_OUT_TO_A_SOURCE0_PERFORM_FUNCTION__+0x11
C  [CoreFoundation+0x72b8d]  __CFRunLoopDoSources0+0x10d
C  [CoreFoundation+0x721bf]  __CFRunLoopRun+0x39f
C  [CoreFoundation+0x71bd8]  CFRunLoopRunSpecific+0x128
C  [java+0x6463]  CreateExecutionEnvironment+0x367
C  [java+0x21ac]  JLI_Launch+0x7a0
C  [java+0x84c0]  main+0x65
C  [java+0x1a04]  start+0x34
C  0x0000000000000007

Java frames: (J=compiled Java code, j=interpreted, Vv=VM code)
j  jogamp.nativewindow.jawt.macosx.MacOSXJAWTWindow.UnsetJAWTRootSurfaceLayer0(JJ)V+0
j  jogamp.nativewindow.jawt.macosx.MacOSXJAWTWindow.access$200(JJ)V+2
j  jogamp.nativewindow.jawt.macosx.MacOSXJAWTWindow$1.run()V+38
J 2353 C1 com.jogamp.common.util.RunnableTask.run()V (345 bytes) @ 0x000000011138f954 [0x000000011138f7c0+0x194]
v  ~StubRoutines::call_stub

---------------  P R O C E S S  ---------------

Java Threads: ( => current thread )
  0x00007f9252151800 JavaThread "Thread-19" [_thread_blocked, id=36639, stack(0x0000000181349000,0x0000000181449000)]
  0x00007f924dec5000 JavaThread "Keep-Alive-Timer" daemon [_thread_blocked, id=68939, stack(0x00000001839ad000,0x0000000183aad000)]
  0x00007f924d802000 JavaThread "Animation Thread" [_thread_blocked, id=62223, stack(0x000000017b1bb000,0x000000017b2bb000)]
  0x00007f924d22b800 JavaThread "AWT-EventQueue-1" [_thread_in_native, id=62751, stack(0x000000017b755000,0x000000017b855000)]
  0x00007f924d21b800 JavaThread "DestroyJavaVM" [_thread_blocked, id=3331, stack(0x0000000110261000,0x0000000110361000)]
  0x00007f924d157800 JavaThread "AWT-EventQueue-0" [_thread_blocked, id=55811, stack(0x000000012f48c000,0x000000012f58c000)]
  0x00007f924c901000 JavaThread "Java2D Disposer" daemon [_thread_blocked, id=50191, stack(0x000000012e2a8000,0x000000012e3a8000)]
  0x00007f924d8fc800 JavaThread "Java2D Queue Flusher" daemon [_thread_blocked, id=49167, stack(0x000000012d293000,0x000000012d393000)]
  0x00007f924d0f3800 JavaThread "AWT-Shutdown" [_thread_blocked, id=28435, stack(0x000000012a4d6000,0x000000012a5d6000)]
=>0x00007f924c8aa000 JavaThread "AWT-AppKit" daemon [_thread_in_native, id=1811, stack(0x00007fff50228000,0x00007fff50a28000)]
  0x00007f924c821800 JavaThread "Service Thread" daemon [_thread_blocked, id=17923, stack(0x00000001288f2000,0x00000001289f2000)]
  0x00007f924d800800 JavaThread "C1 CompilerThread2" daemon [_thread_blocked, id=17411, stack(0x00000001287ef000,0x00000001288ef000)]
  0x00007f924c821000 JavaThread "C2 CompilerThread1" daemon [_thread_blocked, id=16899, stack(0x00000001286ec000,0x00000001287ec000)]
  0x00007f924c81f800 JavaThread "C2 CompilerThread0" daemon [_thread_blocked, id=16387, stack(0x00000001285e9000,0x00000001286e9000)]
  0x00007f924c82a000 JavaThread "Signal Dispatcher" daemon [_thread_blocked, id=15127, stack(0x00000001284e6000,0x00000001285e6000)]
  0x00007f924d01d800 JavaThread "Finalizer" daemon [_thread_blocked, id=12035, stack(0x0000000126b4d000,0x0000000126c4d000)]
  0x00007f924d01d000 JavaThread "Reference Handler" daemon [_thread_blocked, id=11523, stack(0x0000000126a4a000,0x0000000126b4a000)]

Other Threads:
  0x00007f924d01c000 VMThread [stack: 0x0000000126947000,0x0000000126a47000] [id=11011]
  0x00007f924d812800 WatcherThread [stack: 0x00000001289f5000,0x0000000128af5000] [id=18435]

VM state:not at safepoint (normal execution)

VM Mutex/Monitor currently owned by a thread: None

Heap:
 PSYoungGen      total 38400K, used 9397K [0x0000000795580000, 0x0000000798000000, 0x00000007c0000000)
  eden space 33280K, 28% used [0x0000000795580000,0x0000000795ead7f8,0x0000000797600000)
  from space 5120K, 0% used [0x0000000797b00000,0x0000000797b00000,0x0000000798000000)
  to   space 5120K, 0% used [0x0000000797600000,0x0000000797600000,0x0000000797b00000)
 ParOldGen       total 77312K, used 16238K [0x0000000740000000, 0x0000000744b80000, 0x0000000795580000)
  object space 77312K, 21% used [0x0000000740000000,0x0000000740fdb9a0,0x0000000744b80000)
 Metaspace       used 21098K, capacity 21371K, committed 21552K, reserved 1069056K
  class space    used 2056K, capacity 2144K, committed 2176K, reserved 1048576K

Card table byte_map: [0x000000011ffc0000,0x00000001203c1000] byte_map_base: 0x000000011c5c0000

Marking Bits: (ParMarkBitMap*) 0x000000010fbb5e20
 Begin Bits: [0x0000000120a78000, 0x0000000122a78000)
 End Bits:   [0x0000000122a78000, 0x0000000124a78000)

Polling page: 0x00000001103bd000

CodeCache: size=245760Kb used=8894Kb max_used=8896Kb free=236865Kb
 bounds [0x0000000110c00000, 0x00000001114c0000, 0x000000011fc00000]
 total_blobs=3421 nmethods=2534 adapters=800
 compilation: enabled

Compilation events (10 events):
Event: 14.789 Thread 0x00007f924d800800 2690       3       java.util.concurrent.locks.AbstractQueuedSynchronizer$ConditionObject::checkInterruptWhileWaiting (27 bytes)
Event: 14.790 Thread 0x00007f924d800800 nmethod 2690 0x00000001114a9e50 code [0x00000001114aa020, 0x00000001114aa678]
Event: 14.805 Thread 0x00007f924d800800 2692       3       java.util.HashSet::<init> (16 bytes)
Event: 14.806 Thread 0x00007f924d800800 nmethod 2692 0x00000001114a96d0 code [0x00000001114a9860, 0x00000001114a9c70]
Event: 14.806 Thread 0x00007f924d800800 2691   !   3       java.util.concurrent.locks.AbstractQueuedSynchronizer::fullyRelease (54 bytes)
Event: 14.808 Thread 0x00007f924d800800 nmethod 2691 0x00000001114b03d0 code [0x00000001114b0580, 0x00000001114b0b68]
Event: 14.822 Thread 0x00007f924d800800 2694       3       sun.awt.SunToolkit::awtUnlock (7 bytes)
Event: 14.823 Thread 0x00007f924d800800 nmethod 2694 0x00000001114afe50 code [0x00000001114affc0, 0x00000001114b02a8]
Event: 14.823 Thread 0x00007f924d800800 2693       1       sun.java2d.SurfaceData::isSurfaceLost (5 bytes)
Event: 14.823 Thread 0x00007f924d800800 nmethod 2693 0x00000001114a93d0 code [0x00000001114a9520, 0x00000001114a9630]

GC Heap History (10 events):
Event: 4.188 GC heap before
{Heap before GC invocations=1 (full 0):
 PSYoungGen      total 38400K, used 33280K [0x0000000795580000, 0x0000000798000000, 0x00000007c0000000)
  eden space 33280K, 100% used [0x0000000795580000,0x0000000797600000,0x0000000797600000)
  from space 5120K, 0% used [0x0000000797b00000,0x0000000797b00000,0x0000000798000000)
  to   space 5120K, 0% used [0x0000000797600000,0x0000000797600000,0x0000000797b00000)
 ParOldGen       total 87552K, used 0K [0x0000000740000000, 0x0000000745580000, 0x0000000795580000)
  object space 87552K, 0% used [0x0000000740000000,0x0000000740000000,0x0000000745580000)
 Metaspace       used 15813K, capacity 15999K, committed 16256K, reserved 1064960K
  class space    used 1592K, capacity 1660K, committed 1664K, reserved 1048576K
Event: 4.198 GC heap after
Heap after GC invocations=1 (full 0):
 PSYoungGen      total 38400K, used 4837K [0x0000000795580000, 0x0000000798000000, 0x00000007c0000000)
  eden space 33280K, 0% used [0x0000000795580000,0x0000000795580000,0x0000000797600000)
  from space 5120K, 94% used [0x0000000797600000,0x0000000797ab97c0,0x0000000797b00000)
  to   space 5120K, 0% used [0x0000000797b00000,0x0000000797b00000,0x0000000798000000)
 ParOldGen       total 87552K, used 8K [0x0000000740000000, 0x0000000745580000, 0x0000000795580000)
  object space 87552K, 0% used [0x0000000740000000,0x0000000740002000,0x0000000745580000)
 Metaspace       used 15813K, capacity 15999K, committed 16256K, reserved 1064960K
  class space    used 1592K, capacity 1660K, committed 1664K, reserved 1048576K
}
Event: 5.697 GC heap before
{Heap before GC invocations=2 (full 0):
 PSYoungGen      total 38400K, used 38117K [0x0000000795580000, 0x0000000798000000, 0x00000007c0000000)
  eden space 33280K, 100% used [0x0000000795580000,0x0000000797600000,0x0000000797600000)
  from space 5120K, 94% used [0x0000000797600000,0x0000000797ab97c0,0x0000000797b00000)
  to   space 5120K, 0% used [0x0000000797b00000,0x0000000797b00000,0x0000000798000000)
 ParOldGen       total 87552K, used 8K [0x0000000740000000, 0x0000000745580000, 0x0000000795580000)
  object space 87552K, 0% used [0x0000000740000000,0x0000000740002000,0x0000000745580000)
 Metaspace       used 19687K, capacity 19851K, committed 19968K, reserved 1067008K
  class space    used 1988K, capacity 2046K, committed 2048K, reserved 1048576K
Event: 5.718 GC heap after
Heap after GC invocations=2 (full 0):
 PSYoungGen      total 38400K, used 5117K [0x0000000795580000, 0x0000000798000000, 0x00000007c0000000)
  eden space 33280K, 0% used [0x0000000795580000,0x0000000795580000,0x0000000797600000)
  from space 5120K, 99% used [0x0000000797b00000,0x0000000797fff480,0x0000000798000000)
  to   space 5120K, 0% used [0x0000000797600000,0x0000000797600000,0x0000000797b00000)
 ParOldGen       total 87552K, used 7728K [0x0000000740000000, 0x0000000745580000, 0x0000000795580000)
  object space 87552K, 8% used [0x0000000740000000,0x000000074078c0b8,0x0000000745580000)
 Metaspace       used 19687K, capacity 19851K, committed 19968K, reserved 1067008K
  class space    used 1988K, capacity 2046K, committed 2048K, reserved 1048576K
}
Event: 8.401 GC heap before
{Heap before GC invocations=3 (full 0):
 PSYoungGen      total 38400K, used 38397K [0x0000000795580000, 0x0000000798000000, 0x00000007c0000000)
  eden space 33280K, 100% used [0x0000000795580000,0x0000000797600000,0x0000000797600000)
  from space 5120K, 99% used [0x0000000797b00000,0x0000000797fff480,0x0000000798000000)
  to   space 5120K, 0% used [0x0000000797600000,0x0000000797600000,0x0000000797b00000)
 ParOldGen       total 87552K, used 7728K [0x0000000740000000, 0x0000000745580000, 0x0000000795580000)
  object space 87552K, 8% used [0x0000000740000000,0x000000074078c0b8,0x0000000745580000)
 Metaspace       used 20549K, capacity 20731K, committed 21120K, reserved 1069056K
  class space    used 2026K, capacity 2080K, committed 2176K, reserved 1048576K
Event: 8.413 GC heap after
Heap after GC invocations=3 (full 0):
 PSYoungGen      total 38400K, used 5117K [0x0000000795580000, 0x0000000798000000, 0x00000007c0000000)
  eden space 33280K, 0% used [0x0000000795580000,0x0000000795580000,0x0000000797600000)
  from space 5120K, 99% used [0x0000000797600000,0x0000000797aff490,0x0000000797b00000)
  to   space 5120K, 0% used [0x0000000797b00000,0x0000000797b00000,0x0000000798000000)
 ParOldGen       total 87552K, used 11447K [0x0000000740000000, 0x0000000745580000, 0x0000000795580000)
  object space 87552K, 13% used [0x0000000740000000,0x0000000740b2df98,0x0000000745580000)
 Metaspace       used 20549K, capacity 20731K, committed 21120K, reserved 1069056K
  class space    used 2026K, capacity 2080K, committed 2176K, reserved 1048576K
}
Event: 13.411 GC heap before
{Heap before GC invocations=4 (full 0):
 PSYoungGen      total 38400K, used 31796K [0x0000000795580000, 0x0000000798000000, 0x00000007c0000000)
  eden space 33280K, 80% used [0x0000000795580000,0x0000000796f8dc48,0x0000000797600000)
  from space 5120K, 99% used [0x0000000797600000,0x0000000797aff490,0x0000000797b00000)
  to   space 5120K, 0% used [0x0000000797b00000,0x0000000797b00000,0x0000000798000000)
 ParOldGen       total 87552K, used 11447K [0x0000000740000000, 0x0000000745580000, 0x0000000795580000)
  object space 87552K, 13% used [0x0000000740000000,0x0000000740b2df98,0x0000000745580000)
 Metaspace       used 20939K, capacity 21083K, committed 21296K, reserved 1069056K
  class space    used 2038K, capacity 2112K, committed 2176K, reserved 1048576K
Event: 13.421 GC heap after
Heap after GC invocations=4 (full 0):
 PSYoungGen      total 38400K, used 5117K [0x0000000795580000, 0x0000000798000000, 0x00000007c0000000)
  eden space 33280K, 0% used [0x0000000795580000,0x0000000795580000,0x0000000797600000)
  from space 5120K, 99% used [0x0000000797b00000,0x0000000797fff490,0x0000000798000000)
  to   space 5120K, 0% used [0x0000000797600000,0x0000000797600000,0x0000000797b00000)
 ParOldGen       total 87552K, used 11625K [0x0000000740000000, 0x0000000745580000, 0x0000000795580000)
  object space 87552K, 13% used [0x0000000740000000,0x0000000740b5a7d0,0x0000000745580000)
 Metaspace       used 20939K, capacity 21083K, committed 21296K, reserved 1069056K
  class space    used 2038K, capacity 2112K, committed 2176K, reserved 1048576K
}
Event: 13.421 GC heap before
{Heap before GC invocations=5 (full 1):
 PSYoungGen      total 38400K, used 5117K [0x0000000795580000, 0x0000000798000000, 0x00000007c0000000)
  eden space 33280K, 0% used [0x0000000795580000,0x0000000795580000,0x0000000797600000)
  from space 5120K, 99% used [0x0000000797b00000,0x0000000797fff490,0x0000000798000000)
  to   space 5120K, 0% used [0x0000000797600000,0x0000000797600000,0x0000000797b00000)
 ParOldGen       total 87552K, used 11625K [0x0000000740000000, 0x0000000745580000, 0x0000000795580000)
  object space 87552K, 13% used [0x0000000740000000,0x0000000740b5a7d0,0x0000000745580000)
 Metaspace       used 20939K, capacity 21083K, committed 21296K, reserved 1069056K
  class space    used 2038K, capacity 2112K, committed 2176K, reserved 1048576K
Event: 13.521 GC heap after
Heap after GC invocations=5 (full 1):
 PSYoungGen      total 38400K, used 0K [0x0000000795580000, 0x0000000798000000, 0x00000007c0000000)
  eden space 33280K, 0% used [0x0000000795580000,0x0000000795580000,0x0000000797600000)
  from space 5120K, 0% used [0x0000000797b00000,0x0000000797b00000,0x0000000798000000)
  to   space 5120K, 0% used [0x0000000797600000,0x0000000797600000,0x0000000797b00000)
 ParOldGen       total 77312K, used 16238K [0x0000000740000000, 0x0000000744b80000, 0x0000000795580000)
  object space 77312K, 21% used [0x0000000740000000,0x0000000740fdb9a0,0x0000000744b80000)
 Metaspace       used 20939K, capacity 21083K, committed 21296K, reserved 1069056K
  class space    used 2038K, capacity 2112K, committed 2176K, reserved 1048576K
}

Deoptimization events (10 events):
Event: 13.012 Thread 0x00007f924d22b800 Uncommon trap: reason=unstable_if action=reinterpret pc=0x0000000110de7240 method=processing.core.PGraphics.text([CIIFF)V @ 41
Event: 13.018 Thread 0x00007f924d22b800 Uncommon trap: reason=unstable_if action=reinterpret pc=0x00000001113521c8 method=processing.core.PFont.indexActual(C)I @ 4
Event: 13.018 Thread 0x00007f924d22b800 Uncommon trap: reason=unstable_if action=reinterpret pc=0x000000011134374c method=processing.core.PFont.index(C)I @ 15
Event: 13.025 Thread 0x00007f924d22b800 Uncommon trap: reason=unstable_if action=reinterpret pc=0x00000001113ff41c method=processing.opengl.PGraphicsOpenGL.checkTexture(Lprocessing/opengl/Texture;)V @ 18
Event: 13.393 Thread 0x00007f924d22b800 Uncommon trap: reason=unstable_if action=reinterpret pc=0x00000001111a4740 method=processing.opengl.PGraphicsOpenGL$InGeometry.addVertex(FFFIFFFFFIFIIIFIZ)I @ 211
Event: 13.393 Thread 0x00007f924d22b800 Uncommon trap: reason=unstable_if action=reinterpret pc=0x00000001112df680 method=processing.opengl.PGraphicsOpenGL.tessellate(I)V @ 389
Event: 14.796 Thread 0x00007f924d157800 Uncommon trap: reason=unstable_if action=reinterpret pc=0x0000000111316654 method=java.awt.Font.equals(Ljava/lang/Object;)Z @ 2
Event: 14.804 Thread 0x00007f924c930800 Uncommon trap: reason=unstable_if action=reinterpret pc=0x00000001110e50e8 method=java.util.HashMap.putVal(ILjava/lang/Object;Ljava/lang/Object;ZZ)Ljava/lang/Object; @ 81
Event: 14.804 Thread 0x00007f924c930800 Uncommon trap: reason=unstable_if action=reinterpret pc=0x00000001110ca56c method=java.util.HashMap.putVal(ILjava/lang/Object;Ljava/lang/Object;ZZ)Ljava/lang/Object; @ 81
Event: 14.822 Thread 0x00007f9252151800 Uncommon trap: reason=predicate action=maybe_recompile pc=0x000000011133876c method=java.util.Vector.indexOf(Ljava/lang/Object;I)I @ 44

Internal exceptions (10 events):
Event: 0.390 Thread 0x00007f924d802000 Exception <a 'java/lang/NoSuchFieldError': method resolution failed> (0x0000000795837e80) thrown at [/Users/java_re/workspace/8-2-build-macosx-x86_64/jdk8u65/4987/hotspot/src/share/vm/prims/methodHandles.cpp, line 1146]
Event: 0.781 Thread 0x00007f924d802000 Exception <a 'java/io/FileNotFoundException'> (0x00000007958b3c98) thrown at [/Users/java_re/workspace/8-2-build-macosx-x86_64/jdk8u65/4987/hotspot/src/share/vm/prims/jni.cpp, line 709]
Event: 0.781 Thread 0x00007f924d802000 Exception <a 'java/io/FileNotFoundException'> (0x00000007958b4820) thrown at [/Users/java_re/workspace/8-2-build-macosx-x86_64/jdk8u65/4987/hotspot/src/share/vm/prims/jni.cpp, line 709]
Event: 0.978 Thread 0x00007f924d802000 Exception <a 'java/io/FileNotFoundException'> (0x00000007959efe10) thrown at [/Users/java_re/workspace/8-2-build-macosx-x86_64/jdk8u65/4987/hotspot/src/share/vm/prims/jni.cpp, line 709]
Event: 3.771 Thread 0x00007f924d802000 Exception <a 'java/lang/UnsatisfiedLinkError': com.jogamp.common.util.JarUtil.fixNativeLibAttribs(Ljava/lang/String;)Z> (0x0000000796b3eb78) thrown at [/Users/java_re/workspace/8-2-build-macosx-x86_64/jdk8u65/4987/hotspot/src/share/vm/prims/nativeLookup.c
Event: 4.201 Thread 0x00007f924d01d800 Exception <a 'java/lang/NullPointerException'> (0x00000007956a56f8) thrown at [/Users/java_re/workspace/8-2-build-macosx-x86_64/jdk8u65/4987/hotspot/src/share/vm/interpreter/linkResolver.cpp, line 1178]
Event: 4.993 Thread 0x00007f924d22b800 Exception <a 'java/io/FileNotFoundException'> (0x0000000795ee74d0) thrown at [/Users/java_re/workspace/8-2-build-macosx-x86_64/jdk8u65/4987/hotspot/src/share/vm/prims/jni.cpp, line 709]
Event: 4.993 Thread 0x00007f924d22b800 Exception <a 'java/io/FileNotFoundException'> (0x0000000795eed5c8) thrown at [/Users/java_re/workspace/8-2-build-macosx-x86_64/jdk8u65/4987/hotspot/src/share/vm/prims/jni.cpp, line 709]
Event: 4.994 Thread 0x00007f924d22b800 Implicit null exception at 0x0000000110da80f5 to 0x0000000110da8459
Event: 5.993 Thread 0x00007f924d22b800 Implicit null exception at 0x0000000111092725 to 0x0000000111092879

Events (10 events):
Event: 14.820 loading class java/awt/event/AWTEventListenerProxy
Event: 14.820 loading class java/awt/event/AWTEventListenerProxy done
Event: 14.820 loading class java/awt/Toolkit$ToolkitEventMulticaster
Event: 14.821 loading class java/awt/Toolkit$ToolkitEventMulticaster done
Event: 14.822 Thread 0x00007f924c930800 Thread exited: 0x00007f924c930800
Event: 14.822 Thread 0x00007f9252151800 Uncommon trap: trap_request=0xffffff86 fr.pc=0x000000011133876c
Event: 14.822 Thread 0x00007f9252151800 DEOPT PACKING pc=0x000000011133876c sp=0x00000001814487f0
Event: 14.822 Thread 0x00007f9252151800 DEOPT UNPACKING pc=0x0000000110c05229 sp=0x00000001814487a0 mode 2
Event: 14.822 loading class java/awt/Window$1DisposeAction
Event: 14.823 loading class java/awt/Window$1DisposeAction done


Dynamic libraries:
0x00000000047f8000 	/System/Library/Frameworks/Cocoa.framework/Versions/A/Cocoa
0x00000000047f8000 	/System/Library/Frameworks/Security.framework/Versions/A/Security
0x00000000047f8000 	/System/Library/Frameworks/ApplicationServices.framework/Versions/A/ApplicationServices
0x00000000047f8000 	/usr/lib/libz.1.dylib
0x00000000047f8000 	/usr/lib/libSystem.B.dylib
0x00000000047f8000 	/usr/lib/libobjc.A.dylib
0x00000000047f8000 	/System/Library/Frameworks/CoreFoundation.framework/Versions/A/CoreFoundation
0x00000000047f8000 	/System/Library/Frameworks/Foundation.framework/Versions/C/Foundation
0x00000000047f8000 	/System/Library/Frameworks/AppKit.framework/Versions/C/AppKit
0x00000000047f8000 	/System/Library/Frameworks/CoreData.framework/Versions/A/CoreData
0x00000000047f8000 	/System/Library/PrivateFrameworks/RemoteViewServices.framework/Versions/A/RemoteViewServices
0x00000000047f8000 	/System/Library/PrivateFrameworks/UIFoundation.framework/Versions/A/UIFoundation
0x00000000047f8000 	/System/Library/Frameworks/IOSurface.framework/Versions/A/IOSurface
0x00000000047f8000 	/System/Library/Frameworks/AudioToolbox.framework/Versions/A/AudioToolbox
0x00000000047f8000 	/System/Library/Frameworks/AudioUnit.framework/Versions/A/AudioUnit
0x00000000047f8000 	/System/Library/PrivateFrameworks/DataDetectorsCore.framework/Versions/A/DataDetectorsCore
0x00000000047f8000 	/System/Library/PrivateFrameworks/DesktopServicesPriv.framework/Versions/A/DesktopServicesPriv
0x00000000047f8000 	/System/Library/Frameworks/Carbon.framework/Versions/A/Frameworks/HIToolbox.framework/Versions/A/HIToolbox
0x00000000047f8000 	/System/Library/Frameworks/QuartzCore.framework/Versions/A/QuartzCore
0x00000000047f8000 	/System/Library/Frameworks/Carbon.framework/Versions/A/Frameworks/SpeechRecognition.framework/Versions/A/SpeechRecognition
0x00000000047f8000 	/usr/lib/libauto.dylib
0x00000000047f8000 	/usr/lib/libicucore.A.dylib
0x00000000047f8000 	/usr/lib/libxml2.2.dylib
0x00000000047f8000 	/System/Library/PrivateFrameworks/CoreUI.framework/Versions/A/CoreUI
0x00000000047f8000 	/System/Library/Frameworks/CoreAudio.framework/Versions/A/CoreAudio
0x00000000047f8000 	/System/Library/Frameworks/DiskArbitration.framework/Versions/A/DiskArbitration
0x00000000047f8000 	/usr/lib/liblangid.dylib
0x00000000047f8000 	/System/Library/PrivateFrameworks/MultitouchSupport.framework/Versions/A/MultitouchSupport
0x00000000047f8000 	/System/Library/Frameworks/IOKit.framework/Versions/A/IOKit
0x00000000047f8000 	/usr/lib/libDiagnosticMessagesClient.dylib
0x00000000047f8000 	/System/Library/Frameworks/CoreServices.framework/Versions/A/CoreServices
0x00000000047f8000 	/System/Library/PrivateFrameworks/PerformanceAnalysis.framework/Versions/A/PerformanceAnalysis
0x00000000047f8000 	/System/Library/PrivateFrameworks/GenerationalStorage.framework/Versions/A/GenerationalStorage
0x00000000047f8000 	/System/Library/Frameworks/OpenGL.framework/Versions/A/OpenGL
0x00000000047f8000 	/System/Library/PrivateFrameworks/Sharing.framework/Versions/A/Sharing
0x00000000047f8000 	/System/Library/Frameworks/CoreGraphics.framework/Versions/A/CoreGraphics
0x00000000047f8000 	/System/Library/Frameworks/CoreText.framework/Versions/A/CoreText
0x00000000047f8000 	/System/Library/Frameworks/ImageIO.framework/Versions/A/ImageIO
0x00000000047f8000 	/usr/lib/libextension.dylib
0x00000000047f8000 	/System/Library/PrivateFrameworks/Backup.framework/Versions/A/Backup
0x00000000047f8000 	/usr/lib/libarchive.2.dylib
0x00000000047f8000 	/System/Library/Frameworks/CFNetwork.framework/Versions/A/CFNetwork
0x00000000047f8000 	/System/Library/Frameworks/SystemConfiguration.framework/Versions/A/SystemConfiguration
0x00000000047f8000 	/usr/lib/libCRFSuite.dylib
0x00000000047f8000 	/usr/lib/libc++.1.dylib
0x00000000047f8000 	/usr/lib/libc++abi.dylib
0x00000000047f8000 	/usr/lib/system/libcache.dylib
0x00000000047f8000 	/usr/lib/system/libcommonCrypto.dylib
0x00000000047f8000 	/usr/lib/system/libcompiler_rt.dylib
0x00000000047f8000 	/usr/lib/system/libcopyfile.dylib
0x00000000047f8000 	/usr/lib/system/libcorecrypto.dylib
0x00000000047f8000 	/usr/lib/system/libdispatch.dylib
0x00000000047f8000 	/usr/lib/system/libdyld.dylib
0x00000000047f8000 	/usr/lib/system/libkeymgr.dylib
0x00000000047f8000 	/usr/lib/system/liblaunch.dylib
0x00000000047f8000 	/usr/lib/system/libmacho.dylib
0x00000000047f8000 	/usr/lib/system/libquarantine.dylib
0x00000000047f8000 	/usr/lib/system/libremovefile.dylib
0x00000000047f8000 	/usr/lib/system/libsystem_asl.dylib
0x00000000047f8000 	/usr/lib/system/libsystem_blocks.dylib
0x00000000047f8000 	/usr/lib/system/libsystem_c.dylib
0x00000000047f8000 	/usr/lib/system/libsystem_configuration.dylib
0x00000000047f8000 	/usr/lib/system/libsystem_coreservices.dylib
0x00000000047f8000 	/usr/lib/system/libsystem_coretls.dylib
0x00000000047f8000 	/usr/lib/system/libsystem_dnssd.dylib
0x00000000047f8000 	/usr/lib/system/libsystem_info.dylib
0x00000000047f8000 	/usr/lib/system/libsystem_kernel.dylib
0x00000000047f8000 	/usr/lib/system/libsystem_m.dylib
0x00000000047f8000 	/usr/lib/system/libsystem_malloc.dylib
0x00000000047f8000 	/usr/lib/system/libsystem_network.dylib
0x00000000047f8000 	/usr/lib/system/libsystem_networkextension.dylib
0x00000000047f8000 	/usr/lib/system/libsystem_notify.dylib
0x00000000047f8000 	/usr/lib/system/libsystem_platform.dylib
0x00000000047f8000 	/usr/lib/system/libsystem_pthread.dylib
0x00000000047f8000 	/usr/lib/system/libsystem_sandbox.dylib
0x00000000047f8000 	/usr/lib/system/libsystem_secinit.dylib
0x00000000047f8000 	/usr/lib/system/libsystem_stats.dylib
0x00000000047f8000 	/usr/lib/system/libsystem_trace.dylib
0x00000000047f8000 	/usr/lib/system/libunc.dylib
0x00000000047f8000 	/usr/lib/system/libunwind.dylib
0x00000000047f8000 	/usr/lib/system/libxpc.dylib
0x00000000047f8000 	/usr/lib/libbz2.1.0.dylib
0x00000000047f8000 	/usr/lib/liblzma.5.dylib
0x00000000047f8000 	/usr/lib/libbsm.0.dylib
0x00000000047f8000 	/usr/lib/libsqlite3.dylib
0x00000000047f8000 	/usr/lib/system/libkxld.dylib
0x00000000047f8000 	/usr/lib/libxar.1.dylib
0x00000000047f8000 	/usr/lib/libpam.2.dylib
0x00000000047f8000 	/usr/lib/libOpenScriptingUtil.dylib
0x00000000047f8000 	/System/Library/Frameworks/CoreServices.framework/Versions/A/Frameworks/FSEvents.framework/Versions/A/FSEvents
0x00000000047f8000 	/System/Library/Frameworks/CoreServices.framework/Versions/A/Frameworks/CarbonCore.framework/Versions/A/CarbonCore
0x00000000047f8000 	/System/Library/Frameworks/CoreServices.framework/Versions/A/Frameworks/Metadata.framework/Versions/A/Metadata
0x00000000047f8000 	/System/Library/Frameworks/CoreServices.framework/Versions/A/Frameworks/OSServices.framework/Versions/A/OSServices
0x00000000047f8000 	/System/Library/Frameworks/CoreServices.framework/Versions/A/Frameworks/SearchKit.framework/Versions/A/SearchKit
0x00000000047f8000 	/System/Library/Frameworks/CoreServices.framework/Versions/A/Frameworks/AE.framework/Versions/A/AE
0x00000000047f8000 	/System/Library/Frameworks/CoreServices.framework/Versions/A/Frameworks/LaunchServices.framework/Versions/A/LaunchServices
0x00000000047f8000 	/System/Library/Frameworks/CoreServices.framework/Versions/A/Frameworks/DictionaryServices.framework/Versions/A/DictionaryServices
0x00000000047f8000 	/System/Library/Frameworks/NetFS.framework/Versions/A/NetFS
0x00000000047f8000 	/System/Library/PrivateFrameworks/NetAuth.framework/Versions/A/NetAuth
0x00000000047f8000 	/System/Library/PrivateFrameworks/login.framework/Versions/A/Frameworks/loginsupport.framework/Versions/A/loginsupport
0x00000000047f8000 	/System/Library/PrivateFrameworks/TCC.framework/Versions/A/TCC
0x00000000047f8000 	/usr/lib/libmecabra.dylib
0x00000000047f8000 	/System/Library/Frameworks/ApplicationServices.framework/Versions/A/Frameworks/ATS.framework/Versions/A/ATS
0x00000000047f8000 	/System/Library/Frameworks/ApplicationServices.framework/Versions/A/Frameworks/ColorSync.framework/Versions/A/ColorSync
0x00000000047f8000 	/System/Library/Frameworks/ApplicationServices.framework/Versions/A/Frameworks/HIServices.framework/Versions/A/HIServices
0x00000000047f8000 	/System/Library/Frameworks/ApplicationServices.framework/Versions/A/Frameworks/LangAnalysis.framework/Versions/A/LangAnalysis
0x00000000047f8000 	/System/Library/Frameworks/ApplicationServices.framework/Versions/A/Frameworks/PrintCore.framework/Versions/A/PrintCore
0x00000000047f8000 	/System/Library/Frameworks/ApplicationServices.framework/Versions/A/Frameworks/QD.framework/Versions/A/QD
0x00000000047f8000 	/System/Library/Frameworks/ApplicationServices.framework/Versions/A/Frameworks/SpeechSynthesis.framework/Versions/A/SpeechSynthesis
0x00000000047f8000 	/System/Library/Frameworks/Accelerate.framework/Versions/A/Accelerate
0x00000000047f8000 	/System/Library/Frameworks/Accelerate.framework/Versions/A/Frameworks/vImage.framework/Versions/A/vImage
0x00000000047f8000 	/System/Library/Frameworks/Accelerate.framework/Versions/A/Frameworks/vecLib.framework/Versions/A/vecLib
0x00000000047f8000 	/System/Library/Frameworks/Accelerate.framework/Versions/A/Frameworks/vecLib.framework/Versions/A/libvDSP.dylib
0x00000000047f8000 	/System/Library/Frameworks/Accelerate.framework/Versions/A/Frameworks/vecLib.framework/Versions/A/libvMisc.dylib
0x00000000047f8000 	/System/Library/Frameworks/Accelerate.framework/Versions/A/Frameworks/vecLib.framework/Versions/A/libLAPACK.dylib
0x00000000047f8000 	/System/Library/Frameworks/Accelerate.framework/Versions/A/Frameworks/vecLib.framework/Versions/A/libBLAS.dylib
0x00000000047f8000 	/System/Library/Frameworks/Accelerate.framework/Versions/A/Frameworks/vecLib.framework/Versions/A/libLinearAlgebra.dylib
0x00000000047f8000 	/System/Library/Frameworks/ApplicationServices.framework/Versions/A/Frameworks/ATS.framework/Versions/A/Resources/libFontParser.dylib
0x00000000047f8000 	/System/Library/Frameworks/ApplicationServices.framework/Versions/A/Frameworks/ATS.framework/Versions/A/Resources/libFontRegistry.dylib
0x00000000047f8000 	/System/Library/PrivateFrameworks/AppleVPA.framework/Versions/A/AppleVPA
0x00000000047f8000 	/System/Library/PrivateFrameworks/AppleJPEG.framework/Versions/A/AppleJPEG
0x00000000047f8000 	/System/Library/Frameworks/ImageIO.framework/Versions/A/Resources/libJPEG.dylib
0x00000000047f8000 	/System/Library/Frameworks/ImageIO.framework/Versions/A/Resources/libTIFF.dylib
0x00000000047f8000 	/System/Library/Frameworks/ImageIO.framework/Versions/A/Resources/libPng.dylib
0x00000000047f8000 	/System/Library/Frameworks/ImageIO.framework/Versions/A/Resources/libGIF.dylib
0x00000000047f8000 	/System/Library/Frameworks/ImageIO.framework/Versions/A/Resources/libJP2.dylib
0x00000000047f8000 	/System/Library/Frameworks/ImageIO.framework/Versions/A/Resources/libRadiance.dylib
0x00000000047f8000 	/System/Library/Frameworks/CoreVideo.framework/Versions/A/CoreVideo
0x00000000047f8000 	/System/Library/Frameworks/OpenGL.framework/Versions/A/Libraries/libGLU.dylib
0x00000000047f8000 	/System/Library/Frameworks/OpenGL.framework/Versions/A/Libraries/libGFXShared.dylib
0x00000000047f8000 	/System/Library/Frameworks/OpenGL.framework/Versions/A/Libraries/libGL.dylib
0x00000000047f8000 	/System/Library/Frameworks/OpenGL.framework/Versions/A/Libraries/libGLImage.dylib
0x00000000047f8000 	/System/Library/Frameworks/OpenGL.framework/Versions/A/Libraries/libCVMSPluginSupport.dylib
0x00000000047f8000 	/System/Library/Frameworks/OpenGL.framework/Versions/A/Libraries/libCoreVMClient.dylib
0x00000000047f8000 	/usr/lib/libcups.2.dylib
0x00000000047f8000 	/System/Library/Frameworks/Kerberos.framework/Versions/A/Kerberos
0x00000000047f8000 	/System/Library/Frameworks/GSS.framework/Versions/A/GSS
0x00000000047f8000 	/usr/lib/libresolv.9.dylib
0x00000000047f8000 	/usr/lib/libiconv.2.dylib
0x00000000047f8000 	/System/Library/PrivateFrameworks/Heimdal.framework/Versions/A/Heimdal
0x00000000047f8000 	/usr/lib/libheimdal-asn1.dylib
0x00000000047f8000 	/System/Library/Frameworks/OpenDirectory.framework/Versions/A/OpenDirectory
0x00000000047f8000 	/System/Library/PrivateFrameworks/CommonAuth.framework/Versions/A/CommonAuth
0x00000000047f8000 	/System/Library/Frameworks/OpenDirectory.framework/Versions/A/Frameworks/CFOpenDirectory.framework/Versions/A/CFOpenDirectory
0x00000000047f8000 	/System/Library/Frameworks/SecurityFoundation.framework/Versions/A/SecurityFoundation
0x00000000047f8000 	/System/Library/PrivateFrameworks/LanguageModeling.framework/Versions/A/LanguageModeling
0x00000000047f8000 	/usr/lib/libcmph.dylib
0x00000000047f8000 	/System/Library/Frameworks/ServiceManagement.framework/Versions/A/ServiceManagement
0x00000000047f8000 	/usr/lib/libxslt.1.dylib
0x00000000047f8000 	/System/Library/Frameworks/Carbon.framework/Versions/A/Frameworks/Ink.framework/Versions/A/Ink
0x00000000047f8000 	/System/Library/Frameworks/QuartzCore.framework/Versions/A/Frameworks/CoreImage.framework/Versions/A/CoreImage
0x00000000047f8000 	/System/Library/PrivateFrameworks/CrashReporterSupport.framework/Versions/A/CrashReporterSupport
0x00000000047f8000 	/System/Library/Frameworks/OpenCL.framework/Versions/A/OpenCL
0x00000000047f8000 	/System/Library/PrivateFrameworks/FaceCore.framework/Versions/A/FaceCore
0x00000000047f8000 	/System/Library/PrivateFrameworks/Ubiquity.framework/Versions/A/Ubiquity
0x00000000047f8000 	/System/Library/PrivateFrameworks/IconServices.framework/Versions/A/IconServices
0x00000000047f8000 	/System/Library/PrivateFrameworks/ChunkingLibrary.framework/Versions/A/ChunkingLibrary
0x00000000047f8000 	/System/Library/PrivateFrameworks/Apple80211.framework/Versions/A/Apple80211
0x00000000047f8000 	/System/Library/Frameworks/CoreWLAN.framework/Versions/A/CoreWLAN
0x00000000047f8000 	/System/Library/Frameworks/IOBluetooth.framework/Versions/A/IOBluetooth
0x00000000047f8000 	/System/Library/PrivateFrameworks/CoreWiFi.framework/Versions/A/CoreWiFi
0x00000000047f8000 	/System/Library/Frameworks/CoreBluetooth.framework/Versions/A/CoreBluetooth
0x00000000047f8000 	/System/Library/PrivateFrameworks/DebugSymbols.framework/Versions/A/DebugSymbols
0x00000000047f8000 	/System/Library/PrivateFrameworks/CoreSymbolication.framework/Versions/A/CoreSymbolication
0x00000000047f8000 	/System/Library/PrivateFrameworks/Symbolication.framework/Versions/A/Symbolication
0x00000000047f8000 	/System/Library/PrivateFrameworks/SpeechRecognitionCore.framework/Versions/A/SpeechRecognitionCore
0x000000010f2d7000 	/Library/Java/JavaVirtualMachines/jdk1.8.0_65.jdk/Contents/Home/jre/lib/server/libjvm.dylib
0x00000000047f8000 	/usr/lib/libstdc++.6.dylib
0x0000000110363000 	/Library/Java/JavaVirtualMachines/jdk1.8.0_65.jdk/Contents/Home/jre/lib/libverify.dylib
0x0000000110371000 	/Library/Java/JavaVirtualMachines/jdk1.8.0_65.jdk/Contents/Home/jre/lib/libjava.dylib
0x00000001103c7000 	/Library/Java/JavaVirtualMachines/jdk1.8.0_65.jdk/Contents/Home/jre/lib/libzip.dylib
0x0000000126c4f000 	/System/Library/Frameworks/JavaVM.framework/Frameworks/JavaRuntimeSupport.framework/JavaRuntimeSupport
0x0000000126c65000 	/System/Library/Frameworks/JavaVM.framework/Versions/A/Frameworks/JavaNativeFoundation.framework/Versions/A/JavaNativeFoundation
0x0000000126c79000 	/System/Library/Frameworks/JavaVM.framework/Versions/A/JavaVM
0x00000000047f8000 	/System/Library/Frameworks/Carbon.framework/Versions/A/Carbon
0x0000000126c85000 	/System/Library/PrivateFrameworks/JavaLaunching.framework/Versions/A/JavaLaunching
0x00000000047f8000 	/System/Library/Frameworks/Carbon.framework/Versions/A/Frameworks/CommonPanels.framework/Versions/A/CommonPanels
0x00000000047f8000 	/System/Library/Frameworks/Carbon.framework/Versions/A/Frameworks/Help.framework/Versions/A/Help
0x00000000047f8000 	/System/Library/Frameworks/Carbon.framework/Versions/A/Frameworks/ImageCapture.framework/Versions/A/ImageCapture
0x00000000047f8000 	/System/Library/Frameworks/Carbon.framework/Versions/A/Frameworks/OpenScripting.framework/Versions/A/OpenScripting
0x00000000047f8000 	/System/Library/Frameworks/Carbon.framework/Versions/A/Frameworks/Print.framework/Versions/A/Print
0x00000000047f8000 	/System/Library/Frameworks/Carbon.framework/Versions/A/Frameworks/SecurityHI.framework/Versions/A/SecurityHI
0x0000000128af7000 	/Library/Java/JavaVirtualMachines/jdk1.8.0_65.jdk/Contents/Home/jre/lib/libawt.dylib
0x0000000128b9f000 	/Library/Java/JavaVirtualMachines/jdk1.8.0_65.jdk/Contents/Home/jre/lib/./libmlib_image.dylib
0x0000000128c6b000 	/Library/Java/JavaVirtualMachines/jdk1.8.0_65.jdk/Contents/Home/jre/lib/libawt_lwawt.dylib
0x0000000128d20000 	/Library/Java/JavaVirtualMachines/jdk1.8.0_65.jdk/Contents/Home/jre/lib/./libosxapp.dylib
0x00000000047f8000 	/System/Library/Frameworks/ExceptionHandling.framework/Versions/A/ExceptionHandling
0x00000000047f8000 	/System/Library/PrivateFrameworks/CoreServicesInternal.framework/Versions/A/CoreServicesInternal
0x00000000047f8000 	/System/Library/PrivateFrameworks/CloudDocs.framework/Versions/A/CloudDocs
0x00000000047f8000 	/System/Library/PrivateFrameworks/CoreDuet.framework/Versions/A/CoreDuet
0x00000000047f8000 	/System/Library/Frameworks/CloudKit.framework/Versions/A/CloudKit
0x00000000047f8000 	/System/Library/PrivateFrameworks/ProtocolBuffer.framework/Versions/A/ProtocolBuffer
0x00000000047f8000 	/System/Library/PrivateFrameworks/CoreDuetDaemonProtocol.framework/Versions/A/CoreDuetDaemonProtocol
0x00000000047f8000 	/System/Library/PrivateFrameworks/CoreDuetDebugLogging.framework/Versions/A/CoreDuetDebugLogging
0x00000000047f8000 	/System/Library/PrivateFrameworks/MMCS.framework/Versions/A/MMCS
0x00000000047f8000 	/System/Library/Frameworks/CoreLocation.framework/Versions/A/CoreLocation
0x00000000047f8000 	/System/Library/PrivateFrameworks/ProtectedCloudStorage.framework/Versions/A/ProtectedCloudStorage
0x00000000047f8000 	/System/Library/PrivateFrameworks/GeoServices.framework/Versions/A/GeoServices
0x00000000047f8000 	/System/Library/Frameworks/CoreGraphics.framework/Versions/A/Resources/libCGCMS.A.dylib
0x00000000047f8000 	/System/Library/Frameworks/CoreGraphics.framework/Versions/A/Resources/libRIP.A.dylib
0x00000000047f8000 	/System/Library/Frameworks/CoreGraphics.framework/Versions/A/Resources/libCGXType.A.dylib
0x00000000047f8000 	/System/Library/Frameworks/OpenCL.framework/Versions/A/Libraries/libcldcpuengine.dylib
0x00000000047f8000 	/System/Library/PrivateFrameworks/DiskImages.framework/Versions/A/DiskImages
0x00000000047f8000 	/System/Library/Frameworks/DiscRecording.framework/Versions/A/DiscRecording
0x00000000047f8000 	/usr/lib/libcsfde.dylib
0x00000000047f8000 	/usr/lib/libcurl.4.dylib
0x00000000047f8000 	/System/Library/PrivateFrameworks/MediaKit.framework/Versions/A/MediaKit
0x00000000047f8000 	/usr/lib/libCoreStorage.dylib
0x00000000047f8000 	/System/Library/PrivateFrameworks/EFILogin.framework/Versions/A/EFILogin
0x00000000047f8000 	/usr/lib/libutil.dylib
0x00000000047f8000 	/System/Library/PrivateFrameworks/FindMyDevice.framework/Versions/A/FindMyDevice
0x00000000047f8000 	/System/Library/Frameworks/LDAP.framework/Versions/A/LDAP
0x00000000047f8000 	/usr/lib/libsasl2.2.dylib
0x00000000047f8000 	/System/Library/PrivateFrameworks/CoreDaemon.framework/Versions/B/CoreDaemon
0x00000000047f8000 	/usr/lib/libcrypto.0.9.8.dylib
0x00000000047f8000 	/System/Library/PrivateFrameworks/AppleSRP.framework/Versions/A/AppleSRP
0x00000000047f8000 	/System/Library/PrivateFrameworks/TrustEvaluationAgent.framework/Versions/A/TrustEvaluationAgent
0x000000012913e000 	cl_kernels
0x000000012bfeb000 	/System/Library/Frameworks/OpenCL.framework/Versions/A/Libraries/ImageFormats/unorm8_bgra.dylib
0x0000000129130000 	cl_kernels
0x00000000047f8000 	/System/Library/PrivateFrameworks/FamilyControls.framework/Versions/A/FamilyControls
0x00000000047f8000 	/System/Library/PrivateFrameworks/CommerceKit.framework/Versions/A/Frameworks/CommerceCore.framework/Versions/A/CommerceCore
0x00000000047f8000 	/System/Library/PrivateFrameworks/SystemAdministration.framework/Versions/A/SystemAdministration
0x00000000047f8000 	/System/Library/PrivateFrameworks/AppContainer.framework/Versions/A/AppContainer
0x00000000047f8000 	/System/Library/PrivateFrameworks/SecCodeWrapper.framework/Versions/A/SecCodeWrapper
0x00000000047f8000 	/System/Library/Frameworks/DirectoryService.framework/Versions/A/DirectoryService
0x00000000047f8000 	/System/Library/PrivateFrameworks/LoginUIKit.framework/Versions/A/Frameworks/LoginUICore.framework/Versions/A/LoginUICore
0x00000000047f8000 	/usr/lib/libodfde.dylib
0x00000000047f8000 	/System/Library/Frameworks/OpenGL.framework/Versions/A/Resources/GLEngine.bundle/GLEngine
0x00000000047f8000 	/System/Library/Frameworks/OpenGL.framework/Versions/A/Libraries/libGLProgrammability.dylib
0x000000012d395000 	/System/Library/Extensions/AppleIntelBDWGraphicsGLDriver.bundle/Contents/MacOS/AppleIntelBDWGraphicsGLDriver
0x00000000047f8000 	/System/Library/PrivateFrameworks/IOAccelerator.framework/Versions/A/IOAccelerator
0x00000000047f8000 	/System/Library/PrivateFrameworks/GPUSupport.framework/Versions/A/Libraries/libGPUSupportMercury.dylib
0x00000000047f8000 	/System/Library/Frameworks/OpenGL.framework/Versions/A/Resources/GLRendererFloat.bundle/GLRendererFloat
0x000000012e3aa000 	/Library/Java/JavaVirtualMachines/jdk1.8.0_65.jdk/Contents/Home/jre/lib/libfontmanager.dylib
0x000000012f59e000 	/Library/Java/JavaVirtualMachines/jdk1.8.0_65.jdk/Contents/Home/jre/lib/libosxui.dylib
0x000000012f89b000 	/Library/Java/JavaVirtualMachines/jdk1.8.0_65.jdk/Contents/Home/jre/lib/libnet.dylib
0x000000012f5dd000 	/Library/Java/JavaVirtualMachines/jdk1.8.0_65.jdk/Contents/Home/jre/lib/libnio.dylib
0x00000000047f8000 	/System/Library/Frameworks/ApplicationServices.framework/Versions/A/Frameworks/ATS.framework/Versions/A/Resources/libTrueTypeScaler.dylib
0x000000017b0a4000 	/private/var/folders/z_/6m0rqdfj6q5b2xv6frylmxs00000gn/T/jogamp_0000/file_cache/jln4952143517936291333/jln1116009156036229416/libgluegen-rt.jnilib
0x000000017afa1000 	/private/var/folders/z_/6m0rqdfj6q5b2xv6frylmxs00000gn/T/jogamp_0000/file_cache/jln4952143517936291333/jln1116009156036229416/libnativewindow_awt.jnilib
0x000000017afa4000 	/Library/Java/JavaVirtualMachines/jdk1.8.0_65.jdk/Contents/Home/jre/lib/libjawt.dylib
0x000000017afa7000 	/private/var/folders/z_/6m0rqdfj6q5b2xv6frylmxs00000gn/T/jogamp_0000/file_cache/jln4952143517936291333/jln1116009156036229416/libnativewindow_macosx.jnilib
0x000000017b402000 	/private/var/folders/z_/6m0rqdfj6q5b2xv6frylmxs00000gn/T/jogamp_0000/file_cache/jln4952143517936291333/jln1116009156036229416/libjogl_desktop.jnilib
0x000000018107d000 	/Library/Java/JavaVirtualMachines/jdk1.8.0_65.jdk/Contents/Home/jre/lib/libt2k.dylib

VM Arguments:
jvm_args: -Djava.security.policy=java.policy.applet -Dfile.encoding=UTF-8 
java_command: sun.applet.AppletViewer module6.EarthquakeCityMap1471827708522.html
java_class_path (initial): /Users/moncreiffe1991/Downloads/UCSDUnfoldingMaps/build:/Users/moncreiffe1991/Downloads/UCSDUnfoldingMaps/lib/core.jar:/Users/moncreiffe1991/Downloads/UCSDUnfoldingMaps/lib/gluegen-rt.jar:/Users/moncreiffe1991/Downloads/UCSDUnfoldingMaps/lib/jogl-all.jar:/Users/moncreiffe1991/Downloads/UCSDUnfoldingMaps/lib/log4j-1.2.15.jar:/Users/moncreiffe1991/Downloads/UCSDUnfoldingMaps/lib/sqlite-jdbc-3.7.2.jar:/Users/moncreiffe1991/Downloads/UCSDUnfoldingMaps/lib/json4processing.jar:/Users/moncreiffe1991/Downloads/UCSDUnfoldingMaps/lib/libTUIO.jar:/Users/moncreiffe1991/Downloads/UCSDUnfoldingMaps/lib/unfolding.0.9.7-uscd.jar
Launcher Type: SUN_STANDARD

Environment Variables:
PATH=/usr/bin:/bin:/usr/sbin:/sbin
SHELL=/bin/bash

Signal Handlers:
SIGSEGV: [libjvm.dylib+0x5a6d31], sa_mask[0]=11111111011111110111111111111111, sa_flags=SA_ONSTACK|SA_RESTART|SA_SIGINFO
SIGBUS: [libjvm.dylib+0x5a6d31], sa_mask[0]=11111111011111110111111111111111, sa_flags=SA_RESTART|SA_SIGINFO
SIGFPE: [libjvm.dylib+0x480a40], sa_mask[0]=11111111011111110111111111111111, sa_flags=SA_RESTART|SA_SIGINFO
SIGPIPE: [libjvm.dylib+0x480a40], sa_mask[0]=11111111011111110111111111111111, sa_flags=SA_RESTART|SA_SIGINFO
SIGXFSZ: [libjvm.dylib+0x480a40], sa_mask[0]=11111111011111110111111111111111, sa_flags=SA_RESTART|SA_SIGINFO
SIGILL: [libjvm.dylib+0x480a40], sa_mask[0]=11111111011111110111111111111111, sa_flags=SA_RESTART|SA_SIGINFO
SIGUSR1: SIG_DFL, sa_mask[0]=00000000000000000000000000000000, sa_flags=none
SIGUSR2: [libjvm.dylib+0x48055e], sa_mask[0]=00100000000000000000000000000000, sa_flags=SA_RESTART|SA_SIGINFO
SIGHUP: [libjvm.dylib+0x47eb35], sa_mask[0]=11111111011111110111111111111111, sa_flags=SA_RESTART|SA_SIGINFO
SIGINT: [libjvm.dylib+0x47eb35], sa_mask[0]=11111111011111110111111111111111, sa_flags=SA_RESTART|SA_SIGINFO
SIGTERM: [libjvm.dylib+0x47eb35], sa_mask[0]=11111111011111110111111111111111, sa_flags=SA_RESTART|SA_SIGINFO
SIGQUIT: [libjvm.dylib+0x47eb35], sa_mask[0]=11111111011111110111111111111111, sa_flags=SA_RESTART|SA_SIGINFO


---------------  S Y S T E M  ---------------

OS:Bsduname:Darwin 14.5.0 Darwin Kernel Version 14.5.0: Wed Jul 29 02:26:53 PDT 2015; root:xnu-2782.40.9~1/RELEASE_X86_64 x86_64
rlimit: STACK 8192k, CORE 0k, NPROC 709, NOFILE 10240, AS infinity
load average:3.42 2.43 1.88

CPU:total 4 (2 cores per cpu, 2 threads per core) family 6 model 61 stepping 4, cmov, cx8, fxsr, mmx, sse, sse2, sse3, ssse3, sse4.1, sse4.2, popcnt, avx, avx2, aes, clmul, erms, 3dnowpref, lzcnt, ht, tsc, tscinvbit, bmi1, bmi2, adx

Memory: 4k page, physical 8388608k(2048672k free)

/proc/meminfo:


vm_info: Java HotSpot(TM) 64-Bit Server VM (25.65-b01) for bsd-amd64 JRE (1.8.0_65-b17), built on Oct  6 2015 15:36:46 by "java_re" with gcc 4.2.1 (Based on Apple Inc. build 5658) (LLVM build 2336.11.00)

time: Sun Aug 21 21:02:03 2016
elapsed time: 14 seconds (0d 0h 0m 14s)

